All file names are correct
Dataset correct loop
Number of samples is 446
Loss: 0.9742884510301154. Dice score in the validation set (synthetic): 0.6744073040877716. (real eval): 0.3126037120819092. Time per epoch: 16.450964506467184 minutes
Loss: 0.6699682838980927. Dice score in the validation set (synthetic): 0.83856642548042. (real eval): 0.3196869194507599. Time per epoch: 16.379145312309266 minutes
Loss: 0.6087945326828635. Dice score in the validation set (synthetic): 0.8253389287598526. (real eval): 0.2756168742974599. Time per epoch: 16.332015252113344 minutes
Loss: 0.5901913455115305. Dice score in the validation set (synthetic): 0.8557342562494399. (real eval): 0.2834508816401164. Time per epoch: 16.447627464930218 minutes
Loss: 0.5824920930001768. Dice score in the validation set (synthetic): 0.8637682124029232. (real eval): 0.2913971245288849. Time per epoch: 16.33154007991155 minutes
Loss: 0.5756046954425461. Dice score in the validation set (synthetic): 0.8729259062416946. (real eval): 0.288303663333257. Time per epoch: 16.375347447395324 minutes
Loss: 0.5735565614406304. Dice score in the validation set (synthetic): 0.8772794709929937. (real eval): 0.3370057940483093. Time per epoch: 16.417999855677287 minutes
Loss: 0.5631198808884942. Dice score in the validation set (synthetic): 0.8822457307501684. (real eval): 0.32103773951530457. Time per epoch: 16.40156194368998 minutes
Loss: 0.5588070336612351. Dice score in the validation set (synthetic): 0.8802395991132229. (real eval): 0.33278581500053406. Time per epoch: 16.371140432357787 minutes
Loss: 0.5635052427582676. Dice score in the validation set (synthetic): 0.8897563603859914. (real eval): 0.3129457135995229. Time per epoch: 16.411408710479737 minutes
Loss: 0.5604507939163345. Dice score in the validation set (synthetic): 0.9046363151526149. (real eval): 0.328771710395813. Time per epoch: 16.445066046714782 minutes
Loss: 0.5547115030978292. Dice score in the validation set (synthetic): 0.8842835599863077. (real eval): 0.3097299138704936. Time per epoch: 16.31653951406479 minutes
Loss: 0.5611754375856554. Dice score in the validation set (synthetic): 0.8630651514741439. (real eval): 0.30119000871976215. Time per epoch: 16.46826740503311 minutes
Loss: 0.5585365897470526. Dice score in the validation set (synthetic): 0.856521876552437. (real eval): 0.35546907782554626. Time per epoch: 16.350356352329253 minutes
Loss: 0.556584767161998. Dice score in the validation set (synthetic): 0.84785804341111. (real eval): 0.297072966893514. Time per epoch: 16.35663573741913 minutes
Loss: 0.5518431639457497. Dice score in the validation set (synthetic): 0.8948347213902051. (real eval): 0.30681289235750836. Time per epoch: 16.316299116611482 minutes
Loss: 0.5528444820188086. Dice score in the validation set (synthetic): 0.8889943889424771. (real eval): 0.35024791955947876. Time per epoch: 16.299263314406076 minutes
Loss: 0.5515497466507514. Dice score in the validation set (synthetic): 0.8962309866011897. (real eval): 0.2985187868277232. Time per epoch: 16.326905941963197 minutes
Loss: 0.5577265985744416. Dice score in the validation set (synthetic): 0.903907913195936. (real eval): 0.3277355134487152. Time per epoch: 16.37756202618281 minutes
Loss: 0.551501446641614. Dice score in the validation set (synthetic): 0.9057929734640484. (real eval): 0.2859078546365102. Time per epoch: 16.39185033241908 minutes
Loss: 0.5530486399550074. Dice score in the validation set (synthetic): 0.8708880853049362. (real eval): 0.45314809679985046. Time per epoch: 16.377756484349568 minutes
Loss: 0.5512983302498078. Dice score in the validation set (synthetic): 0.8945737020878852. (real eval): 0.343340128660202. Time per epoch: 16.33322173754374 minutes
Loss: 0.5540353544891683. Dice score in the validation set (synthetic): 0.8991934838174265. (real eval): 0.3531067371368408. Time per epoch: 16.396338593959808 minutes
Loss: 0.5497476017528585. Dice score in the validation set (synthetic): 0.8791959602621537. (real eval): 0.31060314178466797. Time per epoch: 16.395363414287566 minutes
Loss: 0.5528754697519568. Dice score in the validation set (synthetic): 0.8834331088428256. (real eval): 0.400764137506485. Time per epoch: 16.359469258785246 minutes
Loss: 0.5507649341639916. Dice score in the validation set (synthetic): 0.9038195859027814. (real eval): 0.4177454511324565. Time per epoch: 16.353930234909058 minutes
Loss: 0.5518483268305859. Dice score in the validation set (synthetic): 0.8820892662941655. (real eval): 0.3283676306406657. Time per epoch: 16.42029813528061 minutes
Loss: 0.5486307011858764. Dice score in the validation set (synthetic): 0.8636648043801513. (real eval): 0.34100957711537677. Time per epoch: 16.333595105012257 minutes
Loss: 0.5474066785766405. Dice score in the validation set (synthetic): 0.9019590744489356. (real eval): 0.3057488600413005. Time per epoch: 16.483245237668356 minutes
Loss: 0.5471534416279985. Dice score in the validation set (synthetic): 0.9179519558254676. (real eval): 0.2941328088442485. Time per epoch: 16.37034237384796 minutes
Loss: 0.547373621787191. Dice score in the validation set (synthetic): 0.9073241617106185. (real eval): 0.31599727272987366. Time per epoch: 16.316521430015563 minutes
Loss: 0.5466441913704166. Dice score in the validation set (synthetic): 0.9025551759743993. (real eval): 0.3198088804880778. Time per epoch: 16.327331749598184 minutes
Loss: 0.5540319298949477. Dice score in the validation set (synthetic): 0.9076791269869744. (real eval): 0.4230019648869832. Time per epoch: 16.313705130418143 minutes
Loss: 0.5474367275366334. Dice score in the validation set (synthetic): 0.9269988091686104. (real eval): 0.35112685958544415. Time per epoch: 16.360443556308745 minutes
Loss: 0.5538763137943542. Dice score in the validation set (synthetic): 0.9129946201662474. (real eval): 0.3544672230879466. Time per epoch: 16.398111355304717 minutes
Loss: 0.5470084308107872. Dice score in the validation set (synthetic): 0.9159639953057978. (real eval): 0.29503946503003436. Time per epoch: 16.435128033161163 minutes
Loss: 0.5470750492918117. Dice score in the validation set (synthetic): 0.9211524611786951. (real eval): 0.30450770258903503. Time per epoch: 16.399005448818208 minutes
Loss: 0.5464423501972661. Dice score in the validation set (synthetic): 0.908165541630757. (real eval): 0.3395933508872986. Time per epoch: 16.350333873430888 minutes
Loss: 0.5485017591661402. Dice score in the validation set (synthetic): 0.9200040871583963. (real eval): 0.3251134753227234. Time per epoch: 16.33832331498464 minutes
Loss: 0.5475172258145071. Dice score in the validation set (synthetic): 0.919923826863494. (real eval): 0.3225013216336568. Time per epoch: 16.338508335749307 minutes
Loss: 0.5446670309978751. Dice score in the validation set (synthetic): 0.9315326319465155. (real eval): 0.3221033811569214. Time per epoch: 16.327035888036093 minutes
Loss: 0.5451428012195724. Dice score in the validation set (synthetic): 0.9282310152355628. (real eval): 0.31969862182935077. Time per epoch: 16.340132919947305 minutes
Loss: 0.5448122632610424. Dice score in the validation set (synthetic): 0.933286471457421. (real eval): 0.31184014678001404. Time per epoch: 16.31453719933828 minutes
Loss: 0.5500299511602641. Dice score in the validation set (synthetic): 0.9339849601818037. (real eval): 0.4013478954633077. Time per epoch: 16.335356044769288 minutes
Loss: 0.5438090759943419. Dice score in the validation set (synthetic): 0.9213328897198544. (real eval): 0.3132574260234833. Time per epoch: 16.377270833651224 minutes
Loss: 0.5454805421855952. Dice score in the validation set (synthetic): 0.9082509233981748. (real eval): 0.30067233244578045. Time per epoch: 16.355380646387736 minutes
Loss: 0.5527579992875925. Dice score in the validation set (synthetic): 0.9277429988112631. (real eval): 0.3293498357137044. Time per epoch: 16.35849871635437 minutes
Loss: 0.5441264927119952. Dice score in the validation set (synthetic): 0.9269641841514201. (real eval): 0.34390145540237427. Time per epoch: 16.343032399813335 minutes
Loss: 0.5439630777579252. Dice score in the validation set (synthetic): 0.9295896495444865. (real eval): 0.36346925298372906. Time per epoch: 16.477031473318736 minutes
Loss: 0.5440714412740528. Dice score in the validation set (synthetic): 0.9273019576374488. (real eval): 0.4043516417344411. Time per epoch: 16.62077294588089 minutes
Loss: 0.5458313965743967. Dice score in the validation set (synthetic): 0.9334794041476672. (real eval): 0.4066520829995473. Time per epoch: 16.388101363182066 minutes
Loss: 0.5431318022477787. Dice score in the validation set (synthetic): 0.926937378660033. (real eval): 0.34802452723185223. Time per epoch: 16.31822455326716 minutes
Loss: 0.5439080231793793. Dice score in the validation set (synthetic): 0.911264479914798. (real eval): 0.338476558526357. Time per epoch: 16.33321421543757 minutes
Loss: 0.5435975216028401. Dice score in the validation set (synthetic): 0.9349755033662047. (real eval): 0.35936327775319415. Time per epoch: 16.349268611272176 minutes
Loss: 0.5530393873362264. Dice score in the validation set (synthetic): 0.934583509270149. (real eval): 0.3576444884141286. Time per epoch: 16.371698264280955 minutes
Loss: 0.5444972354734959. Dice score in the validation set (synthetic): 0.9346123232117182. (real eval): 0.3312083085378011. Time per epoch: 16.315641029675803 minutes
Loss: 0.545366499456055. Dice score in the validation set (synthetic): 0.9398983301995676. (real eval): 0.32213855783144635. Time per epoch: 16.31408439874649 minutes
Loss: 0.544634127897532. Dice score in the validation set (synthetic): 0.9202263347710236. (real eval): 0.3245637019475301. Time per epoch: 16.30494069258372 minutes
Loss: 0.5433843167239775. Dice score in the validation set (synthetic): 0.9346809462655948. (real eval): 0.31973957022031146. Time per epoch: 16.36471652587255 minutes
Loss: 0.5430939745475358. Dice score in the validation set (synthetic): 0.9375734389582767. (real eval): 0.3216054042180379. Time per epoch: 16.36029043594996 minutes
Loss: 0.5429877310724002. Dice score in the validation set (synthetic): 0.9363619134395937. (real eval): 0.3386673430601756. Time per epoch: 16.554217263062796 minutes
Loss: 0.5442193575504115. Dice score in the validation set (synthetic): 0.9449441546126257. (real eval): 0.32570598522822064. Time per epoch: 16.33680398861567 minutes
Loss: 0.5432574099489391. Dice score in the validation set (synthetic): 0.9469993982133986. (real eval): 0.3366534113883972. Time per epoch: 16.438523666063944 minutes
Loss: 0.5424873599690707. Dice score in the validation set (synthetic): 0.9436328320563594. (real eval): 0.3384353121121724. Time per epoch: 16.31204390923182 minutes
Loss: 0.5434505451019569. Dice score in the validation set (synthetic): 0.9399912213977379. (real eval): 0.3529157141844432. Time per epoch: 16.351795423030854 minutes
Loss: 0.5436329814217016. Dice score in the validation set (synthetic): 0.94103351424012. (real eval): 0.40031808614730835. Time per epoch: 16.466730539004008 minutes
Loss: 0.5447129751534739. Dice score in the validation set (synthetic): 0.9366250596468961. (real eval): 0.3599634071191152. Time per epoch: 16.411293848355612 minutes
Loss: 0.5436750739946493. Dice score in the validation set (synthetic): 0.9376902384094045. (real eval): 0.39523812135060626. Time per epoch: 16.43770711819331 minutes
Loss: 0.5425129300943939. Dice score in the validation set (synthetic): 0.9440653082690661. (real eval): 0.3609498143196106. Time per epoch: 16.439532387256623 minutes
Loss: 0.5465094378309934. Dice score in the validation set (synthetic): 0.9208737491052362. (real eval): 0.3577302098274231. Time per epoch: 16.398885571956633 minutes
Loss: 0.5428872714529123. Dice score in the validation set (synthetic): 0.9405883678907081. (real eval): 0.3573568860689799. Time per epoch: 16.38255087931951 minutes
Loss: 0.5422582009581707. Dice score in the validation set (synthetic): 0.9416880977304676. (real eval): 0.3551318645477295. Time per epoch: 16.48452591498693 minutes
Loss: 0.5421074803233681. Dice score in the validation set (synthetic): 0.9392967759808407. (real eval): 0.3395848174889882. Time per epoch: 16.348327302932738 minutes
Loss: 0.5427009248145492. Dice score in the validation set (synthetic): 0.9424166090880768. (real eval): 0.39029661814371747. Time per epoch: 16.331129117806753 minutes
Loss: 0.5456697343443542. Dice score in the validation set (synthetic): 0.9244345004045511. (real eval): 0.36730339129765827. Time per epoch: 16.359130040804544 minutes
Loss: 0.5428536023126055. Dice score in the validation set (synthetic): 0.9330791793292081. (real eval): 0.3821234305699666. Time per epoch: 16.342968328793845 minutes
Loss: 0.5411002541069493. Dice score in the validation set (synthetic): 0.9422515012040923. (real eval): 0.3822357654571533. Time per epoch: 16.329963421821596 minutes
Loss: 0.5413872600938172. Dice score in the validation set (synthetic): 0.947427316557003. (real eval): 0.37409019470214844. Time per epoch: 16.578638998667397 minutes
Loss: 0.5418438322073675. Dice score in the validation set (synthetic): 0.945412550545946. (real eval): 0.3508746822675069. Time per epoch: 16.41818387111028 minutes
Loss: 0.5423005922893772. Dice score in the validation set (synthetic): 0.948532864262786. (real eval): 0.34229185183842975. Time per epoch: 16.51534442106883 minutes
Loss: 0.5471239443450765. Dice score in the validation set (synthetic): 0.9172132249119915. (real eval): 0.40224940578142804. Time per epoch: 16.392114019393922 minutes
Loss: 0.5438153228551283. Dice score in the validation set (synthetic): 0.9338846742352352. (real eval): 0.4323488076527913. Time per epoch: 16.393005847930908 minutes
Loss: 0.5417973796749329. Dice score in the validation set (synthetic): 0.940798931483981. (real eval): 0.3886602322260539. Time per epoch: 16.437160591284435 minutes
Loss: 0.5422767020528092. Dice score in the validation set (synthetic): 0.9319133773634706. (real eval): 0.4350484212239583. Time per epoch: 16.34534285068512 minutes
Loss: 0.544964649284367. Dice score in the validation set (synthetic): 0.9243176473846918. (real eval): 0.4218130310376485. Time per epoch: 16.39242517153422 minutes
Loss: 0.541228202025452. Dice score in the validation set (synthetic): 0.939535786079455. (real eval): 0.4293333689371745. Time per epoch: 16.543112377325695 minutes
Loss: 0.5415936725155654. Dice score in the validation set (synthetic): 0.9459350267543069. (real eval): 0.4209839999675751. Time per epoch: 16.558034491539 minutes
Loss: 0.540393692495577. Dice score in the validation set (synthetic): 0.9408208395861373. (real eval): 0.4839414656162262. Time per epoch: 16.399731584390004 minutes
Loss: 0.5410433045417204. Dice score in the validation set (synthetic): 0.9339267988748188. (real eval): 0.41056278347969055. Time per epoch: 16.305382537841798 minutes
Loss: 0.5419557035771186. Dice score in the validation set (synthetic): 0.8868940774398514. (real eval): 0.4289727807044983. Time per epoch: 16.43202317158381 minutes
Loss: 0.5446855716507532. Dice score in the validation set (synthetic): 0.9475350877906703. (real eval): 0.4587589104970296. Time per epoch: 16.333646941185 minutes
Loss: 0.5411307170920308. Dice score in the validation set (synthetic): 0.9455977240695229. (real eval): 0.48996026317278546. Time per epoch: 16.33081570863724 minutes
Loss: 0.5400862002185642. Dice score in the validation set (synthetic): 0.9480737500552889. (real eval): 0.49294109145800274. Time per epoch: 16.29458210070928 minutes
Loss: 0.5410417336385881. Dice score in the validation set (synthetic): 0.9504510586774801. (real eval): 0.42660613854726154. Time per epoch: 16.504359873135886 minutes
Loss: 0.5402323245467626. Dice score in the validation set (synthetic): 0.9459322992759415. (real eval): 0.45857857664426166. Time per epoch: 16.348896491527558 minutes
Loss: 0.5426831790684584. Dice score in the validation set (synthetic): 0.9332460119754453. (real eval): 0.4726749261220296. Time per epoch: 16.424931780497232 minutes
Loss: 0.5443480323515666. Dice score in the validation set (synthetic): 0.8599700867375241. (real eval): 0.4023144046465556. Time per epoch: 16.368831578890482 minutes
Loss: 0.5456844736642367. Dice score in the validation set (synthetic): 0.9494842713392233. (real eval): 0.35285675525665283. Time per epoch: 16.37776660124461 minutes
Loss: 0.5407533372998772. Dice score in the validation set (synthetic): 0.9496946508371378. (real eval): 0.3937987784544627. Time per epoch: 16.30971395969391 minutes
/scratch/itee/uqasha24/synthetic-generalisation/method:synthseg/SegMRI/utils/plotting.py:19: RuntimeWarning: More than 20 figures have been opened. Figures created through the pyplot interface (`matplotlib.pyplot.figure`) are retained until explicitly closed and may consume too much memory. (To control this warning, see the rcParam `figure.max_open_warning`). Consider using `matplotlib.pyplot.close()`.
  fig = plt.figure(figsize=(30, 5))
Loss: 0.5409804326001839. Dice score in the validation set (synthetic): 0.9479605638528172. (real eval): 0.4024250606695811. Time per epoch: 16.371055400371553 minutes
Loss: 0.5414857076556159. Dice score in the validation set (synthetic): 0.9527416146254237. (real eval): 0.4315188030401866. Time per epoch: 16.332569468021394 minutes
Loss: 0.5399028732370368. Dice score in the validation set (synthetic): 0.949192667309242. (real eval): 0.4469769597053528. Time per epoch: 16.319753094514212 minutes
Loss: 0.5407173292786551. Dice score in the validation set (synthetic): 0.9516173465342461. (real eval): 0.45768704017003375. Time per epoch: 16.374803614616393 minutes
Loss: 0.5395293289904103. Dice score in the validation set (synthetic): 0.9487654446046564. (real eval): 0.43007036050160724. Time per epoch: 16.34278213183085 minutes
Loss: 0.5422667848956959. Dice score in the validation set (synthetic): 0.9368795050850397. (real eval): 0.4964720904827118. Time per epoch: 16.41765369574229 minutes
Loss: 0.5432603774851213. Dice score in the validation set (synthetic): 0.9439330304725261. (real eval): 0.4331214527289073. Time per epoch: 16.429372104008994 minutes
Loss: 0.5419578347104548. Dice score in the validation set (synthetic): 0.9410161013844647. (real eval): 0.4321913917859395. Time per epoch: 16.570221082369486 minutes
Loss: 0.5408241301774979. Dice score in the validation set (synthetic): 0.9500607289845431. (real eval): 0.46291583776474. Time per epoch: 16.353168928623198 minutes
Loss: 0.5427838089487478. Dice score in the validation set (synthetic): 0.9467577790912194. (real eval): 0.4330513079961141. Time per epoch: 16.423687148094178 minutes
Loss: 0.5406888310417466. Dice score in the validation set (synthetic): 0.949712128578862. (real eval): 0.4689054489135742. Time per epoch: 16.347613060474394 minutes
Loss: 0.5407064680026785. Dice score in the validation set (synthetic): 0.9513960405241085. (real eval): 0.4404451251029968. Time per epoch: 16.331955790519714 minutes
Loss: 0.5408629619353555. Dice score in the validation set (synthetic): 0.9388897200173969. (real eval): 0.4007960955301921. Time per epoch: 16.36175613005956 minutes
Loss: 0.5403075797541794. Dice score in the validation set (synthetic): 0.9512321609484998. (real eval): 0.4452322721481323. Time per epoch: 16.346319166819253 minutes
Loss: 0.5388060945165531. Dice score in the validation set (synthetic): 0.9471732725071002. (real eval): 0.4812272985776265. Time per epoch: 16.34979316393534 minutes
Loss: 0.5405330116037831. Dice score in the validation set (synthetic): 0.9465466767926759. (real eval): 0.46738316615422565. Time per epoch: 16.379849032560983 minutes
Loss: 0.5420553460383094. Dice score in the validation set (synthetic): 0.9309513500974148. (real eval): 0.4224461615085602. Time per epoch: 16.396039907137553 minutes
Loss: 0.5411046025063425. Dice score in the validation set (synthetic): 0.9435468165180351. (real eval): 0.400851051012675. Time per epoch: 16.348251684506735 minutes
Loss: 0.5446799158248131. Dice score in the validation set (synthetic): 0.948205625709099. (real eval): 0.41620073715845746. Time per epoch: 16.33181547721227 minutes
Loss: 0.5403932185317368. Dice score in the validation set (synthetic): 0.9483658135691776. (real eval): 0.411816527446111. Time per epoch: 16.315333938598634 minutes
Loss: 0.5397885022810222. Dice score in the validation set (synthetic): 0.9474222094197816. (real eval): 0.4505816400051117. Time per epoch: 16.34292076031367 minutes
Loss: 0.540293681247352. Dice score in the validation set (synthetic): 0.9496917649160458. (real eval): 0.4354890286922455. Time per epoch: 16.559786506493886 minutes
Loss: 0.5399212363455862. Dice score in the validation set (synthetic): 0.9520461257499985. (real eval): 0.42273502548535663. Time per epoch: 16.31229207913081 minutes
Loss: 0.5468108208992022. Dice score in the validation set (synthetic): 0.9277004584481444. (real eval): 0.38283200065294903. Time per epoch: 16.519316911697388 minutes
Loss: 0.5407604171556207. Dice score in the validation set (synthetic): 0.9449245160139059. (real eval): 0.4536156455675761. Time per epoch: 16.538336908817293 minutes
Loss: 0.5402553888046153. Dice score in the validation set (synthetic): 0.9480430891242209. (real eval): 0.4398827354113261. Time per epoch: 16.341757357120514 minutes
Loss: 0.5440898496206565. Dice score in the validation set (synthetic): 0.9401143947734109. (real eval): 0.4698113799095154. Time per epoch: 16.288952898979186 minutes
Loss: 0.5415055317461758. Dice score in the validation set (synthetic): 0.9465232921552055. (real eval): 0.4861749807993571. Time per epoch: 16.29848849773407 minutes
Loss: 0.5401175010097401. Dice score in the validation set (synthetic): 0.9482352876965003. (real eval): 0.46903756260871887. Time per epoch: 16.31394444704056 minutes
Loss: 0.5395118556081446. Dice score in the validation set (synthetic): 0.9417288574991347. (real eval): 0.4604332049687703. Time per epoch: 16.332424926757813 minutes
Loss: 0.5399039836742419. Dice score in the validation set (synthetic): 0.9421984108188485. (real eval): 0.48343928654988605. Time per epoch: 16.46944406827291 minutes
Loss: 0.540220237700394. Dice score in the validation set (synthetic): 0.9452051392084435. (real eval): 0.44149500131607056. Time per epoch: 16.32536583741506 minutes
Loss: 0.5395127685214371. Dice score in the validation set (synthetic): 0.9514501902121532. (real eval): 0.45236968994140625. Time per epoch: 16.325370021661122 minutes
Loss: 0.5404727500383095. Dice score in the validation set (synthetic): 0.9208862864518468. (real eval): 0.39797760049502057. Time per epoch: 16.332852562268574 minutes
Loss: 0.5391778228261546. Dice score in the validation set (synthetic): 0.9471707253516475. (real eval): 0.43895456194877625. Time per epoch: 16.316038036346434 minutes
Loss: 0.5396017353363636. Dice score in the validation set (synthetic): 0.9516482119318805. (real eval): 0.45225100715955097. Time per epoch: 16.362458753585816 minutes
Loss: 0.5396956165275232. Dice score in the validation set (synthetic): 0.9491142766385139. (real eval): 0.46729326248168945. Time per epoch: 16.39769880771637 minutes
Loss: 0.5399168766533847. Dice score in the validation set (synthetic): 0.9458336498163924. (real eval): 0.4625087082386017. Time per epoch: 16.321396585305532 minutes
Loss: 0.5393312030843556. Dice score in the validation set (synthetic): 0.9480908467799802. (real eval): 0.4678013225396474. Time per epoch: 16.52389761606852 minutes
Loss: 0.5395362621064678. Dice score in the validation set (synthetic): 0.9227319797383079. (real eval): 0.5684484442075094. Time per epoch: 16.357532163461048 minutes
Loss: 0.5402309046598828. Dice score in the validation set (synthetic): 0.9505001910125153. (real eval): 0.4752994378407796. Time per epoch: 16.396884604295096 minutes
Loss: 0.5396769739720854. Dice score in the validation set (synthetic): 0.9500350439095799. (real eval): 0.460964560508728. Time per epoch: 16.368021325270334 minutes
Loss: 0.5428003686158647. Dice score in the validation set (synthetic): 0.9421031422252897. (real eval): 0.5027585426966349. Time per epoch: 16.357303047180174 minutes
Loss: 0.5399876183458507. Dice score in the validation set (synthetic): 0.9527097706553302. (real eval): 0.4705759286880493. Time per epoch: 16.34530690908432 minutes
Loss: 0.540261064209211. Dice score in the validation set (synthetic): 0.9522768311862704. (real eval): 0.46203357974688214. Time per epoch: 16.332180992762247 minutes
Loss: 0.5400221713321626. Dice score in the validation set (synthetic): 0.9517016463641879. (real eval): 0.4216006596883138. Time per epoch: 16.347428119182588 minutes
Loss: 0.5406324366951203. Dice score in the validation set (synthetic): 0.9528622529174708. (real eval): 0.3944355050722758. Time per epoch: 16.444733639558155 minutes
Loss: 0.5391856848926287. Dice score in the validation set (synthetic): 0.9538199894035919. (real eval): 0.4181000391642253. Time per epoch: 16.34676678975423 minutes
Loss: 0.5410222682450384. Dice score in the validation set (synthetic): 0.9449090542672556. (real eval): 0.5236504971981049. Time per epoch: 16.295779820283254 minutes
Loss: 0.5391828983086642. Dice score in the validation set (synthetic): 0.9528164131731927. (real eval): 0.46445180972417194. Time per epoch: 16.45722082455953 minutes
Loss: 0.5391671725720033. Dice score in the validation set (synthetic): 0.9532544537435604. (real eval): 0.4602098762989044. Time per epoch: 16.38243534962336 minutes
Loss: 0.5391216522642315. Dice score in the validation set (synthetic): 0.951752712454977. (real eval): 0.4669143855571747. Time per epoch: 16.3370880762736 minutes
Loss: 0.5395320912514032. Dice score in the validation set (synthetic): 0.9490708987924117. (real eval): 0.48636887470881146. Time per epoch: 16.482247920831046 minutes
Loss: 0.5394918498971537. Dice score in the validation set (synthetic): 0.951661428318748. (real eval): 0.4860910375912984. Time per epoch: 16.36423919995626 minutes
Loss: 0.539591844039113. Dice score in the validation set (synthetic): 0.9545144506647617. (real eval): 0.4733544687430064. Time per epoch: 16.50886852343877 minutes
Loss: 0.5390600376332287. Dice score in the validation set (synthetic): 0.9528662849076187. (real eval): 0.4398581385612488. Time per epoch: 16.392103628317514 minutes
Loss: 0.5404594706312957. Dice score in the validation set (synthetic): 0.9519426973560189. (real eval): 0.5611300567785898. Time per epoch: 16.34363438685735 minutes
Loss: 0.5428346756996061. Dice score in the validation set (synthetic): 0.9500899941106385. (real eval): 0.541766752799352. Time per epoch: 16.34912585814794 minutes
Loss: 0.5399723725201303. Dice score in the validation set (synthetic): 0.9543175146549563. (real eval): 0.5163293679555258. Time per epoch: 16.321586704254152 minutes
Loss: 0.5409349912084271. Dice score in the validation set (synthetic): 0.9479192208640183. (real eval): 0.47478748361269635. Time per epoch: 16.348883179823556 minutes
slurmstepd: error: *** JOB 616065 ON gpunode-1-6 CANCELLED AT 2024-02-11T16:32:56 ***
