Loading state dict
loaded model
All file names are correct
Dataset correct loop
Number of samples is 1
Loss: 1.073764443397522. Dice score in the validation set (synthetic): 0.5968583325544993. (real eval): 0.47594960530598956. Time per epoch: 0.24666138887405395 minutes
Loss: 0.8363525867462158. Dice score in the validation set (synthetic): 0.6025804777940115. (real eval): 0.4992786447207133. Time per epoch: 0.19381438493728637 minutes
Loss: 0.7433013916015625. Dice score in the validation set (synthetic): 0.597913016875585. (real eval): 0.5150317351023356. Time per epoch: 0.17603842417399088 minutes
Loss: 0.6831878423690796. Dice score in the validation set (synthetic): 0.6077320575714111. (real eval): 0.5362958014011383. Time per epoch: 0.19528846740722655 minutes
Loss: 0.6466001868247986. Dice score in the validation set (synthetic): 0.6293636858463287. (real eval): 0.5603379805882772. Time per epoch: 0.20730647643407185 minutes
Loss: 0.624701976776123. Dice score in the validation set (synthetic): 0.6611003776391348. (real eval): 0.5777512391408285. Time per epoch: 0.19192514022191365 minutes
Loss: 0.6135267615318298. Dice score in the validation set (synthetic): 0.6939665476481119. (real eval): 0.5915019710858663. Time per epoch: 0.1812885562578837 minutes
Loss: 0.5747853517532349. Dice score in the validation set (synthetic): 0.7222708364327749. (real eval): 0.5979189475377401. Time per epoch: 0.18758140405019125 minutes
Loss: 0.5678601861000061. Dice score in the validation set (synthetic): 0.7405681510766348. (real eval): 0.5986483693122864. Time per epoch: 0.19345452785491943 minutes
Loss: 0.5663753747940063. Dice score in the validation set (synthetic): 0.7489225765069326. (real eval): 0.5908927718798319. Time per epoch: 0.21691590547561646 minutes
Loss: 0.5634128451347351. Dice score in the validation set (synthetic): 0.746278315782547. (real eval): 0.5757814645767212. Time per epoch: 0.18982081413269042 minutes
Loss: 0.5640578269958496. Dice score in the validation set (synthetic): 0.7404151658217112. (real eval): 0.5632362763086954. Time per epoch: 0.20895080169041952 minutes
Loss: 0.5622563362121582. Dice score in the validation set (synthetic): 0.7366222341855367. (real eval): 0.5574034651120504. Time per epoch: 0.1736308534940084 minutes
Loss: 0.5932661294937134. Dice score in the validation set (synthetic): 0.7372083067893982. (real eval): 0.5593896607557932. Time per epoch: 0.161911408106486 minutes
Loss: 0.5514269471168518. Dice score in the validation set (synthetic): 0.738473117351532. (real eval): 0.5668648282686869. Time per epoch: 0.22447828849156698 minutes
Loss: 0.58492511510849. Dice score in the validation set (synthetic): 0.7399713595708212. (real eval): 0.5755412379900614. Time per epoch: 0.17317629257837933 minutes
Loss: 0.5537154078483582. Dice score in the validation set (synthetic): 0.7387845516204834. (real eval): 0.5818309386571249. Time per epoch: 0.15876606305440266 minutes
Loss: 0.5719698071479797. Dice score in the validation set (synthetic): 0.7365680535634359. (real eval): 0.5830486218134562. Time per epoch: 0.20651665131251018 minutes
Loss: 0.5409267544746399. Dice score in the validation set (synthetic): 0.7325766285260519. (real eval): 0.5811613996823629. Time per epoch: 0.19632118542989094 minutes
Loss: 0.5352795124053955. Dice score in the validation set (synthetic): 0.728506882985433. (real eval): 0.5796564420064291. Time per epoch: 0.19439126253128053 minutes
Loss: 0.5336695313453674. Dice score in the validation set (synthetic): 0.7257781426111857. (real eval): 0.5787365436553955. Time per epoch: 0.19413889249165853 minutes
Loss: 0.5421971082687378. Dice score in the validation set (synthetic): 0.7262144784132639. (real eval): 0.5787781278292338. Time per epoch: 0.2026741107304891 minutes
Loss: 0.5442100167274475. Dice score in the validation set (synthetic): 0.7275658547878265. (real eval): 0.5788871844609579. Time per epoch: 0.19136937061945597 minutes
Loss: 0.5428973436355591. Dice score in the validation set (synthetic): 0.7294615705808004. (real eval): 0.578987201054891. Time per epoch: 0.17679980595906575 minutes
Loss: 0.5509334802627563. Dice score in the validation set (synthetic): 0.7323408524195353. (real eval): 0.5794777671496073. Time per epoch: 0.21903445720672607 minutes
Loss: 0.5339382886886597. Dice score in the validation set (synthetic): 0.7355905473232269. (real eval): 0.580176850159963. Time per epoch: 0.19976442257563273 minutes
Loss: 0.5496493577957153. Dice score in the validation set (synthetic): 0.7368772923946381. (real eval): 0.5791922807693481. Time per epoch: 0.18424950838088988 minutes
Loss: 0.5410627126693726. Dice score in the validation set (synthetic): 0.7384558816750845. (real eval): 0.5788618922233582. Time per epoch: 0.1742772618929545 minutes
Loss: 0.5467894673347473. Dice score in the validation set (synthetic): 0.7401438355445862. (real eval): 0.5776061216990153. Time per epoch: 0.1844195286432902 minutes
Loss: 0.5312788486480713. Dice score in the validation set (synthetic): 0.7420800725618998. (real eval): 0.5767843723297119. Time per epoch: 0.2201900601387024 minutes
Loss: 0.5280265808105469. Dice score in the validation set (synthetic): 0.7429507374763489. (real eval): 0.5763927598794302. Time per epoch: 0.17406310240427653 minutes
Loss: 0.541817307472229. Dice score in the validation set (synthetic): 0.7461258868376414. (real eval): 0.5778511961301168. Time per epoch: 0.18431826829910278 minutes
Loss: 0.5361355543136597. Dice score in the validation set (synthetic): 0.751849353313446. (real eval): 0.5823284983634949. Time per epoch: 0.17572940190633138 minutes
Loss: 0.5457711815834045. Dice score in the validation set (synthetic): 0.757545014222463. (real eval): 0.5879596869150797. Time per epoch: 0.19162333806355794 minutes
Loss: 0.5371094346046448. Dice score in the validation set (synthetic): 0.7628669242064158. (real eval): 0.5947431325912476. Time per epoch: 0.20123261610666912 minutes
Loss: 0.5308963656425476. Dice score in the validation set (synthetic): 0.7672611971696218. (real eval): 0.6012929876645406. Time per epoch: 0.1779102881749471 minutes
Loss: 0.5266788601875305. Dice score in the validation set (synthetic): 0.7708338499069214. (real eval): 0.6071772376696268. Time per epoch: 0.2078442692756653 minutes
Loss: 0.5426914691925049. Dice score in the validation set (synthetic): 0.7725123763084412. (real eval): 0.6113897760709127. Time per epoch: 0.20926384131113687 minutes
Loss: 0.5352307558059692. Dice score in the validation set (synthetic): 0.7744933664798737. (real eval): 0.6151195367177328. Time per epoch: 0.2058685302734375 minutes
Loss: 0.5264588594436646. Dice score in the validation set (synthetic): 0.7759183843930563. (real eval): 0.6177514791488647. Time per epoch: 0.21946427424748738 minutes
Loss: 0.5324875712394714. Dice score in the validation set (synthetic): 0.7768738865852356. (real eval): 0.619062602519989. Time per epoch: 0.17413254976272582 minutes
Loss: 0.5371072292327881. Dice score in the validation set (synthetic): 0.7780255178610483. (real eval): 0.6201425194740295. Time per epoch: 0.16722764174143473 minutes
Loss: 0.5337817072868347. Dice score in the validation set (synthetic): 0.7781376242637634. (real eval): 0.6193540891011556. Time per epoch: 0.17175807555516562 minutes
Loss: 0.5309208035469055. Dice score in the validation set (synthetic): 0.7779570619265238. (real eval): 0.6168420712153116. Time per epoch: 0.20747848749160766 minutes
Loss: 0.5236072540283203. Dice score in the validation set (synthetic): 0.7766568660736084. (real eval): 0.6141621271769205. Time per epoch: 0.21916901270548503 minutes
Loss: 0.5386297106742859. Dice score in the validation set (synthetic): 0.7759910126527151. (real eval): 0.6118659973144531. Time per epoch: 0.16370102167129516 minutes
Loss: 0.5314497351646423. Dice score in the validation set (synthetic): 0.7754509647687277. (real eval): 0.6095237930615743. Time per epoch: 0.21037773688634237 minutes
Loss: 0.5254610180854797. Dice score in the validation set (synthetic): 0.775026390949885. (real eval): 0.6072656114896139. Time per epoch: 0.18139801422754923 minutes
Loss: 0.5204500555992126. Dice score in the validation set (synthetic): 0.7744077742099762. (real eval): 0.6054917375246683. Time per epoch: 0.1975496530532837 minutes
Loss: 0.5364112257957458. Dice score in the validation set (synthetic): 0.7723324696222941. (real eval): 0.60217813650767. Time per epoch: 0.19791319370269775 minutes
Loss: 0.5295733213424683. Dice score in the validation set (synthetic): 0.7703524927298228. (real eval): 0.600355327129364. Time per epoch: 0.19447554349899293 minutes
Loss: 0.5258947610855103. Dice score in the validation set (synthetic): 0.7686871985594431. (real eval): 0.599138061205546. Time per epoch: 0.1828221599260966 minutes
Loss: 0.5405149459838867. Dice score in the validation set (synthetic): 0.7678009867668152. (real eval): 0.598743736743927. Time per epoch: 0.16832844813664755 minutes
Loss: 0.5281620025634766. Dice score in the validation set (synthetic): 0.7682717343171438. (real eval): 0.5995955268541971. Time per epoch: 0.1928462823232015 minutes
Loss: 0.540489673614502. Dice score in the validation set (synthetic): 0.7691285709540049. (real eval): 0.6006001035372416. Time per epoch: 0.22170325915018718 minutes
Loss: 0.5221750140190125. Dice score in the validation set (synthetic): 0.7711888055006663. (real eval): 0.60306183497111. Time per epoch: 0.1933537244796753 minutes
Loss: 0.5336799621582031. Dice score in the validation set (synthetic): 0.7748548289140066. (real eval): 0.6066113511721293. Time per epoch: 0.168287460009257 minutes
Loss: 0.5340867042541504. Dice score in the validation set (synthetic): 0.7785817086696625. (real eval): 0.6106662154197693. Time per epoch: 0.20508776505788168 minutes
Loss: 0.5295173525810242. Dice score in the validation set (synthetic): 0.78083602587382. (real eval): 0.6150184273719788. Time per epoch: 0.18835950295130413 minutes
Loss: 0.5370485782623291. Dice score in the validation set (synthetic): 0.7823377947012583. (real eval): 0.6182459195454916. Time per epoch: 0.19834551016489665 minutes
Loss: 0.5238824486732483. Dice score in the validation set (synthetic): 0.7831674118836721. (real eval): 0.620395561059316. Time per epoch: 0.19939860900243123 minutes
Loss: 0.5409119129180908. Dice score in the validation set (synthetic): 0.7836317420005798. (real eval): 0.6221739451090494. Time per epoch: 0.16940676768620808 minutes
Loss: 0.5330376625061035. Dice score in the validation set (synthetic): 0.78364231189092. (real eval): 0.6230137348175049. Time per epoch: 0.19325004816055297 minutes
Loss: 0.5222671627998352. Dice score in the validation set (synthetic): 0.783605545759201. (real eval): 0.6237587134043375. Time per epoch: 0.20294880867004395 minutes
Loss: 0.5336722135543823. Dice score in the validation set (synthetic): 0.7832679351170858. (real eval): 0.6237581173578898. Time per epoch: 0.19434887965520223 minutes
Loss: 0.5235158205032349. Dice score in the validation set (synthetic): 0.7827102740605673. (real eval): 0.6229920784632365. Time per epoch: 0.1972368836402893 minutes
Loss: 0.5297922492027283. Dice score in the validation set (synthetic): 0.7816667060057322. (real eval): 0.622071901957194. Time per epoch: 0.17690829833348592 minutes
Loss: 0.5235528349876404. Dice score in the validation set (synthetic): 0.7806556224822998. (real eval): 0.6208921472231547. Time per epoch: 0.17445771694183348 minutes
Loss: 0.5271369814872742. Dice score in the validation set (synthetic): 0.7792387306690216. (real eval): 0.6196300586064657. Time per epoch: 0.16521147886912027 minutes
Loss: 0.5281314849853516. Dice score in the validation set (synthetic): 0.7781318525473276. (real eval): 0.6190740863482157. Time per epoch: 0.21712568600972493 minutes
Loss: 0.5370516777038574. Dice score in the validation set (synthetic): 0.7772216399510702. (real eval): 0.6179934740066528. Time per epoch: 0.20523659388224283 minutes
Loss: 0.5295798182487488. Dice score in the validation set (synthetic): 0.7778564890225729. (real eval): 0.6183948914210001. Time per epoch: 0.16260886589686077 minutes
Loss: 0.5357593894004822. Dice score in the validation set (synthetic): 0.7782092690467834. (real eval): 0.6180871526400248. Time per epoch: 0.1977230747540792 minutes
Loss: 0.5199770927429199. Dice score in the validation set (synthetic): 0.7782347500324249. (real eval): 0.6182137926419576. Time per epoch: 0.17510360479354858 minutes
Loss: 0.5296547412872314. Dice score in the validation set (synthetic): 0.7786301672458649. (real eval): 0.6188402573267618. Time per epoch: 0.2142203450202942 minutes
Loss: 0.529999852180481. Dice score in the validation set (synthetic): 0.7796159088611603. (real eval): 0.6200577616691589. Time per epoch: 0.20910236835479737 minutes
Loss: 0.518347442150116. Dice score in the validation set (synthetic): 0.7803637087345123. (real eval): 0.6202820340792338. Time per epoch: 0.1690221071243286 minutes
Loss: 0.5242931842803955. Dice score in the validation set (synthetic): 0.7812536954879761. (real eval): 0.6204387148221334. Time per epoch: 0.19229159355163575 minutes
Loss: 0.5192580223083496. Dice score in the validation set (synthetic): 0.7821829716364542. (real eval): 0.6206894914309183. Time per epoch: 0.1731348991394043 minutes
Loss: 0.5215917825698853. Dice score in the validation set (synthetic): 0.782661517461141. (real eval): 0.6202080845832825. Time per epoch: 0.20150564511617025 minutes
Loss: 0.5330184698104858. Dice score in the validation set (synthetic): 0.7829510867595673. (real eval): 0.6200966040293375. Time per epoch: 0.17844603459040323 minutes
Loss: 0.5251849889755249. Dice score in the validation set (synthetic): 0.7829543848832449. (real eval): 0.6201821168263754. Time per epoch: 0.19218427737553914 minutes
Loss: 0.5219223499298096. Dice score in the validation set (synthetic): 0.7831684251626333. (real eval): 0.6200766960779825. Time per epoch: 0.18741206328074136 minutes
Loss: 0.5201978087425232. Dice score in the validation set (synthetic): 0.7833179632822672. (real eval): 0.6202198266983032. Time per epoch: 0.19603259166081746 minutes
Loss: 0.5261172652244568. Dice score in the validation set (synthetic): 0.7831537624200186. (real eval): 0.6204891602198283. Time per epoch: 0.19275303681691489 minutes
Loss: 0.5179216861724854. Dice score in the validation set (synthetic): 0.7830962439378103. (real eval): 0.6206592122713724. Time per epoch: 0.20202065308888753 minutes
Loss: 0.5217292308807373. Dice score in the validation set (synthetic): 0.782884935537974. (real eval): 0.6209679841995239. Time per epoch: 0.19605665206909179 minutes
Loss: 0.5342463850975037. Dice score in the validation set (synthetic): 0.7822464307149252. (real eval): 0.6210478146870931. Time per epoch: 0.1763969898223877 minutes
Loss: 0.5247118473052979. Dice score in the validation set (synthetic): 0.7813033362229665. (real eval): 0.6209141214688619. Time per epoch: 0.19182276328404743 minutes
Loss: 0.5271059274673462. Dice score in the validation set (synthetic): 0.7800622085730234. (real eval): 0.6203091541926066. Time per epoch: 0.18219458659489948 minutes
Loss: 0.5061728954315186. Dice score in the validation set (synthetic): 0.7788065671920776. (real eval): 0.6196829676628113. Time per epoch: 0.19845235745112103 minutes
Loss: 0.5134671926498413. Dice score in the validation set (synthetic): 0.7774262626965841. (real eval): 0.6190689404805502. Time per epoch: 0.18505613406499227 minutes
Loss: 0.5181121826171875. Dice score in the validation set (synthetic): 0.7764238019784292. (real eval): 0.6188385089238485. Time per epoch: 0.1929431955019633 minutes
Loss: 0.5156961679458618. Dice score in the validation set (synthetic): 0.7754215002059937. (real eval): 0.6183484594027201. Time per epoch: 0.1761532147725423 minutes
Loss: 0.5281475782394409. Dice score in the validation set (synthetic): 0.7745185196399689. (real eval): 0.6179744601249695. Time per epoch: 0.22404994567235312 minutes
Loss: 0.5347732901573181. Dice score in the validation set (synthetic): 0.7753986517588297. (real eval): 0.618764321009318. Time per epoch: 0.17162155310312907 minutes
Loss: 0.537206768989563. Dice score in the validation set (synthetic): 0.776843378941218. (real eval): 0.618491013844808. Time per epoch: 0.19932071367899576 minutes
Loss: 0.5323411226272583. Dice score in the validation set (synthetic): 0.7782491346200308. (real eval): 0.6184538205464681. Time per epoch: 0.19743797381718953 minutes
Loss: 0.5193667411804199. Dice score in the validation set (synthetic): 0.7796631157398224. (real eval): 0.6183900833129883. Time per epoch: 0.18155112266540527 minutes
/scratch/itee/uqasha24/synthetwiener
Loss: 0.5303271412849426. Dice score in the validation set (synthetic): 0.7806581556797028. (real eval): 0.6185525258382162. Time per epoch: 0.20907344023386637 minutes
Loss: 0.5241982936859131. Dice score in the validation set (synthetic): 0.7816298405329386. (real eval): 0.6185112992922465. Time per epoch: 0.1974843382835388 minutes
Loss: 0.5157706141471863. Dice score in the validation set (synthetic): 0.7818234960238138. (real eval): 0.6179247895876566. Time per epoch: 0.19615072011947632 minutes
Loss: 0.5303570032119751. Dice score in the validation set (synthetic): 0.7818769713242849. (real eval): 0.6172351439793905. Time per epoch: 0.16994616587956746 minutes
Loss: 0.5231645107269287. Dice score in the validation set (synthetic): 0.781897614399592. (real eval): 0.6164939204851786. Time per epoch: 0.16953246196111044 minutes
Loss: 0.5280405879020691. Dice score in the validation set (synthetic): 0.7820337414741516. (real eval): 0.6162020961443583. Time per epoch: 0.20600639979044597 minutes
Loss: 0.5204898715019226. Dice score in the validation set (synthetic): 0.781839539607366. (real eval): 0.6161162455876669. Time per epoch: 0.16920490662256876 minutes
Loss: 0.5205988883972168. Dice score in the validation set (synthetic): 0.7817708551883698. (real eval): 0.6154102087020874. Time per epoch: 0.20388091802597047 minutes
Loss: 0.5043972134590149. Dice score in the validation set (synthetic): 0.7814281185468038. (real eval): 0.6152582367261251. Time per epoch: 0.17701561450958253 minutes
Loss: 0.5528808832168579. Dice score in the validation set (synthetic): 0.7805303831895193. (real eval): 0.6142374873161316. Time per epoch: 0.1771816889444987 minutes
Loss: 0.532071053981781. Dice score in the validation set (synthetic): 0.7804667750994364. (real eval): 0.6146571238835653. Time per epoch: 0.2150367021560669 minutes
Loss: 0.5238973498344421. Dice score in the validation set (synthetic): 0.780549685160319. (real eval): 0.615237832069397. Time per epoch: 0.17647632360458373 minutes
Loss: 0.5291001200675964. Dice score in the validation set (synthetic): 0.7811229030291239. (real eval): 0.6163586576779684. Time per epoch: 0.19352424144744873 minutes
Loss: 0.520068883895874. Dice score in the validation set (synthetic): 0.7795856098333994. (real eval): 0.6147268215815226. Time per epoch: 0.18152459065119425 minutes
Loss: 0.527887225151062. Dice score in the validation set (synthetic): 0.7780966460704803. (real eval): 0.6129539211591085. Time per epoch: 0.19365988969802855 minutes
Loss: 0.5191205143928528. Dice score in the validation set (synthetic): 0.7766872445742289. (real eval): 0.6113227605819702. Time per epoch: 0.18555354277292888 minutes
Loss: 0.5266039967536926. Dice score in the validation set (synthetic): 0.7752768993377686. (real eval): 0.6096318364143372. Time per epoch: 0.1661219358444214 minutes
Loss: 0.5228359699249268. Dice score in the validation set (synthetic): 0.7740848759810129. (real eval): 0.6082020799318949. Time per epoch: 0.194067645072937 minutes
Loss: 0.5271252393722534. Dice score in the validation set (synthetic): 0.7734835048516592. (real eval): 0.607761154572169. Time per epoch: 0.16348843574523925 minutes
Loss: 0.5271934866905212. Dice score in the validation set (synthetic): 0.7733293275038401. (real eval): 0.6077585220336914. Time per epoch: 0.19104578097661337 minutes
Loss: 0.5246405601501465. Dice score in the validation set (synthetic): 0.773170123497645. (real eval): 0.6078632473945618. Time per epoch: 0.21394304434458414 minutes
Loss: 0.5309213399887085. Dice score in the validation set (synthetic): 0.773048092921575. (real eval): 0.6082920134067535. Time per epoch: 0.18921151955922444 minutes
Loss: 0.5276767015457153. Dice score in the validation set (synthetic): 0.774024893840154. (real eval): 0.6092409988244375. Time per epoch: 0.17173133293787637 minutes
Loss: 0.5370419025421143. Dice score in the validation set (synthetic): 0.7752798000971476. (real eval): 0.6113348205884298. Time per epoch: 0.1863962133725484 minutes
Loss: 0.5319470763206482. Dice score in the validation set (synthetic): 0.7762097517649332. (real eval): 0.6131446957588196. Time per epoch: 0.16141436100006104 minutes
Loss: 0.5423312783241272. Dice score in the validation set (synthetic): 0.7770613729953766. (real eval): 0.6151670515537262. Time per epoch: 0.21410565773646037 minutes
Loss: 0.5063849687576294. Dice score in the validation set (synthetic): 0.7774846057097117. (real eval): 0.6165544191996256. Time per epoch: 0.17164860169092813 minutes
Loss: 0.5211156010627747. Dice score in the validation set (synthetic): 0.7780744632085165. (real eval): 0.6183090011278788. Time per epoch: 0.1895451784133911 minutes
Loss: 0.53204745054245. Dice score in the validation set (synthetic): 0.778501977523168. (real eval): 0.6202198167641958. Time per epoch: 0.2033425211906433 minutes
Loss: 0.5179254412651062. Dice score in the validation set (synthetic): 0.7796374559402466. (real eval): 0.6215266585350037. Time per epoch: 0.20914029677708942 minutes
Loss: 0.525948166847229. Dice score in the validation set (synthetic): 0.7805859446525574. (real eval): 0.622536967198054. Time per epoch: 0.21256982485453288 minutes
Loss: 0.5309862494468689. Dice score in the validation set (synthetic): 0.7813135186831156. (real eval): 0.6229814887046814. Time per epoch: 0.19149867296218873 minutes
Loss: 0.5272475481033325. Dice score in the validation set (synthetic): 0.7817559440930685. (real eval): 0.623197982708613. Time per epoch: 0.19448050260543823 minutes
Loss: 0.5207147002220154. Dice score in the validation set (synthetic): 0.7822572986284891. (real eval): 0.6234729687372843. Time per epoch: 0.19216893911361693 minutes
Loss: 0.5366401076316833. Dice score in the validation set (synthetic): 0.7821898758411407. (real eval): 0.62281600634257. Time per epoch: 0.20197019974390665 minutes
Loss: 0.5287038683891296. Dice score in the validation set (synthetic): 0.7818329036235809. (real eval): 0.6219223340352377. Time per epoch: 0.2094608227411906 minutes
Loss: 0.5237654447555542. Dice score in the validation set (synthetic): 0.7814398308595022. (real eval): 0.6206764380137125. Time per epoch: 0.19393670558929443 minutes
Loss: 0.5264849066734314. Dice score in the validation set (synthetic): 0.7809519370396932. (real eval): 0.6196131706237793. Time per epoch: 0.19501719872156778 minutes
Loss: 0.5129839181900024. Dice score in the validation set (synthetic): 0.7803066472212473. (real eval): 0.6186226010322571. Time per epoch: 0.18986000617345175 minutes
Loss: 0.5293000936508179. Dice score in the validation set (synthetic): 0.7797079881032308. (real eval): 0.6179589430491129. Time per epoch: 0.17508879899978638 minutes
Loss: 0.5129274129867554. Dice score in the validation set (synthetic): 0.7805644571781158. (real eval): 0.6159891386826833. Time per epoch: 0.21425238053003948 minutes
Loss: 0.5156854391098022. Dice score in the validation set (synthetic): 0.7809589008490244. (real eval): 0.6139676173528036. Time per epoch: 0.20642570654551187 minutes
Loss: 0.5183594226837158. Dice score in the validation set (synthetic): 0.7815531194210052. (real eval): 0.6124997933705648. Time per epoch: 0.18501044114430745 minutes
Loss: 0.5196946859359741. Dice score in the validation set (synthetic): 0.7820746302604675. (real eval): 0.6116290986537933. Time per epoch: 0.20245247681935627 minutes
Loss: 0.5206682085990906. Dice score in the validation set (synthetic): 0.7829464773337046. (real eval): 0.6113119324048361. Time per epoch: 0.19358582496643068 minutes
Loss: 0.5262070894241333. Dice score in the validation set (synthetic): 0.7843066056569418. (real eval): 0.6120577057202657. Time per epoch: 0.19045252402623494 minutes
Loss: 0.5106252431869507. Dice score in the validation set (synthetic): 0.7854684094587961. (real eval): 0.6127234697341919. Time per epoch: 0.17889613310496014 minutes
Loss: 0.5412530303001404. Dice score in the validation set (synthetic): 0.7842646141846975. (real eval): 0.6109392245610555. Time per epoch: 0.17470980087916058 minutes
Loss: 0.5245324373245239. Dice score in the validation set (synthetic): 0.7835429708162943. (real eval): 0.6096618672211965. Time per epoch: 0.17646964391072592 minutes
Loss: 0.5349345207214355. Dice score in the validation set (synthetic): 0.7822327117125193. (real eval): 0.6081201036771139. Time per epoch: 0.19207853476206463 minutes
Loss: 0.5084777474403381. Dice score in the validation set (synthetic): 0.7817901571591696. (real eval): 0.6072694063186646. Time per epoch: 0.18697343269983926 minutes
Loss: 0.5140060186386108. Dice score in the validation set (synthetic): 0.7810402909914652. (real eval): 0.6060939133167267. Time per epoch: 0.170539391040802 minutes
Loss: 0.5314805507659912. Dice score in the validation set (synthetic): 0.7804515759150187. (real eval): 0.6054912408192953. Time per epoch: 0.16948787768681844 minutes
Loss: 0.522697925567627. Dice score in the validation set (synthetic): 0.7802374561627706. (real eval): 0.6050044496854147. Time per epoch: 0.20047771135965983 minutes
Loss: 0.534711480140686. Dice score in the validation set (synthetic): 0.7789652347564697. (real eval): 0.6036531925201416. Time per epoch: 0.21155438820521036 minutes
Loss: 0.5233617424964905. Dice score in the validation set (synthetic): 0.7778597374757131. (real eval): 0.6027432084083557. Time per epoch: 0.18921147187550863 minutes
Loss: 0.5408942103385925. Dice score in the validation set (synthetic): 0.7761926253636678. (real eval): 0.6015776793162028. Time per epoch: 0.193278169631958 minutes
Loss: 0.5202828049659729. Dice score in the validation set (synthetic): 0.7742602626482645. (real eval): 0.6002609133720398. Time per epoch: 0.16797877550125123 minutes
Loss: 0.5286305546760559. Dice score in the validation set (synthetic): 0.7724873622258505. (real eval): 0.5991169214248657. Time per epoch: 0.1981389840443929 minutes
Loss: 0.5208935141563416. Dice score in the validation set (synthetic): 0.7715729475021362. (real eval): 0.5985178252061208. Time per epoch: 0.1935228745142619 minutes
Loss: 0.5295438170433044. Dice score in the validation set (synthetic): 0.7715403735637665. (real eval): 0.5984044075012207. Time per epoch: 0.18700459400812786 minutes
Loss: 0.5178384780883789. Dice score in the validation set (synthetic): 0.7719376583894094. (real eval): 0.5985647638638815. Time per epoch: 0.20016695261001588 minutes
Loss: 0.5336863398551941. Dice score in the validation set (synthetic): 0.7732908229033152. (real eval): 0.5995474855105082. Time per epoch: 0.18560590346654257 minutes
Loss: 0.5181624293327332. Dice score in the validation set (synthetic): 0.7749100128809611. (real eval): 0.6007748246192932. Time per epoch: 0.1977373202641805 minutes
Loss: 0.5334001183509827. Dice score in the validation set (synthetic): 0.7763432264328003. (real eval): 0.6020081639289856. Time per epoch: 0.18469449679056804 minutes
Loss: 0.5362570881843567. Dice score in the validation set (synthetic): 0.7783604760964712. (real eval): 0.6034496823946635. Time per epoch: 0.1957876205444336 minutes
Loss: 0.5162323117256165. Dice score in the validation set (synthetic): 0.7803968687852224. (real eval): 0.6054674784342448. Time per epoch: 0.18933384418487548 minutes
Loss: 0.5308279991149902. Dice score in the validation set (synthetic): 0.7822227080663046. (real eval): 0.6071660121281942. Time per epoch: 0.20620001157124837 minutes
Loss: 0.5264027118682861. Dice score in the validation set (synthetic): 0.7839573323726654. (real eval): 0.6095318992932638. Time per epoch: 0.19403863350550335 minutes
Loss: 0.5266437530517578. Dice score in the validation set (synthetic): 0.7855158547560374. (real eval): 0.6119830211003622. Time per epoch: 0.18465868631998697 minutes
Loss: 0.5238997340202332. Dice score in the validation set (synthetic): 0.7870650291442871. (real eval): 0.6140846014022827. Time per epoch: 0.1836191972096761 minutes
Loss: 0.5246175527572632. Dice score in the validation set (synthetic): 0.7880099415779114. (real eval): 0.6154758135477701. Time per epoch: 0.18169163862864177 minutes
Loss: 0.5213994979858398. Dice score in the validation set (synthetic): 0.7883692185084025. (real eval): 0.6161895791689554. Time per epoch: 0.17139687538146972 minutes
Loss: 0.515497624874115. Dice score in the validation set (synthetic): 0.7886075576146444. (real eval): 0.6167165040969849. Time per epoch: 0.1793574372927348 minutes
Loss: 0.516780436038971. Dice score in the validation set (synthetic): 0.7883937358856201. (real eval): 0.6170241236686707. Time per epoch: 0.20546571811040243 minutes
Loss: 0.5388544201850891. Dice score in the validation set (synthetic): 0.7883373896280924. (real eval): 0.6169437567392985. Time per epoch: 0.20495266914367677 minutes
Loss: 0.522506058216095. Dice score in the validation set (synthetic): 0.788306881984075. (real eval): 0.6168780128161112. Time per epoch: 0.18612724145253498 minutes
Loss: 0.5139129757881165. Dice score in the validation set (synthetic): 0.788059135278066. (real eval): 0.6167024970054626. Time per epoch: 0.19004379510879515 minutes
Loss: 0.5097997784614563. Dice score in the validation set (synthetic): 0.7873379488786062. (real eval): 0.6163472930590311. Time per epoch: 0.17710939248402913 minutes
Loss: 0.5122511386871338. Dice score in the validation set (synthetic): 0.786630759636561. (real eval): 0.615914543469747. Time per epoch: 0.20531940857569378 minutes
Loss: 0.528339147567749. Dice score in the validation set (synthetic): 0.78614941239357. (real eval): 0.6156263748804728. Time per epoch: 0.19913774728775024 minutes
Loss: 0.52772057056427. Dice score in the validation set (synthetic): 0.7857965628306071. (real eval): 0.6153644522031149. Time per epoch: 0.18886710405349733 minutes
Loss: 0.5193054676055908. Dice score in the validation set (synthetic): 0.785363515218099. (real eval): 0.6149778763453165. Time per epoch: 0.20377750794092814 minutes
Loss: 0.5470408797264099. Dice score in the validation set (synthetic): 0.7853460113207499. (real eval): 0.6146404345830282. Time per epoch: 0.17620131174723308 minutes
Loss: 0.534169614315033. Dice score in the validation set (synthetic): 0.7852658530076345. (real eval): 0.6137919823328654. Time per epoch: 0.19511388937632243 minutes
Loss: 0.5237802267074585. Dice score in the validation set (synthetic): 0.7854862113793691. (real eval): 0.6131053368250529. Time per epoch: 0.20916090806325277 minutes
Loss: 0.5267813205718994. Dice score in the validation set (synthetic): 0.7856588363647461. (real eval): 0.6135238210360209. Time per epoch: 0.18562934001286824 minutes
Loss: 0.5296016931533813. Dice score in the validation set (synthetic): 0.7858556906382242. (real eval): 0.6132446726163229. Time per epoch: 0.19051633278528848 minutes
Loss: 0.5205243825912476. Dice score in the validation set (synthetic): 0.7859253485997518. (real eval): 0.6133009791374207. Time per epoch: 0.1778988281885783 minutes
Loss: 0.5288820266723633. Dice score in the validation set (synthetic): 0.7855001986026764. (real eval): 0.6135526895523071. Time per epoch: 0.18282542626063028 minutes
Loss: 0.5234030485153198. Dice score in the validation set (synthetic): 0.7855583628018697. (real eval): 0.6141819953918457. Time per epoch: 0.22300703128178914 minutes
Loss: 0.5269485116004944. Dice score in the validation set (synthetic): 0.7855324248472849. (real eval): 0.614346961180369. Time per epoch: 0.2026971975962321 minutes
Loss: 0.5266529321670532. Dice score in the validation set (synthetic): 0.785621702671051. (real eval): 0.615179975827535. Time per epoch: 0.19210738341013592 minutes
Loss: 0.5293996334075928. Dice score in the validation set (synthetic): 0.7887105544408163. (real eval): 0.6187528371810913. Time per epoch: 0.21149746974309286 minutes
Loss: 0.5305858850479126. Dice score in the validation set (synthetic): 0.791173388560613. (real eval): 0.621724526087443. Time per epoch: 0.19120885133743287 minutes
Loss: 0.5270614624023438. Dice score in the validation set (synthetic): 0.7928369343280792. (real eval): 0.624492347240448. Time per epoch: 0.19075255791346232 minutes
Loss: 0.5113233923912048. Dice score in the validation set (synthetic): 0.7936382393042246. (real eval): 0.626038670539856. Time per epoch: 0.2052276611328125 minutes
Loss: 0.5279030799865723. Dice score in the validation set (synthetic): 0.794429769118627. (real eval): 0.627365787823995. Time per epoch: 0.19245521624883016 minutes
Loss: 0.5222315192222595. Dice score in the validation set (synthetic): 0.7946418424447378. (real eval): 0.628603438536326. Time per epoch: 0.18087269067764283 minutes
Loss: 0.5290900468826294. Dice score in the validation set (synthetic): 0.7947238683700562. (real eval): 0.6293512980143229. Time per epoch: 0.2049931327501933 minutes
Loss: 0.5173884630203247. Dice score in the validation set (synthetic): 0.7946256200472513. (real eval): 0.6297277013460795. Time per epoch: 0.19303567409515382 minutes
