All file names are correct
Val split on training active
Number of samples is 320
Loss: 0.925654299557209. Dice score in the validation set (synthetic): 0.7203931361436844. (real eval): 0.6584474444389343. Time per epoch: 11.836104583740234 minutes
Loss: 0.6182554794475437. Dice score in the validation set (synthetic): 0.903484171628952. (real eval): 0.45967113971710205. Time per epoch: 11.697282866636913 minutes
Loss: 0.5640242358669638. Dice score in the validation set (synthetic): 0.9277560815215111. (real eval): 0.5621790885925293. Time per epoch: 11.677191698551178 minutes
Loss: 0.5484825504943729. Dice score in the validation set (synthetic): 0.9375032968819141. (real eval): 0.6127481460571289. Time per epoch: 11.718641412258147 minutes
Loss: 0.5383262515999376. Dice score in the validation set (synthetic): 0.9460492998361587. (real eval): 0.7255109548568726. Time per epoch: 11.720875525474549 minutes
Loss: 0.5332247925922274. Dice score in the validation set (synthetic): 0.9369587078690529. (real eval): 0.8753136396408081. Time per epoch: 11.732158601284027 minutes
Loss: 0.5314427021890878. Dice score in the validation set (synthetic): 0.9443891763687133. (real eval): 0.8406715989112854. Time per epoch: 11.845803682009379 minutes
Loss: 0.5251231365837157. Dice score in the validation set (synthetic): 0.9472001649439334. (real eval): 0.8662588000297546. Time per epoch: 11.83982937335968 minutes
Loss: 0.5301456823945045. Dice score in the validation set (synthetic): 0.9543422631919384. (real eval): 0.8602307438850403. Time per epoch: 11.820253388086956 minutes
Loss: 0.5269836380146444. Dice score in the validation set (synthetic): 0.9540798880159855. (real eval): 0.8671874403953552. Time per epoch: 11.677079371611278 minutes
Loss: 0.5228409253060817. Dice score in the validation set (synthetic): 0.958257956802845. (real eval): 0.8792778253555298. Time per epoch: 11.767541758219402 minutes
Loss: 0.5210599416866899. Dice score in the validation set (synthetic): 0.9616371549665927. (real eval): 0.8600034713745117. Time per epoch: 11.714536488056183 minutes
Loss: 0.5195205558091402. Dice score in the validation set (synthetic): 0.9623624011874199. (real eval): 0.8530442714691162. Time per epoch: 11.894293101628621 minutes
Loss: 0.5199936551973223. Dice score in the validation set (synthetic): 0.9609385810792446. (real eval): 0.9184789657592773. Time per epoch: 11.689332473278046 minutes
Loss: 0.5262624927796423. Dice score in the validation set (synthetic): 0.9531576745212078. (real eval): 0.581269383430481. Time per epoch: 11.826183021068573 minutes
Loss: 0.5209999508224428. Dice score in the validation set (synthetic): 0.9519999653100968. (real eval): 0.8114579319953918. Time per epoch: 11.84654072523117 minutes
Loss: 0.51846785210073. Dice score in the validation set (synthetic): 0.9636691652238369. (real eval): 0.830394983291626. Time per epoch: 11.66429126660029 minutes
Loss: 0.5187357924878597. Dice score in the validation set (synthetic): 0.9676443383097648. (real eval): 0.8230099081993103. Time per epoch: 11.693948856989543 minutes
Loss: 0.5172029545530676. Dice score in the validation set (synthetic): 0.9648654974997044. (real eval): 0.916560173034668. Time per epoch: 11.722016441822053 minutes
Loss: 0.5173123516142368. Dice score in the validation set (synthetic): 0.960556922852993. (real eval): 0.914665937423706. Time per epoch: 11.694590866565704 minutes
Loss: 0.5169608771800995. Dice score in the validation set (synthetic): 0.9677310504019261. (real eval): 0.8794017434120178. Time per epoch: 11.775993072986603 minutes
Loss: 0.5189365493133664. Dice score in the validation set (synthetic): 0.9672234117984772. (real eval): 0.7744406461715698. Time per epoch: 11.692144123713176 minutes
Loss: 0.5171058357693255. Dice score in the validation set (synthetic): 0.9626536712050437. (real eval): 0.8247470855712891. Time per epoch: 11.670079453786213 minutes
Loss: 0.5160579638555646. Dice score in the validation set (synthetic): 0.9667533122003078. (real eval): 0.7971821427345276. Time per epoch: 11.873373166720073 minutes
Loss: 0.5148283039219678. Dice score in the validation set (synthetic): 0.9629813522100449. (real eval): 0.8747549057006836. Time per epoch: 11.811482505003612 minutes
Loss: 0.5146533353254199. Dice score in the validation set (synthetic): 0.969801451265812. (real eval): 0.815028190612793. Time per epoch: 11.664375265439352 minutes
Loss: 0.517472995724529. Dice score in the validation set (synthetic): 0.9622321426868439. (real eval): 0.8945000171661377. Time per epoch: 11.70707102616628 minutes
Loss: 0.5212857038713992. Dice score in the validation set (synthetic): 0.9484701074659825. (real eval): 0.908419668674469. Time per epoch: 11.69860505660375 minutes
Loss: 0.5151622473262251. Dice score in the validation set (synthetic): 0.9669447377324104. (real eval): 0.9042528867721558. Time per epoch: 11.695973471800487 minutes
Loss: 0.5173399653285742. Dice score in the validation set (synthetic): 0.9449313133955002. (real eval): 0.9026899337768555. Time per epoch: 11.699385782082876 minutes
Loss: 0.517386391479522. Dice score in the validation set (synthetic): 0.96699039041996. (real eval): 0.8326637744903564. Time per epoch: 11.710269963741302 minutes
Loss: 0.5145019979216159. Dice score in the validation set (synthetic): 0.9734204143285752. (real eval): 0.8528625965118408. Time per epoch: 11.656668492158254 minutes
Loss: 0.5141254086047411. Dice score in the validation set (synthetic): 0.9656378261744976. (real eval): 0.8285709619522095. Time per epoch: 11.68250703016917 minutes
Loss: 0.5247638660483063. Dice score in the validation set (synthetic): 0.9650463536381721. (real eval): 0.7368370294570923. Time per epoch: 11.703177650769552 minutes
Loss: 0.5155128975398838. Dice score in the validation set (synthetic): 0.9710315898060798. (real eval): 0.7120764255523682. Time per epoch: 11.73043893178304 minutes
Loss: 0.5142066804692149. Dice score in the validation set (synthetic): 0.9604798465967178. (real eval): 0.6811646223068237. Time per epoch: 11.869615681966145 minutes
Loss: 0.5139912870712579. Dice score in the validation set (synthetic): 0.9716541603207588. (real eval): 0.6944925785064697. Time per epoch: 11.69451925754547 minutes
Loss: 0.5148929665796459. Dice score in the validation set (synthetic): 0.9725796774029731. (real eval): 0.6919311881065369. Time per epoch: 11.74072147210439 minutes
Loss: 0.5141983903944493. Dice score in the validation set (synthetic): 0.9714431963860989. (real eval): 0.737762451171875. Time per epoch: 11.74706205924352 minutes
Loss: 0.512186395470053. Dice score in the validation set (synthetic): 0.9720205865800381. (real eval): 0.723829984664917. Time per epoch: 11.696878496805827 minutes
Loss: 0.5138130671344697. Dice score in the validation set (synthetic): 0.9694605156779289. (real eval): 0.7152435779571533. Time per epoch: 11.666313564777374 minutes
Loss: 0.5139277575537562. Dice score in the validation set (synthetic): 0.9723693385720253. (real eval): 0.7918328046798706. Time per epoch: 11.693762465318043 minutes
Loss: 0.5139525228179991. Dice score in the validation set (synthetic): 0.9748029574751854. (real eval): 0.6838933825492859. Time per epoch: 11.760395169258118 minutes
Loss: 0.5144446580670774. Dice score in the validation set (synthetic): 0.9593759253621101. (real eval): 0.814105212688446. Time per epoch: 11.782042332490285 minutes
Loss: 0.5171901740133762. Dice score in the validation set (synthetic): 0.9534059591591358. (real eval): 0.9016602039337158. Time per epoch: 11.691097223758698 minutes
Loss: 0.5155277156271041. Dice score in the validation set (synthetic): 0.9700298316776752. (real eval): 0.8583350777626038. Time per epoch: 11.68471694389979 minutes
Loss: 0.5130060756579041. Dice score in the validation set (synthetic): 0.9710215710103511. (real eval): 0.8479857444763184. Time per epoch: 11.68943144083023 minutes
Loss: 0.5126615541987121. Dice score in the validation set (synthetic): 0.9736120201647281. (real eval): 0.8616113662719727. Time per epoch: 11.720321166515351 minutes
Loss: 0.513599079567939. Dice score in the validation set (synthetic): 0.9744335815310479. (real eval): 0.8890336155891418. Time per epoch: 11.714580380916596 minutes
Loss: 0.5138853442855179. Dice score in the validation set (synthetic): 0.9697887271642684. (real eval): 0.8924117088317871. Time per epoch: 11.715958607196807 minutes
Loss: 0.5154431850649417. Dice score in the validation set (synthetic): 0.9710605643689633. (real eval): 0.8850640654563904. Time per epoch: 11.817748196919759 minutes
Loss: 0.51360824983567. Dice score in the validation set (synthetic): 0.97614855915308. (real eval): 0.8954318761825562. Time per epoch: 11.848528512318929 minutes
Loss: 0.512486160453409. Dice score in the validation set (synthetic): 0.9695782124996185. (real eval): 0.8600090742111206. Time per epoch: 11.759675920009613 minutes
Loss: 0.5127086108550429. Dice score in the validation set (synthetic): 0.9730942331254482. (real eval): 0.8637996315956116. Time per epoch: 11.759047130743662 minutes
Loss: 0.5129791355691851. Dice score in the validation set (synthetic): 0.9739848375320435. (real eval): 0.8453029990196228. Time per epoch: 11.921248984336852 minutes
Loss: 0.5172081437893212. Dice score in the validation set (synthetic): 0.9622328862547874. (real eval): 0.8312397003173828. Time per epoch: 11.714728430906932 minutes
Loss: 0.5142431059852243. Dice score in the validation set (synthetic): 0.9735771827399731. (real eval): 0.8927673697471619. Time per epoch: 11.736587544282278 minutes
Loss: 0.5120823677629233. Dice score in the validation set (synthetic): 0.9742881946265698. (real eval): 0.874440610408783. Time per epoch: 11.736966327826183 minutes
Loss: 0.5123148934915662. Dice score in the validation set (synthetic): 0.9749485343694687. (real eval): 0.8649811148643494. Time per epoch: 11.719640986124675 minutes
Loss: 0.5127289549447596. Dice score in the validation set (synthetic): 0.9760984249413014. (real eval): 0.8802321553230286. Time per epoch: 11.714749046166737 minutes
Loss: 0.5121798078529537. Dice score in the validation set (synthetic): 0.9764911144971847. (real eval): 0.6984509229660034. Time per epoch: 11.72061090071996 minutes
Loss: 0.5114782774820924. Dice score in the validation set (synthetic): 0.9753125615417957. (real eval): 0.8297964930534363. Time per epoch: 11.729935777187347 minutes
Loss: 0.5135991413146257. Dice score in the validation set (synthetic): 0.9750780314207077. (real eval): 0.8823949098587036. Time per epoch: 11.721137980620066 minutes
Loss: 0.5120404744520783. Dice score in the validation set (synthetic): 0.9742320656776429. (real eval): 0.8504729270935059. Time per epoch: 11.866677502791086 minutes
Loss: 0.5120544446632266. Dice score in the validation set (synthetic): 0.9762688457965851. (real eval): 0.7875607013702393. Time per epoch: 11.805622585614522 minutes
Loss: 0.5125134613364934. Dice score in the validation set (synthetic): 0.9758282177150249. (real eval): 0.8048492074012756. Time per epoch: 11.734278619289398 minutes
Loss: 0.5117650178261102. Dice score in the validation set (synthetic): 0.9754749879240989. (real eval): 0.847096860408783. Time per epoch: 11.73483460744222 minutes
Loss: 0.5114978636614979. Dice score in the validation set (synthetic): 0.9749776035547256. (real eval): 0.8211249113082886. Time per epoch: 11.916494369506836 minutes
Loss: 0.5122100169770419. Dice score in the validation set (synthetic): 0.9766071304678917. (real eval): 0.8285247087478638. Time per epoch: 11.742200823624929 minutes
Loss: 0.5118555208668113. Dice score in the validation set (synthetic): 0.9768391229212284. (real eval): 0.8237738609313965. Time per epoch: 11.72276751200358 minutes
Loss: 0.5113800755701959. Dice score in the validation set (synthetic): 0.9783070102334023. (real eval): 0.8352566957473755. Time per epoch: 11.69468288421631 minutes
Loss: 0.5107330764643848. Dice score in the validation set (synthetic): 0.9754920721054077. (real eval): 0.8886004686355591. Time per epoch: 11.963859105110169 minutes
Loss: 0.5110251110047102. Dice score in the validation set (synthetic): 0.9782085098326206. (real eval): 0.8468928337097168. Time per epoch: 11.68750117222468 minutes
Loss: 0.5123127393424511. Dice score in the validation set (synthetic): 0.9734708897769451. (real eval): 0.8224300146102905. Time per epoch: 11.690245946248373 minutes
Loss: 0.5116086865775287. Dice score in the validation set (synthetic): 0.9800098910927773. (real eval): 0.8284969329833984. Time per epoch: 11.772625819842021 minutes
Loss: 0.5147268081083893. Dice score in the validation set (synthetic): 0.9401403233408928. (real eval): 0.764238715171814. Time per epoch: 11.693412903944651 minutes
Loss: 0.515155304968357. Dice score in the validation set (synthetic): 0.9761598460376263. (real eval): 0.8498923778533936. Time per epoch: 11.777049442132315 minutes
Loss: 0.5120710600167513. Dice score in the validation set (synthetic): 0.9763717159628869. (real eval): 0.867294430732727. Time per epoch: 11.733562103907268 minutes
Loss: 0.5111257186159491. Dice score in the validation set (synthetic): 0.9764093890786171. (real eval): 0.8139470815658569. Time per epoch: 11.80236246585846 minutes
Loss: 0.5109103309921921. Dice score in the validation set (synthetic): 0.9782001011073589. (real eval): 0.8362727761268616. Time per epoch: 11.71565390030543 minutes
Loss: 0.5092577939853072. Dice score in the validation set (synthetic): 0.9778323777019977. (real eval): 0.8438568115234375. Time per epoch: 11.7966264128685 minutes
Loss: 0.5108872707933187. Dice score in the validation set (synthetic): 0.9793159432709218. (real eval): 0.8421361446380615. Time per epoch: 11.709514292081197 minutes
Loss: 0.5107358239591122. Dice score in the validation set (synthetic): 0.9796728178858757. (real eval): 0.847409725189209. Time per epoch: 11.763288640975953 minutes
Loss: 0.5097628278657794. Dice score in the validation set (synthetic): 0.9785094365477562. (real eval): 0.8902082443237305. Time per epoch: 11.698034584522247 minutes
Loss: 0.5110803642310202. Dice score in the validation set (synthetic): 0.9776166722178459. (real eval): 0.8877863883972168. Time per epoch: 11.737604713439941 minutes
Loss: 0.5101287298835814. Dice score in the validation set (synthetic): 0.978973625600338. (real eval): 0.867955207824707. Time per epoch: 11.721351555983226 minutes
Loss: 0.5102948520332575. Dice score in the validation set (synthetic): 0.9786056913435459. (real eval): 0.8069026470184326. Time per epoch: 11.715756011009216 minutes
Loss: 0.5111046504229307. Dice score in the validation set (synthetic): 0.9759185664355755. (real eval): 0.8962620496749878. Time per epoch: 11.690852204958597 minutes
Loss: 0.5111578213050961. Dice score in the validation set (synthetic): 0.9775703936815262. (real eval): 0.8209372758865356. Time per epoch: 11.695256646474203 minutes
Loss: 0.5117963849566877. Dice score in the validation set (synthetic): 0.9742655143141746. (real eval): 0.8609081506729126. Time per epoch: 11.699979869524638 minutes
Loss: 0.5100850461050868. Dice score in the validation set (synthetic): 0.9791475392878055. (real eval): 0.8721187114715576. Time per epoch: 11.693735671043395 minutes
Loss: 0.5125153322704137. Dice score in the validation set (synthetic): 0.9787811078131199. (real eval): 0.869710385799408. Time per epoch: 11.759714555740356 minutes
Loss: 0.511859702412039. Dice score in the validation set (synthetic): 0.9791389495134354. (real eval): 0.8891499042510986. Time per epoch: 11.795788538455962 minutes
Loss: 0.5096563946455717. Dice score in the validation set (synthetic): 0.9775482714176178. (real eval): 0.8826912641525269. Time per epoch: 11.751454253991445 minutes
Loss: 0.5101443354040385. Dice score in the validation set (synthetic): 0.9801099643111228. (real eval): 0.8954428434371948. Time per epoch: 11.769207199414572 minutes
Loss: 0.5102466710843145. Dice score in the validation set (synthetic): 0.9792693525552749. (real eval): 0.8842940330505371. Time per epoch: 11.709929402669271 minutes
Loss: 0.5109268207103014. Dice score in the validation set (synthetic): 0.9786805294454097. (real eval): 0.8664067387580872. Time per epoch: 11.732384912172954 minutes
Loss: 0.5107077422551811. Dice score in the validation set (synthetic): 0.979783071577549. (real eval): 0.8806580305099487. Time per epoch: 11.72597115834554 minutes
Loss: 0.510045288875699. Dice score in the validation set (synthetic): 0.9800137832760811. (real eval): 0.8771401643753052. Time per epoch: 11.680791409810384 minutes
Loss: 0.5101770694367588. Dice score in the validation set (synthetic): 0.980308685451746. (real eval): 0.878987193107605. Time per epoch: 11.785278471310933 minutes
Loss: 0.5105969710275531. Dice score in the validation set (synthetic): 0.9774700663983822. (real eval): 0.8957390189170837. Time per epoch: 11.739862859249115 minutes
Loss: 0.5106806815601885. Dice score in the validation set (synthetic): 0.9800656743347644. (real eval): 0.8890982270240784. Time per epoch: 11.72345673640569 minutes
slurmstepd: error: *** JOB 620845 ON gpunode-1-7 CANCELLED AT 2024-02-27T10:26:11 ***
