Loading state dict
loaded model
All file names are correct
Dataset correct loop
Number of samples is 3
Loss: 0.8330756028493246. Dice score in the validation set (synthetic): 0.6214198768138885. (real eval): 0.5692793130874634. Time per epoch: 0.3256113290786743 minutes
Loss: 0.6761443416277567. Dice score in the validation set (synthetic): 0.6865225583314896. (real eval): 0.615224023660024. Time per epoch: 0.2567047079404195 minutes
Loss: 0.6197172800699869. Dice score in the validation set (synthetic): 0.7584301680326462. (real eval): 0.6561456918716431. Time per epoch: 0.2598341623942057 minutes
Loss: 0.6226739088694254. Dice score in the validation set (synthetic): 0.7812043726444244. (real eval): 0.6643640597661337. Time per epoch: 0.2546977877616882 minutes
Loss: 0.5892334580421448. Dice score in the validation set (synthetic): 0.7714633792638779. (real eval): 0.660067061583201. Time per epoch: 0.28091641664505007 minutes
Loss: 0.5790356794993082. Dice score in the validation set (synthetic): 0.7650843411684036. (real eval): 0.6700438857078552. Time per epoch: 0.25605681737263997 minutes
Loss: 0.5804800987243652. Dice score in the validation set (synthetic): 0.77117058634758. (real eval): 0.6997074087460836. Time per epoch: 0.24113020499547322 minutes
Loss: 0.5808747410774231. Dice score in the validation set (synthetic): 0.7819292694330215. (real eval): 0.7248530785242716. Time per epoch: 0.24596591790517172 minutes
Loss: 0.567713717619578. Dice score in the validation set (synthetic): 0.7878767251968384. (real eval): 0.7341407934824625. Time per epoch: 0.2598982890446981 minutes
Loss: 0.5653418898582458. Dice score in the validation set (synthetic): 0.7890381366014481. (real eval): 0.7345485091209412. Time per epoch: 0.284151299794515 minutes
Loss: 0.5645330548286438. Dice score in the validation set (synthetic): 0.7883564829826355. (real eval): 0.7250417073567709. Time per epoch: 0.26427063941955564 minutes
Loss: 0.5709596276283264. Dice score in the validation set (synthetic): 0.7975842952728271. (real eval): 0.717038889726003. Time per epoch: 0.26032714049021405 minutes
Loss: 0.5576637585957845. Dice score in the validation set (synthetic): 0.8011555224657059. (real eval): 0.713862399260203. Time per epoch: 0.2477335492769877 minutes
Loss: 0.5627231597900391. Dice score in the validation set (synthetic): 0.7993742972612381. (real eval): 0.7124775449434916. Time per epoch: 0.2402690847714742 minutes
Loss: 0.5661583542823792. Dice score in the validation set (synthetic): 0.7955112010240555. (real eval): 0.7173518935839335. Time per epoch: 0.2830855886141459 minutes
Loss: 0.5547493100166321. Dice score in the validation set (synthetic): 0.7958333641290665. (real eval): 0.7234353820482889. Time per epoch: 0.25330208937327064 minutes
Loss: 0.5619758566220602. Dice score in the validation set (synthetic): 0.7966669499874115. (real eval): 0.7273646791776022. Time per epoch: 0.2445610245068868 minutes
Loss: 0.5611709157625834. Dice score in the validation set (synthetic): 0.7970715463161469. (real eval): 0.7320271333058676. Time per epoch: 0.24664097627003986 minutes
Loss: 0.5526565710703532. Dice score in the validation set (synthetic): 0.799062579870224. (real eval): 0.7293660640716553. Time per epoch: 0.22676345904668171 minutes
Loss: 0.5552287101745605. Dice score in the validation set (synthetic): 0.8032238483428955. (real eval): 0.7240608334541321. Time per epoch: 0.2644546111424764 minutes
Loss: 0.5475562612215678. Dice score in the validation set (synthetic): 0.8078310340642929. (real eval): 0.7204641302426656. Time per epoch: 0.23168996175130208 minutes
Loss: 0.5562294522921244. Dice score in the validation set (synthetic): 0.8109102249145508. (real eval): 0.7196199297904968. Time per epoch: 0.24809893767038982 minutes
Loss: 0.5546296238899231. Dice score in the validation set (synthetic): 0.8130714744329453. (real eval): 0.7194211284319559. Time per epoch: 0.2480814774831136 minutes
Loss: 0.5576910972595215. Dice score in the validation set (synthetic): 0.8159735202789307. (real eval): 0.7251858909924825. Time per epoch: 0.24049975474675497 minutes
Loss: 0.5588481227556864. Dice score in the validation set (synthetic): 0.816088929772377. (real eval): 0.7313669721285502. Time per epoch: 0.28538848559061686 minutes
Loss: 0.5557367404301962. Dice score in the validation set (synthetic): 0.8152276426553726. (real eval): 0.732942799727122. Time per epoch: 0.263057553768158 minutes
Loss: 0.5527543425559998. Dice score in the validation set (synthetic): 0.814710944890976. (real eval): 0.7324120402336121. Time per epoch: 0.2149186094601949 minutes
Loss: 0.5540413856506348. Dice score in the validation set (synthetic): 0.8159839063882828. (real eval): 0.728946328163147. Time per epoch: 0.23763558467229207 minutes
Loss: 0.5512949824333191. Dice score in the validation set (synthetic): 0.8165069222450256. (real eval): 0.7250560522079468. Time per epoch: 0.26833310127258303 minutes
Loss: 0.5573848088582357. Dice score in the validation set (synthetic): 0.8161690533161163. (real eval): 0.7261778513590494. Time per epoch: 0.27338064114252725 minutes
Loss: 0.5588263670603434. Dice score in the validation set (synthetic): 0.8149136602878571. (real eval): 0.7290526827176412. Time per epoch: 0.22652506828308105 minutes
Loss: 0.5533872842788696. Dice score in the validation set (synthetic): 0.8139760345220566. (real eval): 0.7338831822077433. Time per epoch: 0.24571054776509602 minutes
Loss: 0.5479235649108887. Dice score in the validation set (synthetic): 0.8127379417419434. (real eval): 0.7333207130432129. Time per epoch: 0.2609165986378988 minutes
Loss: 0.5538943608601888. Dice score in the validation set (synthetic): 0.8118940144777298. (real eval): 0.7312851349512736. Time per epoch: 0.23093504110972088 minutes
Loss: 0.5552454789479574. Dice score in the validation set (synthetic): 0.8138536214828491. (real eval): 0.7290644645690918. Time per epoch: 0.2679261287053426 minutes
Loss: 0.5525105595588684. Dice score in the validation set (synthetic): 0.8155419677495956. (real eval): 0.7258530855178833. Time per epoch: 0.2487514893213908 minutes
Loss: 0.5560046434402466. Dice score in the validation set (synthetic): 0.8160878717899323. (real eval): 0.7251432736714681. Time per epoch: 0.25851630767186484 minutes
Loss: 0.5481915275255839. Dice score in the validation set (synthetic): 0.8164960443973541. (real eval): 0.7258742650349935. Time per epoch: 0.2575454036394755 minutes
Loss: 0.5537169178326925. Dice score in the validation set (synthetic): 0.8154493570327759. (real eval): 0.7252171834309896. Time per epoch: 0.26273523569107055 minutes
Loss: 0.5538579424222311. Dice score in the validation set (synthetic): 0.8150526136159897. (real eval): 0.7253807385762533. Time per epoch: 0.25740371147791546 minutes
Loss: 0.5503538846969604. Dice score in the validation set (synthetic): 0.8158113360404968. (real eval): 0.7266217668851217. Time per epoch: 0.23013147910435994 minutes
Loss: 0.5502181450525919. Dice score in the validation set (synthetic): 0.8167255520820618. (real eval): 0.7273810903231303. Time per epoch: 0.24698256651560466 minutes
Loss: 0.548453172047933. Dice score in the validation set (synthetic): 0.817468672990799. (real eval): 0.7285970052083334. Time per epoch: 0.2503893256187439 minutes
Loss: 0.5522153377532959. Dice score in the validation set (synthetic): 0.8188721984624863. (real eval): 0.7326489686965942. Time per epoch: 0.2507807493209839 minutes
Loss: 0.5440260569254557. Dice score in the validation set (synthetic): 0.8192064613103867. (real eval): 0.7354377706845602. Time per epoch: 0.28708070119222007 minutes
Loss: 0.5439477761586508. Dice score in the validation set (synthetic): 0.8184333592653275. (real eval): 0.7343947092692057. Time per epoch: 0.2416611949602763 minutes
Loss: 0.5472420255343119. Dice score in the validation set (synthetic): 0.8190383613109589. (real eval): 0.7306880553563436. Time per epoch: 0.2653894464174906 minutes
Loss: 0.5488783915837606. Dice score in the validation set (synthetic): 0.8191133886575699. (real eval): 0.7290318012237549. Time per epoch: 0.25343272686004636 minutes
Loss: 0.5511322021484375. Dice score in the validation set (synthetic): 0.8198850154876709. (real eval): 0.7293639977773031. Time per epoch: 0.23329579432805378 minutes
Loss: 0.5479210813840231. Dice score in the validation set (synthetic): 0.8234558403491974. (real eval): 0.7273523410161337. Time per epoch: 0.28189876476923625 minutes
Loss: 0.5444702704747518. Dice score in the validation set (synthetic): 0.8253088742494583. (real eval): 0.7243258953094482. Time per epoch: 0.25220460891723634 minutes
Loss: 0.5539597471555074. Dice score in the validation set (synthetic): 0.8215228915214539. (real eval): 0.7226971785227457. Time per epoch: 0.23653306563695273 minutes
Loss: 0.553975502649943. Dice score in the validation set (synthetic): 0.8217983543872833. (real eval): 0.7275272210439047. Time per epoch: 0.2669722477595011 minutes
Loss: 0.5488096872965494. Dice score in the validation set (synthetic): 0.8220291286706924. (real eval): 0.7343153556187948. Time per epoch: 0.26156371434529624 minutes
Loss: 0.5526100397109985. Dice score in the validation set (synthetic): 0.8218044638633728. (real eval): 0.7394824425379435. Time per epoch: 0.2822030464808146 minutes
Loss: 0.5506347417831421. Dice score in the validation set (synthetic): 0.8236026763916016. (real eval): 0.7423382004102071. Time per epoch: 0.22756731112798054 minutes
Loss: 0.5495219031969706. Dice score in the validation set (synthetic): 0.8260276615619659. (real eval): 0.7437309821446737. Time per epoch: 0.25931944847106936 minutes
Loss: 0.5583875377972921. Dice score in the validation set (synthetic): 0.8265582770109177. (real eval): 0.7406254013379415. Time per epoch: 0.23295517762502035 minutes
Loss: 0.5574324131011963. Dice score in the validation set (synthetic): 0.8243795782327652. (real eval): 0.7386090755462646. Time per epoch: 0.2636365373929342 minutes
Loss: 0.548012355963389. Dice score in the validation set (synthetic): 0.8242615610361099. (real eval): 0.7386043667793274. Time per epoch: 0.276613187789917 minutes
Loss: 0.5543692509333292. Dice score in the validation set (synthetic): 0.8254096657037735. (real eval): 0.739106555779775. Time per epoch: 0.26268045902252196 minutes
Loss: 0.5460045337677002. Dice score in the validation set (synthetic): 0.8276016861200333. (real eval): 0.7383702794710795. Time per epoch: 0.2469349980354309 minutes
Loss: 0.5478451450665792. Dice score in the validation set (synthetic): 0.8293116390705109. (real eval): 0.732694665590922. Time per epoch: 0.2503781040509542 minutes
Loss: 0.5480578343073527. Dice score in the validation set (synthetic): 0.831256628036499. (real eval): 0.7344237168629965. Time per epoch: 0.26461249589920044 minutes
Loss: 0.5516100923220316. Dice score in the validation set (synthetic): 0.8312310725450516. (real eval): 0.7370816270510355. Time per epoch: 0.28104044596354166 minutes
Loss: 0.5603169401486715. Dice score in the validation set (synthetic): 0.827210545539856. (real eval): 0.7378149628639221. Time per epoch: 0.24112186034520466 minutes
Loss: 0.5491457978884379. Dice score in the validation set (synthetic): 0.8217653185129166. (real eval): 0.7369155883789062. Time per epoch: 0.25764979124069215 minutes
Loss: 0.5414848725001017. Dice score in the validation set (synthetic): 0.8204280585050583. (real eval): 0.7353770732879639. Time per epoch: 0.2506277362505595 minutes
Loss: 0.5511841575304667. Dice score in the validation set (synthetic): 0.8177918940782547. (real eval): 0.7399295965830485. Time per epoch: 0.24836721420288085 minutes
Loss: 0.5484766562779745. Dice score in the validation set (synthetic): 0.8183345049619675. (real eval): 0.7476002971331278. Time per epoch: 0.2799565315246582 minutes
Loss: 0.5468870798746744. Dice score in the validation set (synthetic): 0.8225435316562653. (real eval): 0.7512339552243551. Time per epoch: 0.26567955017089845 minutes
Loss: 0.5500709414482117. Dice score in the validation set (synthetic): 0.8254259824752808. (real eval): 0.7503931919733683. Time per epoch: 0.2611306508382161 minutes
Loss: 0.5433758099873861. Dice score in the validation set (synthetic): 0.8281493186950684. (real eval): 0.747903307278951. Time per epoch: 0.2566697319348653 minutes
Loss: 0.555519700050354. Dice score in the validation set (synthetic): 0.830302819609642. (real eval): 0.7513868610064188. Time per epoch: 0.25148818890253705 minutes
Loss: 0.5503169695536295. Dice score in the validation set (synthetic): 0.8286483287811279. (real eval): 0.7526117364565531. Time per epoch: 0.25149272282918295 minutes
Loss: 0.5523150563240051. Dice score in the validation set (synthetic): 0.8275460451841354. (real eval): 0.7489683032035828. Time per epoch: 0.22462009986241657 minutes
Loss: 0.554691731929779. Dice score in the validation set (synthetic): 0.8293336778879166. (real eval): 0.7443448702494303. Time per epoch: 0.23861831823984783 minutes
Loss: 0.5601669947306315. Dice score in the validation set (synthetic): 0.8317280113697052. (real eval): 0.7443958123524984. Time per epoch: 0.2546127716700236 minutes
Loss: 0.5520606438318888. Dice score in the validation set (synthetic): 0.8351284712553024. (real eval): 0.7495383024215698. Time per epoch: 0.24660964409510294 minutes
Loss: 0.5500349998474121. Dice score in the validation set (synthetic): 0.8355574607849121. (real eval): 0.7518784801165262. Time per epoch: 0.2837274114290873 minutes
Loss: 0.5480013887087504. Dice score in the validation set (synthetic): 0.8356111198663712. (real eval): 0.7521016200383505. Time per epoch: 0.2631979942321777 minutes
Loss: 0.5515265862147013. Dice score in the validation set (synthetic): 0.8347488343715668. (real eval): 0.750087042649587. Time per epoch: 0.23077441453933717 minutes
Loss: 0.5480263233184814. Dice score in the validation set (synthetic): 0.8321978151798248. (real eval): 0.7478839159011841. Time per epoch: 0.23847014904022218 minutes
Loss: 0.5466063618659973. Dice score in the validation set (synthetic): 0.8327546119689941. (real eval): 0.7495154539744059. Time per epoch: 0.25543134212493895 minutes
Loss: 0.5451258420944214. Dice score in the validation set (synthetic): 0.8360772430896759. (real eval): 0.7503908475240072. Time per epoch: 0.2540281017621358 minutes
Loss: 0.54872065782547. Dice score in the validation set (synthetic): 0.8380007296800613. (real eval): 0.752410352230072. Time per epoch: 0.22605533202489217 minutes
Loss: 0.5547184944152832. Dice score in the validation set (synthetic): 0.8391306400299072. (real eval): 0.7526416381200155. Time per epoch: 0.2443934917449951 minutes
Loss: 0.5401681860287985. Dice score in the validation set (synthetic): 0.8376565873622894. (real eval): 0.751415471235911. Time per epoch: 0.24922508398691814 minutes
Loss: 0.5471540292104086. Dice score in the validation set (synthetic): 0.8382347375154495. (real eval): 0.7512015302975973. Time per epoch: 0.24041608969370523 minutes
Loss: 0.5494712392489115. Dice score in the validation set (synthetic): 0.8392576724290848. (real eval): 0.7519336144129435. Time per epoch: 0.264188023408254 minutes
Loss: 0.5469585458437601. Dice score in the validation set (synthetic): 0.8388016521930695. (real eval): 0.7557194828987122. Time per epoch: 0.2391440788904826 minutes
Loss: 0.5495719114939371. Dice score in the validation set (synthetic): 0.8369249105453491. (real eval): 0.7576895157496134. Time per epoch: 0.24477309385935467 minutes
Loss: 0.5535265803337097. Dice score in the validation set (synthetic): 0.8360756039619446. (real eval): 0.7501262823740641. Time per epoch: 0.249121622244517 minutes
Loss: 0.5536910692850748. Dice score in the validation set (synthetic): 0.8338150233030319. (real eval): 0.7371838887532552. Time per epoch: 0.25001887083053587 minutes
Loss: 0.5549465616544088. Dice score in the validation set (synthetic): 0.8344222903251648. (real eval): 0.7294888099034628. Time per epoch: 0.2930237094561259 minutes
Loss: 0.548867404460907. Dice score in the validation set (synthetic): 0.8371061086654663. (real eval): 0.7300528089205424. Time per epoch: 0.23707579374313353 minutes
Loss: 0.55038849512736. Dice score in the validation set (synthetic): 0.8384144157171249. (real eval): 0.7386123538017273. Time per epoch: 0.27004855473836265 minutes
Loss: 0.5511316259702047. Dice score in the validation set (synthetic): 0.8365959972143173. (real eval): 0.7510334451993307. Time per epoch: 0.24480825662612915 minutes
Loss: 0.5508870085080465. Dice score in the validation set (synthetic): 0.8329335451126099. (real eval): 0.7474152644475301. Time per epoch: 0.2644002318382263 minutes
/scratch/itee/uqasha24/synthetic-generalisation/method:synthseg/SegMRI/utils/plotting.py:19: RuntimeWarning: More than 20 figures have been opened. Figures created through the pyplot interface (`matplotlib.pyplot.figure`) are retained until explicitly closed and may consume too much memory. (To control this warning, see the rcParam `figure.max_open_warning`). Consider using `matplotlib.pyplot.close()`.
  fig = plt.figure(figsize=(30, 5))
Loss: 0.5551473697026571. Dice score in the validation set (synthetic): 0.831302136182785. (real eval): 0.7480541865030924. Time per epoch: 0.2741905172665914 minutes
Loss: 0.5458000898361206. Dice score in the validation set (synthetic): 0.8303614556789398. (real eval): 0.7512549559275309. Time per epoch: 0.23572576840718587 minutes
Loss: 0.549130360285441. Dice score in the validation set (synthetic): 0.8328956961631775. (real eval): 0.7547121644020081. Time per epoch: 0.2420337994893392 minutes
Loss: 0.5474335749944051. Dice score in the validation set (synthetic): 0.8367910087108612. (real eval): 0.7575709223747253. Time per epoch: 0.25156951347986856 minutes
Loss: 0.555647095044454. Dice score in the validation set (synthetic): 0.8373001217842102. (real eval): 0.7570922573407491. Time per epoch: 0.2696954528490702 minutes
Loss: 0.5446895956993103. Dice score in the validation set (synthetic): 0.8365254998207092. (real eval): 0.7562547326087952. Time per epoch: 0.28166576226552326 minutes
Loss: 0.543938418229421. Dice score in the validation set (synthetic): 0.8365513533353806. (real eval): 0.7584388057390848. Time per epoch: 0.2482690691947937 minutes
Loss: 0.5499313672383627. Dice score in the validation set (synthetic): 0.8362784385681152. (real eval): 0.7557216882705688. Time per epoch: 0.24338523149490357 minutes
Loss: 0.5451061526934305. Dice score in the validation set (synthetic): 0.8330952674150467. (real eval): 0.7492057283719381. Time per epoch: 0.26953620513280235 minutes
Loss: 0.5498032768567404. Dice score in the validation set (synthetic): 0.83372363448143. (real eval): 0.7442195018132528. Time per epoch: 0.24195831616719563 minutes
Loss: 0.5478449861208597. Dice score in the validation set (synthetic): 0.8388746976852417. (real eval): 0.7490579684575399. Time per epoch: 0.26954077879587807 minutes
Loss: 0.5507235924402872. Dice score in the validation set (synthetic): 0.8368081301450729. (real eval): 0.7580166657765707. Time per epoch: 0.26093300183614093 minutes
Loss: 0.5451977451642355. Dice score in the validation set (synthetic): 0.831469863653183. (real eval): 0.7699592113494873. Time per epoch: 0.24177744388580322 minutes
Loss: 0.543016274770101. Dice score in the validation set (synthetic): 0.8312426507472992. (real eval): 0.7664066354433695. Time per epoch: 0.2367277503013611 minutes
Loss: 0.5507396260897318. Dice score in the validation set (synthetic): 0.8308336734771729. (real eval): 0.759624183177948. Time per epoch: 0.248779296875 minutes
Loss: 0.5510435501734415. Dice score in the validation set (synthetic): 0.8305455446243286. (real eval): 0.7539398272832235. Time per epoch: 0.24589255650838215 minutes
Loss: 0.5454952319463094. Dice score in the validation set (synthetic): 0.8312776535749435. (real eval): 0.7527279059092203. Time per epoch: 0.23386375109354654 minutes
Loss: 0.5509530703226725. Dice score in the validation set (synthetic): 0.8324748873710632. (real eval): 0.7556378046671549. Time per epoch: 0.23204396963119506 minutes
Loss: 0.5544890960057577. Dice score in the validation set (synthetic): 0.8344277441501617. (real eval): 0.7541788021723429. Time per epoch: 0.25095362265904747 minutes
Loss: 0.5499063531557719. Dice score in the validation set (synthetic): 0.8358412832021713. (real eval): 0.7483391761779785. Time per epoch: 0.24779282013575235 minutes
Loss: 0.5477394262949625. Dice score in the validation set (synthetic): 0.832941859960556. (real eval): 0.7453506787618002. Time per epoch: 0.24756534099578859 minutes
Loss: 0.5489103396733602. Dice score in the validation set (synthetic): 0.8294259011745453. (real eval): 0.7467860380808512. Time per epoch: 0.26775232553482053 minutes
Loss: 0.5462215940157572. Dice score in the validation set (synthetic): 0.8304426223039627. (real eval): 0.751814603805542. Time per epoch: 0.26402694384256997 minutes
Loss: 0.5432809392611185. Dice score in the validation set (synthetic): 0.8312857300043106. (real eval): 0.7572875817616781. Time per epoch: 0.2545142372449239 minutes
Loss: 0.5532669822374979. Dice score in the validation set (synthetic): 0.8280268609523773. (real eval): 0.7588704625765482. Time per epoch: 0.23310332298278807 minutes
Loss: 0.546850343545278. Dice score in the validation set (synthetic): 0.8279004096984863. (real eval): 0.7558671434720358. Time per epoch: 0.2626190384229024 minutes
Loss: 0.550261656443278. Dice score in the validation set (synthetic): 0.8331042975187302. (real eval): 0.7458728353182474. Time per epoch: 0.26941392024358113 minutes
Loss: 0.5360604127248129. Dice score in the validation set (synthetic): 0.8344007730484009. (real eval): 0.7388002077738444. Time per epoch: 0.2274224082628886 minutes
Loss: 0.545952578385671. Dice score in the validation set (synthetic): 0.8368848711252213. (real eval): 0.7394527594248453. Time per epoch: 0.24035747448603312 minutes
Loss: 0.5423333048820496. Dice score in the validation set (synthetic): 0.8393092006444931. (real eval): 0.7401885986328125. Time per epoch: 0.26417749722798667 minutes
Loss: 0.5476088921229044. Dice score in the validation set (synthetic): 0.8407771438360214. (real eval): 0.7450146079063416. Time per epoch: 0.25203535159428914 minutes
Loss: 0.542479674021403. Dice score in the validation set (synthetic): 0.8401416391134262. (real eval): 0.75394340356191. Time per epoch: 0.23962427377700807 minutes
Loss: 0.548771321773529. Dice score in the validation set (synthetic): 0.8417681008577347. (real eval): 0.766925036907196. Time per epoch: 0.2713354706764221 minutes
Loss: 0.5468247135480245. Dice score in the validation set (synthetic): 0.8422690629959106. (real eval): 0.7767924070358276. Time per epoch: 0.25624667008717855 minutes
Loss: 0.545748770236969. Dice score in the validation set (synthetic): 0.8402335345745087. (real eval): 0.7778672774632772. Time per epoch: 0.2621870239575704 minutes
Loss: 0.5497324268023173. Dice score in the validation set (synthetic): 0.8406962156295776. (real eval): 0.7776053547859192. Time per epoch: 0.28877079486846924 minutes
Loss: 0.5467630624771118. Dice score in the validation set (synthetic): 0.842602550983429. (real eval): 0.7756102681159973. Time per epoch: 0.26332674821217855 minutes
Loss: 0.5470573504765829. Dice score in the validation set (synthetic): 0.8423030823469162. (real eval): 0.7699655890464783. Time per epoch: 0.2620162844657898 minutes
Loss: 0.5484363635381063. Dice score in the validation set (synthetic): 0.8391691595315933. (real eval): 0.7672386566797892. Time per epoch: 0.24632457892100015 minutes
Loss: 0.5440795024236044. Dice score in the validation set (synthetic): 0.8384368568658829. (real eval): 0.7669810851414999. Time per epoch: 0.24787149826685587 minutes
Loss: 0.5456683238347372. Dice score in the validation set (synthetic): 0.8390367329120636. (real eval): 0.7640548745791117. Time per epoch: 0.2839316129684448 minutes
Loss: 0.5472401181856791. Dice score in the validation set (synthetic): 0.8384468853473663. (real eval): 0.7602615555127462. Time per epoch: 0.2529007911682129 minutes
Loss: 0.5583808024724325. Dice score in the validation set (synthetic): 0.8390938639640808. (real eval): 0.7646893660227457. Time per epoch: 0.2526902794837952 minutes
Loss: 0.5459339817365011. Dice score in the validation set (synthetic): 0.8419961780309677. (real eval): 0.7697326342264811. Time per epoch: 0.2709288438161214 minutes
Loss: 0.5446039040883383. Dice score in the validation set (synthetic): 0.8401996195316315. (real eval): 0.7714766462643942. Time per epoch: 0.25036025047302246 minutes
Loss: 0.550754189491272. Dice score in the validation set (synthetic): 0.8395718634128571. (real eval): 0.7657808462778727. Time per epoch: 0.2717681090037028 minutes
Loss: 0.5534220337867737. Dice score in the validation set (synthetic): 0.841639518737793. (real eval): 0.7580284476280212. Time per epoch: 0.2521167437235514 minutes
Loss: 0.5514765977859497. Dice score in the validation set (synthetic): 0.8401500284671783. (real eval): 0.7581038276354471. Time per epoch: 0.245644474029541 minutes
Loss: 0.54960697889328. Dice score in the validation set (synthetic): 0.8380744159221649. (real eval): 0.757886012395223. Time per epoch: 0.24042564233144123 minutes
Loss: 0.5465599298477173. Dice score in the validation set (synthetic): 0.8411740064620972. (real eval): 0.7558313210805258. Time per epoch: 0.2359525005022685 minutes
Loss: 0.5489954352378845. Dice score in the validation set (synthetic): 0.8432580530643463. (real eval): 0.7512494325637817. Time per epoch: 0.24615201155344646 minutes
Loss: 0.5406731168429056. Dice score in the validation set (synthetic): 0.8426224589347839. (real eval): 0.7451420227686564. Time per epoch: 0.23800952434539796 minutes
Loss: 0.5495982766151428. Dice score in the validation set (synthetic): 0.8432779461145401. (real eval): 0.7507979075113932. Time per epoch: 0.2512483398119609 minutes
Loss: 0.548079232374827. Dice score in the validation set (synthetic): 0.8448902368545532. (real eval): 0.7610918680826823. Time per epoch: 0.2604030688603719 minutes
Loss: 0.5487009088198344. Dice score in the validation set (synthetic): 0.8463228940963745. (real eval): 0.7637062470118204. Time per epoch: 0.25291065375010174 minutes
Loss: 0.5485724806785583. Dice score in the validation set (synthetic): 0.8467430174350739. (real eval): 0.7625573674837748. Time per epoch: 0.2538073658943176 minutes
Loss: 0.5537126262982687. Dice score in the validation set (synthetic): 0.8441314995288849. (real eval): 0.7660160462061564. Time per epoch: 0.24310957590738932 minutes
Loss: 0.5527815421422323. Dice score in the validation set (synthetic): 0.8440745621919632. (real eval): 0.7668664654095968. Time per epoch: 0.2184087673823039 minutes
Loss: 0.5587010582288107. Dice score in the validation set (synthetic): 0.8440525382757187. (real eval): 0.7640848557154337. Time per epoch: 0.2293336311976115 minutes
Loss: 0.5480960408846537. Dice score in the validation set (synthetic): 0.8419168144464493. (real eval): 0.7568891048431396. Time per epoch: 0.24898678064346313 minutes
Loss: 0.5505234797795614. Dice score in the validation set (synthetic): 0.8396092355251312. (real eval): 0.7456831733385721. Time per epoch: 0.28572709957758585 minutes
Loss: 0.5475120941797892. Dice score in the validation set (synthetic): 0.8450831770896912. (real eval): 0.746663510799408. Time per epoch: 0.2397940715154012 minutes
Loss: 0.5384848316510519. Dice score in the validation set (synthetic): 0.8477250039577484. (real eval): 0.7613507509231567. Time per epoch: 0.23003933827082315 minutes
Loss: 0.5450922250747681. Dice score in the validation set (synthetic): 0.8467140644788742. (real eval): 0.7702187498410543. Time per epoch: 0.2655647079149882 minutes
Loss: 0.5435425639152527. Dice score in the validation set (synthetic): 0.8428640961647034. (real eval): 0.7697347005208334. Time per epoch: 0.2577369610468547 minutes
Loss: 0.5476992925008138. Dice score in the validation set (synthetic): 0.8415156304836273. (real eval): 0.767750600973765. Time per epoch: 0.29234875440597535 minutes
Loss: 0.5580784281094869. Dice score in the validation set (synthetic): 0.8408774733543396. (real eval): 0.7677785356839498. Time per epoch: 0.2609572251637777 minutes
Loss: 0.5443716049194336. Dice score in the validation set (synthetic): 0.8456230014562607. (real eval): 0.7748952110608419. Time per epoch: 0.26721028486887616 minutes
Loss: 0.5452457269032797. Dice score in the validation set (synthetic): 0.8422475755214691. (real eval): 0.7761795123418173. Time per epoch: 0.24084300597508748 minutes
Loss: 0.5453252991040548. Dice score in the validation set (synthetic): 0.8386640101671219. (real eval): 0.7748964627583822. Time per epoch: 0.26562869946161904 minutes
Loss: 0.5579843521118164. Dice score in the validation set (synthetic): 0.8376142531633377. (real eval): 0.7738027969996134. Time per epoch: 0.25574233531951907 minutes
Loss: 0.5493602951367696. Dice score in the validation set (synthetic): 0.8420501798391342. (real eval): 0.7724220355351766. Time per epoch: 0.25963512659072874 minutes
Loss: 0.5512207547823588. Dice score in the validation set (synthetic): 0.8455921411514282. (real eval): 0.7758598725001017. Time per epoch: 0.26142627795537315 minutes
Loss: 0.5507288376490275. Dice score in the validation set (synthetic): 0.8429872989654541. (real eval): 0.7818924188613892. Time per epoch: 0.2639652967453003 minutes
Loss: 0.5423641204833984. Dice score in the validation set (synthetic): 0.8439373970031738. (real eval): 0.7781332731246948. Time per epoch: 0.2570074399312337 minutes
Loss: 0.5502944986025492. Dice score in the validation set (synthetic): 0.8440605700016022. (real eval): 0.7743879755338033. Time per epoch: 0.2739443699518839 minutes
Loss: 0.5480269988377889. Dice score in the validation set (synthetic): 0.8457292914390564. (real eval): 0.7775452136993408. Time per epoch: 0.28136287530263265 minutes
Loss: 0.5413207411766052. Dice score in the validation set (synthetic): 0.8445102870464325. (real eval): 0.7822623252868652. Time per epoch: 0.28721229632695516 minutes
Loss: 0.5482995510101318. Dice score in the validation set (synthetic): 0.8420143574476242. (real eval): 0.7827855348587036. Time per epoch: 0.27292192776997887 minutes
Loss: 0.5497602025667826. Dice score in the validation set (synthetic): 0.8461534678936005. (real eval): 0.7849761048952738. Time per epoch: 0.27145291566848756 minutes
Loss: 0.5485813816388448. Dice score in the validation set (synthetic): 0.8464289903640747. (real eval): 0.7865734100341797. Time per epoch: 0.3182055672009786 minutes
Loss: 0.543671170870463. Dice score in the validation set (synthetic): 0.8449199199676514. (real eval): 0.7831025719642639. Time per epoch: 0.26663346687952677 minutes
Loss: 0.5513047774632772. Dice score in the validation set (synthetic): 0.8451725542545319. (real eval): 0.7782831788063049. Time per epoch: 0.2631221334139506 minutes
Loss: 0.5479532281557719. Dice score in the validation set (synthetic): 0.848601296544075. (real eval): 0.7773574988047282. Time per epoch: 0.25922160148620604 minutes
Loss: 0.5524337887763977. Dice score in the validation set (synthetic): 0.8475616723299026. (real eval): 0.7863473296165466. Time per epoch: 0.2503487745920817 minutes
Loss: 0.5424702564875284. Dice score in the validation set (synthetic): 0.8459256142377853. (real eval): 0.7914734880129496. Time per epoch: 0.2823023875554403 minutes
Loss: 0.5528795917828878. Dice score in the validation set (synthetic): 0.8442922532558441. (real eval): 0.7922045588493347. Time per epoch: 0.23250529766082764 minutes
Loss: 0.5545207262039185. Dice score in the validation set (synthetic): 0.8454537689685822. (real eval): 0.7870185176531473. Time per epoch: 0.26017395257949827 minutes
Loss: 0.5509377519289652. Dice score in the validation set (synthetic): 0.8473622053861618. (real eval): 0.7819739182790121. Time per epoch: 0.2589654763539632 minutes
Loss: 0.5427056153615316. Dice score in the validation set (synthetic): 0.8450983017683029. (real eval): 0.7777724862098694. Time per epoch: 0.2506742278734843 minutes
Loss: 0.545920213063558. Dice score in the validation set (synthetic): 0.8428728878498077. (real eval): 0.7743993600209554. Time per epoch: 0.2675364812215169 minutes
Loss: 0.5480968157450358. Dice score in the validation set (synthetic): 0.8480995297431946. (real eval): 0.7691020568211874. Time per epoch: 0.2575353503227234 minutes
Loss: 0.5418981711069742. Dice score in the validation set (synthetic): 0.8488127589225769. (real eval): 0.7700442671775818. Time per epoch: 0.2569373925526937 minutes
Loss: 0.54349285364151. Dice score in the validation set (synthetic): 0.8461910486221313. (real eval): 0.7727347413698832. Time per epoch: 0.2599885900815328 minutes
Loss: 0.5508884787559509. Dice score in the validation set (synthetic): 0.8445382714271545. (real eval): 0.7737594842910767. Time per epoch: 0.26440731684366864 minutes
Loss: 0.5405391454696655. Dice score in the validation set (synthetic): 0.8464204967021942. (real eval): 0.7699663241704305. Time per epoch: 0.289762540658315 minutes
Loss: 0.5455203851064047. Dice score in the validation set (synthetic): 0.8470963537693024. (real eval): 0.7732095122337341. Time per epoch: 0.26364948352177936 minutes
Loss: 0.5506639083226522. Dice score in the validation set (synthetic): 0.8463215380907059. (real eval): 0.790269692738851. Time per epoch: 0.26052834987640383 minutes
Loss: 0.5441081126530966. Dice score in the validation set (synthetic): 0.8484818786382675. (real eval): 0.7942483425140381. Time per epoch: 0.2620009938875834 minutes
Loss: 0.546703577041626. Dice score in the validation set (synthetic): 0.8497844189405441. (real eval): 0.7935134967168173. Time per epoch: 0.2567925850550334 minutes
Loss: 0.5472196737925211. Dice score in the validation set (synthetic): 0.8487124741077423. (real eval): 0.7915797829627991. Time per epoch: 0.28547133604685465 minutes
