All file names are correct
Val split on training active
Number of samples is 120
Loss: 1.4079830795526505. Dice score in the validation set (synthetic): 0.24640455941359202. (real eval): 0.2464656581481298. Time per epoch: 4.814238107204437 minutes
Loss: 1.0204999302824338. Dice score in the validation set (synthetic): 0.5426944106817245. (real eval): 0.33924660086631775. Time per epoch: 4.496180220444997 minutes
Loss: 0.8098035012682279. Dice score in the validation set (synthetic): 0.7711350659529368. (real eval): 0.3330078919728597. Time per epoch: 4.552000439167022 minutes
Loss: 0.7005793988704682. Dice score in the validation set (synthetic): 0.8437611718972524. (real eval): 0.3374309341112773. Time per epoch: 4.496270712216695 minutes
Loss: 0.6426426584521929. Dice score in the validation set (synthetic): 0.886688886086146. (real eval): 0.3255458374818166. Time per epoch: 4.499229649702708 minutes
Loss: 0.5995682562390964. Dice score in the validation set (synthetic): 0.9134352783362071. (real eval): 0.3347366849581401. Time per epoch: 4.485370067755381 minutes
Loss: 0.5895116577545801. Dice score in the validation set (synthetic): 0.9039016465346018. (real eval): 0.3333589235941569. Time per epoch: 4.5695193608601885 minutes
Loss: 0.5743015885353089. Dice score in the validation set (synthetic): 0.9282618701457978. (real eval): 0.35466647148132324. Time per epoch: 4.498509923617045 minutes
Loss: 0.5566099740564823. Dice score in the validation set (synthetic): 0.9358797947565715. (real eval): 0.313559611638387. Time per epoch: 4.505399330457052 minutes
Loss: 0.5538162189225356. Dice score in the validation set (synthetic): 0.9246752878030141. (real eval): 0.3584214349587758. Time per epoch: 4.494756738344829 minutes
Loss: 0.5582037031650543. Dice score in the validation set (synthetic): 0.9373059312502543. (real eval): 0.266463170448939. Time per epoch: 4.506197158495585 minutes
Loss: 0.5456234278778235. Dice score in the validation set (synthetic): 0.9401207586129506. (real eval): 0.2615586668252945. Time per epoch: 4.517458633581797 minutes
Loss: 0.539007692784071. Dice score in the validation set (synthetic): 0.9462970852851867. (real eval): 0.2709653675556183. Time per epoch: 4.521900427341461 minutes
Loss: 0.5371879003942013. Dice score in the validation set (synthetic): 0.9495552579561869. (real eval): 0.3047931641340256. Time per epoch: 4.541652711232503 minutes
Loss: 0.5352586525181929. Dice score in the validation set (synthetic): 0.9472770889600118. (real eval): 0.3002234399318695. Time per epoch: 4.517670941352844 minutes
Loss: 0.5366897982855637. Dice score in the validation set (synthetic): 0.9484686970710754. (real eval): 0.3236529231071472. Time per epoch: 4.493809457619985 minutes
Loss: 0.5421608803172906. Dice score in the validation set (synthetic): 0.9482193569342295. (real eval): 0.30519220729668933. Time per epoch: 4.5135038296381635 minutes
Loss: 0.5335653153558572. Dice score in the validation set (synthetic): 0.9500411808490753. (real eval): 0.3337682286898295. Time per epoch: 4.476416651407877 minutes
Loss: 0.5308390021324157. Dice score in the validation set (synthetic): 0.9526308437188467. (real eval): 0.3288195530573527. Time per epoch: 4.502860283851623 minutes
Loss: 0.5285721289614836. Dice score in the validation set (synthetic): 0.9489609599113464. (real eval): 0.32963211337725323. Time per epoch: 4.502398149172465 minutes
Loss: 0.5273379579186439. Dice score in the validation set (synthetic): 0.9486934443314871. (real eval): 0.30990056196848553. Time per epoch: 4.559047198295593 minutes
Loss: 0.5263484639426073. Dice score in the validation set (synthetic): 0.9495129485925039. (real eval): 0.33145687977472943. Time per epoch: 4.490925892194112 minutes
Loss: 0.5302659136553606. Dice score in the validation set (synthetic): 0.9333981990814209. (real eval): 0.24928611516952515. Time per epoch: 4.4795051177342735 minutes
Loss: 0.5423395859698454. Dice score in the validation set (synthetic): 0.9479627887407939. (real eval): 0.3524151146411896. Time per epoch: 4.52601424853007 minutes
Loss: 0.5290332575639088. Dice score in the validation set (synthetic): 0.9455105900764466. (real eval): 0.38473530610402423. Time per epoch: 4.483571044603983 minutes
Loss: 0.5260630317032338. Dice score in the validation set (synthetic): 0.9508506417274475. (real eval): 0.3346299131711324. Time per epoch: 4.496326728661855 minutes
Loss: 0.5259776977201303. Dice score in the validation set (synthetic): 0.9487299760182698. (real eval): 0.4653093218803406. Time per epoch: 4.5582439382871 minutes
Loss: 0.5264728682736556. Dice score in the validation set (synthetic): 0.9534079849720001. (real eval): 0.35032106439272565. Time per epoch: 4.552266160647075 minutes
Loss: 0.5213146177430947. Dice score in the validation set (synthetic): 0.9543384114901224. (real eval): 0.3288818697134654. Time per epoch: 4.561857914924621 minutes
Loss: 0.5210046018163363. Dice score in the validation set (synthetic): 0.9560309986273448. (real eval): 0.32928335666656494. Time per epoch: 4.487388265132904 minutes
Loss: 0.523468287785848. Dice score in the validation set (synthetic): 0.95601740082105. (real eval): 0.3257783055305481. Time per epoch: 4.535190788904826 minutes
Loss: 0.5210693582892418. Dice score in the validation set (synthetic): 0.95287966132164. (real eval): 0.34246571858723956. Time per epoch: 4.510593473911285 minutes
Loss: 0.5219107585648696. Dice score in the validation set (synthetic): 0.9522664109865825. (real eval): 0.33104389905929565. Time per epoch: 4.505184936523437 minutes
Loss: 0.5223921423157056. Dice score in the validation set (synthetic): 0.962124784787496. (real eval): 0.3263224760691325. Time per epoch: 4.494642496109009 minutes
Loss: 0.5205183329681555. Dice score in the validation set (synthetic): 0.9610717793305715. (real eval): 0.2997318257888158. Time per epoch: 4.53689623673757 minutes
Loss: 0.52173852622509. Dice score in the validation set (synthetic): 0.9628603637218476. (real eval): 0.31463345885276794. Time per epoch: 4.504012389977773 minutes
Loss: 0.5204291343688965. Dice score in the validation set (synthetic): 0.9597262998421987. (real eval): 0.31804058452447254. Time per epoch: 4.506837368011475 minutes
Loss: 0.5340164070328076. Dice score in the validation set (synthetic): 0.9520058393478393. (real eval): 0.3358809252580007. Time per epoch: 4.508863321940104 minutes
Loss: 0.5227687604725361. Dice score in the validation set (synthetic): 0.9584009448687235. (real eval): 0.28866387406984967. Time per epoch: 4.596119248867035 minutes
Loss: 0.5217185350755851. Dice score in the validation set (synthetic): 0.9533606211344401. (real eval): 0.32010551293691. Time per epoch: 4.582940665880839 minutes
Loss: 0.5187328149875005. Dice score in the validation set (synthetic): 0.9577363173166911. (real eval): 0.2947503328323364. Time per epoch: 4.573957951863607 minutes
Loss: 0.5312723529835542. Dice score in the validation set (synthetic): 0.9569302837053935. (real eval): 0.3133623997370402. Time per epoch: 4.509146618843078 minutes
Loss: 0.522289331505696. Dice score in the validation set (synthetic): 0.9618246515591939. (real eval): 0.2976827720801036. Time per epoch: 4.542132826646169 minutes
Loss: 0.5196371540427208. Dice score in the validation set (synthetic): 0.9605313162008922. (real eval): 0.291641225417455. Time per epoch: 4.556026458740234 minutes
Loss: 0.519688411305348. Dice score in the validation set (synthetic): 0.9658664802710215. (real eval): 0.2791279157002767. Time per epoch: 4.484989813963572 minutes
Loss: 0.5185143152872721. Dice score in the validation set (synthetic): 0.9623136182626089. (real eval): 0.29725754757722217. Time per epoch: 4.502897258599599 minutes
Loss: 0.5197240988413493. Dice score in the validation set (synthetic): 0.9561858236789703. (real eval): 0.29624441762765247. Time per epoch: 4.530695633093516 minutes
Loss: 0.518738201012214. Dice score in the validation set (synthetic): 0.9636695166428884. (real eval): 0.2758823186159134. Time per epoch: 4.525557565689087 minutes
Loss: 0.5169209934771061. Dice score in the validation set (synthetic): 0.96167693734169. (real eval): 0.3200727105140686. Time per epoch: 4.490072997411092 minutes
Loss: 0.5187399369974931. Dice score in the validation set (synthetic): 0.9597634136676788. (real eval): 0.283488263686498. Time per epoch: 4.504649607340495 minutes
Loss: 0.5169962468246619. Dice score in the validation set (synthetic): 0.9661252895991007. (real eval): 0.2840661456187566. Time per epoch: 4.514755098025004 minutes
Loss: 0.5199505855639776. Dice score in the validation set (synthetic): 0.9622489631175994. (real eval): 0.3038111478090286. Time per epoch: 4.573750960826874 minutes
Loss: 0.5278005870680015. Dice score in the validation set (synthetic): 0.9284801781177521. (real eval): 0.3274385730425517. Time per epoch: 4.542224482695262 minutes
Loss: 0.5335503086447716. Dice score in the validation set (synthetic): 0.957433420419693. (real eval): 0.29038886229197186. Time per epoch: 4.535891044139862 minutes
Loss: 0.5196234496931235. Dice score in the validation set (synthetic): 0.960767944653829. (real eval): 0.3140522042910258. Time per epoch: 4.5814857641855875 minutes
Loss: 0.5177198591331641. Dice score in the validation set (synthetic): 0.9552670339743297. (real eval): 0.28790225585301715. Time per epoch: 4.550853252410889 minutes
Loss: 0.5178663725654284. Dice score in the validation set (synthetic): 0.9639436225096385. (real eval): 0.29686779777208966. Time per epoch: 4.513636378447215 minutes
Loss: 0.5247431233525276. Dice score in the validation set (synthetic): 0.9096998929977417. (real eval): 0.276993860801061. Time per epoch: 4.518392924467722 minutes
Loss: 0.5255189890662829. Dice score in the validation set (synthetic): 0.9573849459489187. (real eval): 0.277281532684962. Time per epoch: 4.502632768948873 minutes
Loss: 0.5175320409238339. Dice score in the validation set (synthetic): 0.9587009946505228. (real eval): 0.30155840516090393. Time per epoch: 4.556480650107066 minutes
Loss: 0.5182188130915165. Dice score in the validation set (synthetic): 0.9674815555413564. (real eval): 0.2856009403864543. Time per epoch: 4.538298964500427 minutes
Loss: 0.5175716248651345. Dice score in the validation set (synthetic): 0.9582844316959381. (real eval): 0.2834926247596741. Time per epoch: 4.551646606127421 minutes
Loss: 0.5164844994743665. Dice score in the validation set (synthetic): 0.9626327613989513. (real eval): 0.3111504415671031. Time per epoch: 4.4986737410227455 minutes
Loss: 0.5150175847113132. Dice score in the validation set (synthetic): 0.9670609931151072. (real eval): 0.3009400467077891. Time per epoch: 4.553878466288249 minutes
Loss: 0.5194850025077661. Dice score in the validation set (synthetic): 0.9626141925652821. (real eval): 0.3127022286256154. Time per epoch: 4.509980956713359 minutes
Loss: 0.5143400530020396. Dice score in the validation set (synthetic): 0.9662032127380371. (real eval): 0.2931932012240092. Time per epoch: 4.543830915292104 minutes
Loss: 0.517776370793581. Dice score in the validation set (synthetic): 0.9574790358543396. (real eval): 0.27787203590075177. Time per epoch: 4.5000473697980246 minutes
Loss: 0.5163470307985941. Dice score in the validation set (synthetic): 0.9636407176653544. (real eval): 0.28554752469062805. Time per epoch: 4.5497419238090515 minutes
Loss: 0.5151898937920729. Dice score in the validation set (synthetic): 0.9664464751879375. (real eval): 0.29284311334292096. Time per epoch: 4.493794333934784 minutes
Loss: 0.5168398588895797. Dice score in the validation set (synthetic): 0.9628847757975261. (real eval): 0.3122372527917226. Time per epoch: 4.512438825766245 minutes
Loss: 0.515227627257506. Dice score in the validation set (synthetic): 0.9611091534296672. (real eval): 0.28821181257565814. Time per epoch: 4.561940634250641 minutes
Loss: 0.5176359092195829. Dice score in the validation set (synthetic): 0.9645341455936431. (real eval): 0.3012632230917613. Time per epoch: 4.504519128799439 minutes
Loss: 0.5169426520665487. Dice score in the validation set (synthetic): 0.9656463424364726. (real eval): 0.2835087676843007. Time per epoch: 4.526895614465078 minutes
Loss: 0.5164897752304872. Dice score in the validation set (synthetic): 0.9707300206025441. (real eval): 0.2602182428042094. Time per epoch: 4.513047913710277 minutes
Loss: 0.5157997104028861. Dice score in the validation set (synthetic): 0.9655590971310933. (real eval): 0.2953615188598633. Time per epoch: 4.471745506922404 minutes
Loss: 0.519068681448698. Dice score in the validation set (synthetic): 0.9348765154679616. (real eval): 0.3532831569512685. Time per epoch: 4.493720126152039 minutes
Loss: 0.5200738266110421. Dice score in the validation set (synthetic): 0.9648047963778178. (real eval): 0.29796191056569415. Time per epoch: 4.501976025104523 minutes
Loss: 0.5164908158282439. Dice score in the validation set (synthetic): 0.9658040980497996. (real eval): 0.3449296255906423. Time per epoch: 4.563027322292328 minutes
Loss: 0.5175745549301306. Dice score in the validation set (synthetic): 0.9592412312825521. (real eval): 0.29340914885203045. Time per epoch: 4.577421089013417 minutes
Loss: 0.516776708761851. Dice score in the validation set (synthetic): 0.9664505024751028. (real eval): 0.2955426077047984. Time per epoch: 4.5174119154612224 minutes
Loss: 0.5176709684232871. Dice score in the validation set (synthetic): 0.9683938105901082. (real eval): 0.28167537848154706. Time per epoch: 4.574560109774271 minutes
Loss: 0.5166362583637237. Dice score in the validation set (synthetic): 0.9671167592207591. (real eval): 0.2817417234182358. Time per epoch: 4.557589987913768 minutes
Loss: 0.5161052346229553. Dice score in the validation set (synthetic): 0.9679515480995178. (real eval): 0.28330350915590924. Time per epoch: 4.514670022328695 minutes
Loss: 0.5160558660825093. Dice score in the validation set (synthetic): 0.9675035039583842. (real eval): 0.2719929019610087. Time per epoch: 4.503688275814056 minutes
Loss: 0.5155010816951593. Dice score in the validation set (synthetic): 0.9680675009886424. (real eval): 0.2967485884825389. Time per epoch: 4.512038751443227 minutes
Loss: 0.5139242778221766. Dice score in the validation set (synthetic): 0.9685170590877533. (real eval): 0.26037367184956867. Time per epoch: 4.514171942075094 minutes
Loss: 0.5130057322482268. Dice score in the validation set (synthetic): 0.9737251420815786. (real eval): 0.2864163815975189. Time per epoch: 4.540299002329508 minutes
Loss: 0.5140331772466501. Dice score in the validation set (synthetic): 0.9649843156337738. (real eval): 0.29975590109825134. Time per epoch: 4.5750444253285725 minutes
Loss: 0.5208259811004002. Dice score in the validation set (synthetic): 0.9686203638712565. (real eval): 0.2756492694218953. Time per epoch: 4.56482637723287 minutes
Loss: 0.5153480527301629. Dice score in the validation set (synthetic): 0.9675044139226278. (real eval): 0.2740377187728882. Time per epoch: 4.549982527891795 minutes
Loss: 0.5191945197681586. Dice score in the validation set (synthetic): 0.9609612127145132. (real eval): 0.3397212028503418. Time per epoch: 4.570070079962412 minutes
Loss: 0.5166603095829487. Dice score in the validation set (synthetic): 0.9678554594516754. (real eval): 0.3257625699043274. Time per epoch: 4.515490893522898 minutes
Loss: 0.5138209832211336. Dice score in the validation set (synthetic): 0.9662036200364431. (real eval): 0.34492724140485126. Time per epoch: 4.494269788265228 minutes
Loss: 0.5148766982058685. Dice score in the validation set (synthetic): 0.9673392673333486. (real eval): 0.3342415193716685. Time per epoch: 4.517498211065928 minutes
Loss: 0.513837643712759. Dice score in the validation set (synthetic): 0.9683836062749227. (real eval): 0.2847348252932231. Time per epoch: 4.5499611616134645 minutes
Loss: 0.5147267371416092. Dice score in the validation set (synthetic): 0.9624681293964386. (real eval): 0.31251710653305054. Time per epoch: 4.495119802157084 minutes
Loss: 0.5169426826139291. Dice score in the validation set (synthetic): 0.963735693693161. (real eval): 0.32621850570042926. Time per epoch: 4.512266842524211 minutes
Loss: 0.515492320805788. Dice score in the validation set (synthetic): 0.965528404712677. (real eval): 0.29871078332265216. Time per epoch: 4.531331408023834 minutes
Loss: 0.5132125367720922. Dice score in the validation set (synthetic): 0.968784765402476. (real eval): 0.3046151101589203. Time per epoch: 4.533854138851166 minutes
Loss: 0.5164472299317518. Dice score in the validation set (synthetic): 0.9667760709921519. (real eval): 0.34413424134254456. Time per epoch: 4.524467794100444 minutes
Loss: 0.520132663846016. Dice score in the validation set (synthetic): 0.950621219476064. (real eval): 0.3301450212796529. Time per epoch: 4.497262791792552 minutes
Loss: 0.5160363137722015. Dice score in the validation set (synthetic): 0.9707155883312225. (real eval): 0.287156601746877. Time per epoch: 4.514845430850983 minutes
Loss: 0.5147631446520488. Dice score in the validation set (synthetic): 0.9634393155574799. (real eval): 0.253170371055603. Time per epoch: 4.519582859675089 minutes
Loss: 0.5151914566755295. Dice score in the validation set (synthetic): 0.9704392433166504. (real eval): 0.3041905959447225. Time per epoch: 4.491078245639801 minutes
Loss: 0.5161971169213454. Dice score in the validation set (synthetic): 0.9681086083253224. (real eval): 0.29234616955121356. Time per epoch: 4.497970426082611 minutes
Loss: 0.5130336185296377. Dice score in the validation set (synthetic): 0.9734988212585449. (real eval): 0.30319928129514057. Time per epoch: 4.5064291993776955 minutes
Loss: 0.514992032200098. Dice score in the validation set (synthetic): 0.9734677155812581. (real eval): 0.29191188514232635. Time per epoch: 4.483857838312785 minutes
Loss: 0.5125150747597218. Dice score in the validation set (synthetic): 0.9761053919792175. (real eval): 0.3007254699865977. Time per epoch: 4.511335114638011 minutes
Loss: 0.5138215539356072. Dice score in the validation set (synthetic): 0.972867089509964. (real eval): 0.3043600519498189. Time per epoch: 4.560254716873169 minutes
Loss: 0.5148238196969033. Dice score in the validation set (synthetic): 0.973645971218745. (real eval): 0.2842746476332347. Time per epoch: 4.5004317680994665 minutes
Loss: 0.5146466046571732. Dice score in the validation set (synthetic): 0.9740947167078654. (real eval): 0.2992376188437144. Time per epoch: 4.575621847311655 minutes
Loss: 0.5165091536939144. Dice score in the validation set (synthetic): 0.9735162834326426. (real eval): 0.3076040844122569. Time per epoch: 4.562984275817871 minutes
Loss: 0.5193592421710491. Dice score in the validation set (synthetic): 0.9595571299393971. (real eval): 0.4181741575400035. Time per epoch: 4.496249298254649 minutes
Loss: 0.515519418567419. Dice score in the validation set (synthetic): 0.9699605882167817. (real eval): 0.3010075092315674. Time per epoch: 4.536214077472687 minutes
Loss: 0.5138266312579314. Dice score in the validation set (synthetic): 0.9716012358665467. (real eval): 0.28150713443756104. Time per epoch: 4.495808704694112 minutes
Loss: 0.5127763380606969. Dice score in the validation set (synthetic): 0.9671048780282339. (real eval): 0.2974724272886912. Time per epoch: 4.541294050216675 minutes
Loss: 0.5162593061725299. Dice score in the validation set (synthetic): 0.9747562746206919. (real eval): 0.330846905708313. Time per epoch: 4.4962298234303795 minutes
Loss: 0.5139877662062645. Dice score in the validation set (synthetic): 0.9665378312269847. (real eval): 0.30577454964319867. Time per epoch: 4.535261837641398 minutes
Loss: 0.5143120380739371. Dice score in the validation set (synthetic): 0.9754094421863556. (real eval): 0.30531976620356244. Time per epoch: 4.495679144064585 minutes
Loss: 0.5121477775275707. Dice score in the validation set (synthetic): 0.9727172990640004. (real eval): 0.29153811434904736. Time per epoch: 4.4981475075085955 minutes
Loss: 0.5127336792647839. Dice score in the validation set (synthetic): 0.973608523607254. (real eval): 0.3029441684484482. Time per epoch: 4.496249238650004 minutes
Loss: 0.5125891998410225. Dice score in the validation set (synthetic): 0.9759468833605448. (real eval): 0.2959936857223511. Time per epoch: 4.511719389756521 minutes
Loss: 0.5162574842572212. Dice score in the validation set (synthetic): 0.9717090785503387. (real eval): 0.35032591223716736. Time per epoch: 4.562715264161428 minutes
Loss: 0.5133784987032414. Dice score in the validation set (synthetic): 0.9734432359536489. (real eval): 0.3113941252231598. Time per epoch: 4.490660830338796 minutes
Loss: 0.5179491184651852. Dice score in the validation set (synthetic): 0.9647970656553905. (real eval): 0.2948470264673233. Time per epoch: 4.502776757876078 minutes
Loss: 0.5182606622576713. Dice score in the validation set (synthetic): 0.9758093396822611. (real eval): 0.32572213808695477. Time per epoch: 4.5498548229535425 minutes
Loss: 0.5125801300009092. Dice score in the validation set (synthetic): 0.9746710777282714. (real eval): 0.3229755461215973. Time per epoch: 4.551897887388865 minutes
Loss: 0.5142880926529566. Dice score in the validation set (synthetic): 0.9714503467082978. (real eval): 0.3348650236924489. Time per epoch: 4.5244612773259485 minutes
Loss: 0.5199659573535125. Dice score in the validation set (synthetic): 0.9701842645804087. (real eval): 0.2758823235829671. Time per epoch: 4.496746003627777 minutes
Loss: 0.5155499485631784. Dice score in the validation set (synthetic): 0.9737688859303792. (real eval): 0.27908919751644135. Time per epoch: 4.504530644416809 minutes
Loss: 0.5133296514550845. Dice score in the validation set (synthetic): 0.9709824085235595. (real eval): 0.2903836319843928. Time per epoch: 4.56787896156311 minutes
Loss: 0.5112129710614681. Dice score in the validation set (synthetic): 0.9762093206246694. (real eval): 0.2758120795090993. Time per epoch: 4.525231146812439 minutes
Loss: 0.5139642218748729. Dice score in the validation set (synthetic): 0.9766659557819366. (real eval): 0.28806697328885394. Time per epoch: 4.490747809410095 minutes
Loss: 0.5125070763130982. Dice score in the validation set (synthetic): 0.9749073644479116. (real eval): 0.2831723093986511. Time per epoch: 4.543709135055542 minutes
Loss: 0.5124058199425539. Dice score in the validation set (synthetic): 0.9767457326253255. (real eval): 0.3091642806927363. Time per epoch: 4.497470001379649 minutes
Loss: 0.5133840108911196. Dice score in the validation set (synthetic): 0.9759585440158844. (real eval): 0.2690250376860301. Time per epoch: 4.570474851131439 minutes
Loss: 0.5133866228163242. Dice score in the validation set (synthetic): 0.9753638009230295. (real eval): 0.3112746775150299. Time per epoch: 4.513149221738179 minutes
Loss: 0.5132652575771014. Dice score in the validation set (synthetic): 0.9736155311266581. (real eval): 0.3078206976254781. Time per epoch: 4.496863822142283 minutes
Loss: 0.512386591732502. Dice score in the validation set (synthetic): 0.9770826856295268. (real eval): 0.29428542653719586. Time per epoch: 4.548773058255514 minutes
Loss: 0.512354539334774. Dice score in the validation set (synthetic): 0.9773269712924957. (real eval): 0.32081451018651325. Time per epoch: 4.486465295155843 minutes
Loss: 0.5132038307686647. Dice score in the validation set (synthetic): 0.9770665764808655. (real eval): 0.3220844765504201. Time per epoch: 4.51677630742391 minutes
Loss: 0.5134479492902756. Dice score in the validation set (synthetic): 0.9756748537222545. (real eval): 0.29546332359313965. Time per epoch: 4.47707626024882 minutes
Loss: 0.5130200502773126. Dice score in the validation set (synthetic): 0.9772364377975464. (real eval): 0.30187737941741943. Time per epoch: 4.530773639678955 minutes
Loss: 0.5116468168795109. Dice score in the validation set (synthetic): 0.9762288967768351. (real eval): 0.30064402023951214. Time per epoch: 4.527756237983704 minutes
Loss: 0.5127812976638476. Dice score in the validation set (synthetic): 0.9730187495549519. (real eval): 0.2840130031108856. Time per epoch: 4.531767427921295 minutes
Loss: 0.5127910979092121. Dice score in the validation set (synthetic): 0.9751628677050272. (real eval): 0.28357184926668805. Time per epoch: 4.5594763120015465 minutes
Loss: 0.5125795878469944. Dice score in the validation set (synthetic): 0.9780669033527374. (real eval): 0.27918317417303723. Time per epoch: 4.520336250464122 minutes
Loss: 0.5117077892025311. Dice score in the validation set (synthetic): 0.9780922333399454. (real eval): 0.2796502262353897. Time per epoch: 4.569391230742137 minutes
Loss: 0.5133580734332402. Dice score in the validation set (synthetic): 0.9758833865324656. (real eval): 0.29454274972279865. Time per epoch: 4.548445240656535 minutes
Loss: 0.5124210725227992. Dice score in the validation set (synthetic): 0.9751591503620147. (real eval): 0.32853726545969647. Time per epoch: 4.590016555786133 minutes
Loss: 0.5131738968193531. Dice score in the validation set (synthetic): 0.9771706322828929. (real eval): 0.29412733515103656. Time per epoch: 4.557510586579641 minutes
Loss: 0.5133079707622528. Dice score in the validation set (synthetic): 0.9782381335894267. (real eval): 0.3250872989495595. Time per epoch: 4.525682421525319 minutes
Loss: 0.5131044591466586. Dice score in the validation set (synthetic): 0.9783650517463685. (real eval): 0.312962144613266. Time per epoch: 4.531934376557668 minutes
Loss: 0.5121230805913607. Dice score in the validation set (synthetic): 0.979110852877299. (real eval): 0.2826118965943654. Time per epoch: 4.600926752885183 minutes
Loss: 0.5122690632939338. Dice score in the validation set (synthetic): 0.9789353926976522. (real eval): 0.3062995622555415. Time per epoch: 4.564980288346608 minutes
Loss: 0.5121218038101991. Dice score in the validation set (synthetic): 0.9776682813962301. (real eval): 0.31333063542842865. Time per epoch: 4.594701274236043 minutes
Loss: 0.5136155694723129. Dice score in the validation set (synthetic): 0.9783591091632843. (real eval): 0.31582432985305786. Time per epoch: 4.520336842536926 minutes
Loss: 0.5117463074624539. Dice score in the validation set (synthetic): 0.9769794404506683. (real eval): 0.3199880023797353. Time per epoch: 4.589465757211049 minutes
Loss: 0.5112124229470889. Dice score in the validation set (synthetic): 0.9778924485047659. (real eval): 0.31526900331179303. Time per epoch: 4.589808090527852 minutes
Loss: 0.5146743896106879. Dice score in the validation set (synthetic): 0.9781067172686259. (real eval): 0.32891912261645. Time per epoch: 4.586012391249339 minutes
Loss: 0.5114592293898265. Dice score in the validation set (synthetic): 0.9784550031026205. (real eval): 0.31444814801216125. Time per epoch: 4.534297259648641 minutes
Loss: 0.5122776225209236. Dice score in the validation set (synthetic): 0.9786788344383239. (real eval): 0.3351784547170003. Time per epoch: 4.578069857756296 minutes
Loss: 0.5099660279850166. Dice score in the validation set (synthetic): 0.9792150755723318. (real eval): 0.3378148873647054. Time per epoch: 4.520433406035106 minutes
Loss: 0.5120319133003552. Dice score in the validation set (synthetic): 0.9791332185268402. (real eval): 0.31418168544769287. Time per epoch: 4.576794548829397 minutes
Loss: 0.510892237474521. Dice score in the validation set (synthetic): 0.9779791911443074. (real eval): 0.32345151901245117. Time per epoch: 4.5491497874259945 minutes
Loss: 0.5120247170329094. Dice score in the validation set (synthetic): 0.979801736275355. (real eval): 0.30239538351694745. Time per epoch: 4.56832967599233 minutes
Loss: 0.5123995425800483. Dice score in the validation set (synthetic): 0.9793280780315399. (real eval): 0.33484944701194763. Time per epoch: 4.511329277356466 minutes
Loss: 0.5130694297452768. Dice score in the validation set (synthetic): 0.9783926665782928. (real eval): 0.300004502137502. Time per epoch: 4.584152444203695 minutes
Loss: 0.5126387988527615. Dice score in the validation set (synthetic): 0.9706851859887441. (real eval): 0.2950587421655655. Time per epoch: 4.600710125764211 minutes
Loss: 0.5254922553896904. Dice score in the validation set (synthetic): 0.9674741506576539. (real eval): 0.3088354170322418. Time per epoch: 4.57362771431605 minutes
Loss: 0.5188169799745083. Dice score in the validation set (synthetic): 0.9720347801844279. (real eval): 0.3209850291411082. Time per epoch: 4.575374825795492 minutes
Loss: 0.5153111172219117. Dice score in the validation set (synthetic): 0.9761266926924388. (real eval): 0.34353511532147724. Time per epoch: 4.542309045791626 minutes
Loss: 0.5139943592250347. Dice score in the validation set (synthetic): 0.9762432793776195. (real eval): 0.321587398648262. Time per epoch: 4.5658837040265405 minutes
Loss: 0.5121136652926604. Dice score in the validation set (synthetic): 0.9783704201380412. (real eval): 0.29704595108826953. Time per epoch: 4.559684125582377 minutes
Loss: 0.5122735718886058. Dice score in the validation set (synthetic): 0.9771665672461192. (real eval): 0.3136899471282959. Time per epoch: 4.541869127750397 minutes
Loss: 0.5132665606836478. Dice score in the validation set (synthetic): 0.9759507218996684. (real eval): 0.2946201016505559. Time per epoch: 4.571606004238129 minutes
Loss: 0.5135513218740623. Dice score in the validation set (synthetic): 0.9685580392678579. (real eval): 0.30253464976946515. Time per epoch: 4.583274030685425 minutes
Loss: 0.5149822237590949. Dice score in the validation set (synthetic): 0.9764222641785939. (real eval): 0.32893800735473633. Time per epoch: 4.586714172363282 minutes
Loss: 0.513293627401193. Dice score in the validation set (synthetic): 0.9788066407044729. (real eval): 0.32527539134025574. Time per epoch: 4.567681515216828 minutes
Loss: 0.5135394831498464. Dice score in the validation set (synthetic): 0.9771633406480154. (real eval): 0.3402922749519348. Time per epoch: 4.573235241572062 minutes
Loss: 0.5141102525095145. Dice score in the validation set (synthetic): 0.9773666242758433. (real eval): 0.33518678943316144. Time per epoch: 4.570316398143769 minutes
Loss: 0.5125697821378707. Dice score in the validation set (synthetic): 0.9777036527792613. (real eval): 0.32360945145289105. Time per epoch: 4.575099233786265 minutes
Loss: 0.5119965995351473. Dice score in the validation set (synthetic): 0.9781094272931417. (real eval): 0.31273087362448376. Time per epoch: 4.501342976093293 minutes
Loss: 0.5133384488523006. Dice score in the validation set (synthetic): 0.9790227234363555. (real eval): 0.3251642833153407. Time per epoch: 4.560408218701681 minutes
Loss: 0.5112753969927629. Dice score in the validation set (synthetic): 0.9797637124856313. (real eval): 0.30976059039433795. Time per epoch: 4.591410414377848 minutes
Loss: 0.5113609199722607. Dice score in the validation set (synthetic): 0.9785472432772319. (real eval): 0.27121442059675854. Time per epoch: 4.549952634175619 minutes
Loss: 0.5130446051557859. Dice score in the validation set (synthetic): 0.9773729304472606. (real eval): 0.2856108397245407. Time per epoch: 4.537682616710663 minutes
Loss: 0.5149264725546042. Dice score in the validation set (synthetic): 0.9788213193416595. (real eval): 0.274400070309639. Time per epoch: 4.574894340833028 minutes
Loss: 0.5112533390522003. Dice score in the validation set (synthetic): 0.9781120876471202. (real eval): 0.2722027450799942. Time per epoch: 4.552819605668386 minutes
Loss: 0.5122341195742289. Dice score in the validation set (synthetic): 0.9794430454572042. (real eval): 0.2731206764777501. Time per epoch: 4.574696409702301 minutes
Loss: 0.5123845127721628. Dice score in the validation set (synthetic): 0.9802569806575775. (real eval): 0.2686662822961807. Time per epoch: 4.595941682656606 minutes
Loss: 0.5099692476292451. Dice score in the validation set (synthetic): 0.9788564066092174. (real eval): 0.28180988629659015. Time per epoch: 4.589138694604238 minutes
Loss: 0.5128682871659597. Dice score in the validation set (synthetic): 0.9787629107634227. (real eval): 0.27579788863658905. Time per epoch: 4.587168339888255 minutes
Loss: 0.5110828412075837. Dice score in the validation set (synthetic): 0.9806328078111013. (real eval): 0.2654596169789632. Time per epoch: 4.58216544787089 minutes
Loss: 0.5119726851582527. Dice score in the validation set (synthetic): 0.9806188344955444. (real eval): 0.283103088537852. Time per epoch: 4.527306230862935 minutes
Loss: 0.5115874213476975. Dice score in the validation set (synthetic): 0.979399424791336. (real eval): 0.2877137710650762. Time per epoch: 4.5181328376134235 minutes
Loss: 0.5100038453936577. Dice score in the validation set (synthetic): 0.9798742075761159. (real eval): 0.2773803969224294. Time per epoch: 4.590780905882517 minutes
Loss: 0.5117002204060555. Dice score in the validation set (synthetic): 0.9798143327236175. (real eval): 0.3380399743715922. Time per epoch: 4.576640053590139 minutes
Loss: 0.5112228276828925. Dice score in the validation set (synthetic): 0.9785560965538025. (real eval): 0.3352472136418025. Time per epoch: 4.57138382991155 minutes
Loss: 0.5103766908248265. Dice score in the validation set (synthetic): 0.9803715646266937. (real eval): 0.3219132423400879. Time per epoch: 4.551881817976634 minutes
Loss: 0.5116586290299893. Dice score in the validation set (synthetic): 0.9772676805655162. (real eval): 0.3162121574083964. Time per epoch: 4.555234320958456 minutes
Loss: 0.5118095725774765. Dice score in the validation set (synthetic): 0.9755190829435985. (real eval): 0.3240957309802373. Time per epoch: 4.52856742143631 minutes
Loss: 0.5095117077231407. Dice score in the validation set (synthetic): 0.9798949122428894. (real eval): 0.3092222412427266. Time per epoch: 4.530585952599844 minutes
Loss: 0.511203712473313. Dice score in the validation set (synthetic): 0.9796006699403127. (real eval): 0.2770412216583888. Time per epoch: 4.523842795689901 minutes
Loss: 0.5152309286097686. Dice score in the validation set (synthetic): 0.9737225969632467. (real eval): 0.30490244428316754. Time per epoch: 4.590866390864054 minutes
Loss: 0.5114782820145289. Dice score in the validation set (synthetic): 0.9790787557760875. (real eval): 0.28364213307698566. Time per epoch: 4.55949824253718 minutes
Loss: 0.5129512985547383. Dice score in the validation set (synthetic): 0.9802874724070231. (real eval): 0.27830693622430164. Time per epoch: 4.551025537649791 minutes
Loss: 0.5124109434584777. Dice score in the validation set (synthetic): 0.9757247745990754. (real eval): 0.3224347084760666. Time per epoch: 4.5447128454844155 minutes
Loss: 0.5191517459849516. Dice score in the validation set (synthetic): 0.9731418927510579. (real eval): 0.38683802882830304. Time per epoch: 4.600597961743673 minutes
Loss: 0.5139816875259081. Dice score in the validation set (synthetic): 0.975536173582077. (real eval): 0.3207930823167165. Time per epoch: 4.576389336585999 minutes
Loss: 0.5110987827181817. Dice score in the validation set (synthetic): 0.9764912645022075. (real eval): 0.321942741672198. Time per epoch: 4.6176524957021075 minutes
Loss: 0.5140673908094565. Dice score in the validation set (synthetic): 0.9782576342423757. (real eval): 0.31782978773117065. Time per epoch: 4.574510447184244 minutes
Loss: 0.5122804279128711. Dice score in the validation set (synthetic): 0.9790086865425109. (real eval): 0.3234523187081019. Time per epoch: 4.582512521743775 minutes
Loss: 0.51149529616038. Dice score in the validation set (synthetic): 0.9798759241898854. (real eval): 0.32672302424907684. Time per epoch: 4.523466539382935 minutes
Loss: 0.5150668372710546. Dice score in the validation set (synthetic): 0.9546839197476705. (real eval): 0.3236941397190094. Time per epoch: 4.534989988803863 minutes
Loss: 0.5151476035515468. Dice score in the validation set (synthetic): 0.9803129971027374. (real eval): 0.28193903466065723. Time per epoch: 4.506986518700917 minutes
Loss: 0.5120675226052602. Dice score in the validation set (synthetic): 0.9739537119865418. (real eval): 0.2926662415266037. Time per epoch: 4.524826367696126 minutes
Loss: 0.5100905599693457. Dice score in the validation set (synthetic): 0.9795991897583007. (real eval): 0.2784649183352788. Time per epoch: 4.528234688440959 minutes
Loss: 0.5111599338551363. Dice score in the validation set (synthetic): 0.9790982445081075. (real eval): 0.3080990066130956. Time per epoch: 4.572315506140391 minutes
Loss: 0.5130588586131731. Dice score in the validation set (synthetic): 0.9800922393798828. (real eval): 0.29054829478263855. Time per epoch: 4.576972305774689 minutes
Loss: 0.5110635648171107. Dice score in the validation set (synthetic): 0.9791816830635071. (real eval): 0.2929212947686513. Time per epoch: 4.596231055259705 minutes
Loss: 0.5125883661210537. Dice score in the validation set (synthetic): 0.9806171814600627. (real eval): 0.28929267326990765. Time per epoch: 4.52267796198527 minutes
Loss: 0.5126918621361256. Dice score in the validation set (synthetic): 0.9801791389783223. (real eval): 0.2898940443992615. Time per epoch: 4.586874878406524 minutes
Loss: 0.5125211435059707. Dice score in the validation set (synthetic): 0.9786732653776805. (real eval): 0.2892502099275589. Time per epoch: 4.557185363769531 minutes
Loss: 0.510220025976499. Dice score in the validation set (synthetic): 0.9791858653227489. (real eval): 0.28456906974315643. Time per epoch: 4.518161296844482 minutes
Loss: 0.5141035345693429. Dice score in the validation set (synthetic): 0.9803288996219635. (real eval): 0.30974958340326947. Time per epoch: 4.516268702348073 minutes
Loss: 0.5125249656538169. Dice score in the validation set (synthetic): 0.9788526952266693. (real eval): 0.29604316254456836. Time per epoch: 4.5202901323636375 minutes
Loss: 0.5138985628883044. Dice score in the validation set (synthetic): 0.9794928908348084. (real eval): 0.28943324089050293. Time per epoch: 4.558307989438375 minutes
Loss: 0.5111985355615616. Dice score in the validation set (synthetic): 0.979821918408076. (real eval): 0.2992236415545146. Time per epoch: 4.577072095870972 minutes
Loss: 0.5127528724571069. Dice score in the validation set (synthetic): 0.9787206848462423. (real eval): 0.2888886978228887. Time per epoch: 4.54308934211731 minutes
Loss: 0.5130300243695577. Dice score in the validation set (synthetic): 0.9787266373634338. (real eval): 0.28014680246512097. Time per epoch: 4.584826914469401 minutes
Loss: 0.5109908389548461. Dice score in the validation set (synthetic): 0.9799385269482931. (real eval): 0.2704782287279765. Time per epoch: 4.560393579800924 minutes
Loss: 0.5130805872380734. Dice score in the validation set (synthetic): 0.9796966989835103. (real eval): 0.2604726900657018. Time per epoch: 4.505389281113943 minutes
Loss: 0.5121528240541617. Dice score in the validation set (synthetic): 0.9752951562404633. (real eval): 0.2616550376017888. Time per epoch: 4.55281601746877 minutes
Loss: 0.5100064461429914. Dice score in the validation set (synthetic): 0.9796045978864034. (real eval): 0.26099588970343274. Time per epoch: 4.543489257494609 minutes
Loss: 0.5102333039045334. Dice score in the validation set (synthetic): 0.9813831488291422. (real eval): 0.2622344096501668. Time per epoch: 4.51931604941686 minutes
Loss: 0.5106677641471227. Dice score in the validation set (synthetic): 0.9803019523620605. (real eval): 0.2942444831132889. Time per epoch: 4.591786138216654 minutes
Loss: 0.5115693973998229. Dice score in the validation set (synthetic): 0.9813027064005534. (real eval): 0.272376482685407. Time per epoch: 4.504630700747172 minutes
Loss: 0.5114248678088188. Dice score in the validation set (synthetic): 0.980862804253896. (real eval): 0.27560890714327496. Time per epoch: 4.510804748535156 minutes
Loss: 0.5106697954237461. Dice score in the validation set (synthetic): 0.9792372902234395. (real eval): 0.2893466154734294. Time per epoch: 4.55456219514211 minutes
Loss: 0.5103282645344734. Dice score in the validation set (synthetic): 0.979551633199056. (real eval): 0.28023267289002735. Time per epoch: 4.538616319497426 minutes
Loss: 0.5111577113469442. Dice score in the validation set (synthetic): 0.9778124690055847. (real eval): 0.2914973696072896. Time per epoch: 4.563569374879202 minutes
Loss: 0.511276475340128. Dice score in the validation set (synthetic): 0.9797003229459127. (real eval): 0.2715647518634796. Time per epoch: 4.5351710001627605 minutes
Loss: 0.511288350323836. Dice score in the validation set (synthetic): 0.9774012903372447. (real eval): 0.3473875770966212. Time per epoch: 4.528259261449178 minutes
Loss: 0.5108068346977234. Dice score in the validation set (synthetic): 0.9792472998301188. (real eval): 0.2911073366800944. Time per epoch: 4.545429674784343 minutes
Loss: 0.5124556603531043. Dice score in the validation set (synthetic): 0.9802299896876018. (real eval): 0.32090148826440174. Time per epoch: 4.517167333761851 minutes
Loss: 0.5129579360286395. Dice score in the validation set (synthetic): 0.9800052106380462. (real eval): 0.3347091923157374. Time per epoch: 4.559499510129293 minutes
Loss: 0.5102383981148402. Dice score in the validation set (synthetic): 0.9804419676462809. (real eval): 0.32806723813215893. Time per epoch: 4.582389724254608 minutes
Loss: 0.5119977968434493. Dice score in the validation set (synthetic): 0.9800659279028575. (real eval): 0.30557280282179516. Time per epoch: 4.548493170738221 minutes
Loss: 0.5094155170023441. Dice score in the validation set (synthetic): 0.9794329305489858. (real eval): 0.3236529628435771. Time per epoch: 4.571639438470204 minutes
Loss: 0.51121914361914. Dice score in the validation set (synthetic): 0.978567769130071. (real eval): 0.43381773432095844. Time per epoch: 4.5886198083559675 minutes
Loss: 0.5233658033112685. Dice score in the validation set (synthetic): 0.9716210941473643. (real eval): 0.4436103304227193. Time per epoch: 4.516092360019684 minutes
Loss: 0.513049649943908. Dice score in the validation set (synthetic): 0.9766494890054067. (real eval): 0.498442937930425. Time per epoch: 4.511914726098379 minutes
Loss: 0.510979970296224. Dice score in the validation set (synthetic): 0.9793416440486908. (real eval): 0.42684535185496014. Time per epoch: 4.5238823334376015 minutes
Loss: 0.5119789419074853. Dice score in the validation set (synthetic): 0.9800642549991607. (real eval): 0.39696558316548664. Time per epoch: 4.512563455104828 minutes
Loss: 0.5097189073761305. Dice score in the validation set (synthetic): 0.9794233500957489. (real eval): 0.39577557643254596. Time per epoch: 4.516474235057831 minutes
Loss: 0.5147421754896641. Dice score in the validation set (synthetic): 0.9783758819103241. (real eval): 0.4548153579235077. Time per epoch: 4.481333720684051 minutes
Loss: 0.5103463483353455. Dice score in the validation set (synthetic): 0.9805346131324768. (real eval): 0.44800939162572223. Time per epoch: 4.507351986567179 minutes
Loss: 0.512111472338438. Dice score in the validation set (synthetic): 0.9799906790256501. (real eval): 0.4377457598845164. Time per epoch: 4.523331475257874 minutes
Loss: 0.511038580040137. Dice score in the validation set (synthetic): 0.9796251793702443. (real eval): 0.44784846901893616. Time per epoch: 4.554042760531107 minutes
Loss: 0.5129213201502959. Dice score in the validation set (synthetic): 0.9700800697008769. (real eval): 0.28723032275835675. Time per epoch: 4.576291712125142 minutes
Loss: 0.5170793108642101. Dice score in the validation set (synthetic): 0.9696839133898417. (real eval): 0.40183063348134357. Time per epoch: 4.576178121566772 minutes
Loss: 0.5125478781759739. Dice score in the validation set (synthetic): 0.9787918587525686. (real eval): 0.35748933752377826. Time per epoch: 4.5334206064542135 minutes
Loss: 0.5111262142658234. Dice score in the validation set (synthetic): 0.9787895123163859. (real eval): 0.347322682539622. Time per epoch: 4.517294919490814 minutes
Loss: 0.5116851756970088. Dice score in the validation set (synthetic): 0.9786338011423746. (real eval): 0.36675504843393963. Time per epoch: 4.514637843767802 minutes
slurmstepd: error: *** JOB 620844 ON gpunode-1-7 CANCELLED AT 2024-02-27T10:26:08 ***
