All file names are correct
Val split on training active
Number of samples is 120
Loss: 1.8081761519114177. Dice score in the validation set (synthetic): 0.25238720575968426. (real eval): 0.2486669917901357. Time per epoch: 4.671231337388357 minutes
Loss: 1.1514292985200882. Dice score in the validation set (synthetic): 0.43082542916138966. (real eval): 0.2520036995410919. Time per epoch: 4.524883151054382 minutes
Loss: 0.9658472085992496. Dice score in the validation set (synthetic): 0.6260148197412491. (real eval): 0.27275170385837555. Time per epoch: 4.4758317232131954 minutes
Loss: 0.8135941887895266. Dice score in the validation set (synthetic): 0.7694300572077434. (real eval): 0.43079697092374164. Time per epoch: 4.468949794769287 minutes
Loss: 0.7069330250223478. Dice score in the validation set (synthetic): 0.8344086309274038. (real eval): 0.4205767611662547. Time per epoch: 4.51997663974762 minutes
Loss: 0.6438263972600301. Dice score in the validation set (synthetic): 0.8690910100936889. (real eval): 0.3270959754784902. Time per epoch: 4.521922500928243 minutes
Loss: 0.6073746646444003. Dice score in the validation set (synthetic): 0.8943444331487019. (real eval): 0.42326656977335614. Time per epoch: 4.47346267302831 minutes
Loss: 0.5913346196214359. Dice score in the validation set (synthetic): 0.9149486819903055. (real eval): 0.3483666181564331. Time per epoch: 4.484402600924174 minutes
Loss: 0.570513741672039. Dice score in the validation set (synthetic): 0.9234979550043741. (real eval): 0.27663177748521167. Time per epoch: 4.542937091986338 minutes
Loss: 0.5582928091287613. Dice score in the validation set (synthetic): 0.9143329878648122. (real eval): 0.31735800703366596. Time per epoch: 4.495990657806397 minutes
Loss: 0.5520916551351547. Dice score in the validation set (synthetic): 0.9270183225472768. (real eval): 0.26856333017349243. Time per epoch: 4.487271273136139 minutes
Loss: 0.5511431614557902. Dice score in the validation set (synthetic): 0.9253422419230143. (real eval): 0.4148112138112386. Time per epoch: 4.481731887658437 minutes
Loss: 0.5578214526176453. Dice score in the validation set (synthetic): 0.9170954426129659. (real eval): 0.31659449140230816. Time per epoch: 4.519999182224273 minutes
Loss: 0.5430393777787685. Dice score in the validation set (synthetic): 0.9367266754309337. (real eval): 0.2721200982729594. Time per epoch: 4.481070721149445 minutes
Loss: 0.5423385178049406. Dice score in the validation set (synthetic): 0.9375011046727498. (real eval): 0.2929099202156067. Time per epoch: 4.506369233131409 minutes
Loss: 0.5378394243617852. Dice score in the validation set (synthetic): 0.9422021567821502. (real eval): 0.30282214283943176. Time per epoch: 4.522700150807698 minutes
Loss: 0.5411700283487638. Dice score in the validation set (synthetic): 0.9298986554145813. (real eval): 0.3815687994162242. Time per epoch: 4.492453444004059 minutes
Loss: 0.549718280384938. Dice score in the validation set (synthetic): 0.9417319695154825. (real eval): 0.3403577208518982. Time per epoch: 4.545457545916239 minutes
Loss: 0.5406152265767257. Dice score in the validation set (synthetic): 0.941500973701477. (real eval): 0.3089501162370046. Time per epoch: 4.486702553431193 minutes
Loss: 0.5309531132380167. Dice score in the validation set (synthetic): 0.9425788044929504. (real eval): 0.2883256773153941. Time per epoch: 4.539041761557261 minutes
Loss: 0.5316282992561658. Dice score in the validation set (synthetic): 0.9509629805882772. (real eval): 0.3034895956516266. Time per epoch: 4.485481870174408 minutes
Loss: 0.5311427161097526. Dice score in the validation set (synthetic): 0.9479542275269827. (real eval): 0.2977423071861267. Time per epoch: 4.4819322307904566 minutes
Loss: 0.5349111735820771. Dice score in the validation set (synthetic): 0.943604294459025. (real eval): 0.28902680178483325. Time per epoch: 4.483079679807028 minutes
Loss: 0.5263772753377756. Dice score in the validation set (synthetic): 0.9509816428025564. (real eval): 0.26295799016952515. Time per epoch: 4.492022303740184 minutes
Loss: 0.5269578849275907. Dice score in the validation set (synthetic): 0.9506760875384013. (real eval): 0.26858751475811005. Time per epoch: 4.470598304271698 minutes
Loss: 0.5278937468926111. Dice score in the validation set (synthetic): 0.9476727922757466. (real eval): 0.3000633915265401. Time per epoch: 4.466861895720164 minutes
Loss: 0.532237816353639. Dice score in the validation set (synthetic): 0.9463462074597676. (real eval): 0.3727926214536031. Time per epoch: 4.5649162848790485 minutes
Loss: 0.5367109172046185. Dice score in the validation set (synthetic): 0.9504180828730265. (real eval): 0.2501754363377889. Time per epoch: 4.506326293945312 minutes
Loss: 0.526407067477703. Dice score in the validation set (synthetic): 0.9524163365364074. (real eval): 0.27480802436669666. Time per epoch: 4.509938116868337 minutes
Loss: 0.5253990362087886. Dice score in the validation set (synthetic): 0.9530386586983999. (real eval): 0.26379922529061633. Time per epoch: 4.519222664833069 minutes
Loss: 0.5230861835181713. Dice score in the validation set (synthetic): 0.9502015054225922. (real eval): 0.25968747834364575. Time per epoch: 4.477787669499715 minutes
Loss: 0.5238427941997846. Dice score in the validation set (synthetic): 0.9542539258797963. (real eval): 0.27195484936237335. Time per epoch: 4.481829690933227 minutes
Loss: 0.5224029461542765. Dice score in the validation set (synthetic): 0.9562264700730642. (real eval): 0.25064898530642193. Time per epoch: 4.4829382260640465 minutes
Loss: 0.52177290096879. Dice score in the validation set (synthetic): 0.9537129124005636. (real eval): 0.2641858011484146. Time per epoch: 4.50889284213384 minutes
Loss: 0.5221552968025207. Dice score in the validation set (synthetic): 0.9534153858820598. (real eval): 0.26424253980318707. Time per epoch: 4.502126940091451 minutes
Loss: 0.5233663360277812. Dice score in the validation set (synthetic): 0.9561149120330811. (real eval): 0.27421001593271893. Time per epoch: 4.501175876458486 minutes
Loss: 0.5218368676801522. Dice score in the validation set (synthetic): 0.9628694256146749. (real eval): 0.27437032262484234. Time per epoch: 4.472806668281555 minutes
Loss: 0.522774813324213. Dice score in the validation set (synthetic): 0.915217912197113. (real eval): 0.5107317765553793. Time per epoch: 4.511245620250702 minutes
Loss: 0.533912709603707. Dice score in the validation set (synthetic): 0.9511727253595988. (real eval): 0.3454347650210063. Time per epoch: 4.463486381371816 minutes
Loss: 0.5256588486333688. Dice score in the validation set (synthetic): 0.9531935036182404. (real eval): 0.3406161367893219. Time per epoch: 4.506033929189046 minutes
Loss: 0.5275262407958508. Dice score in the validation set (synthetic): 0.9556056002775828. (real eval): 0.25774256388346356. Time per epoch: 4.467259534200033 minutes
Loss: 0.522616661588351. Dice score in the validation set (synthetic): 0.9587104360262553. (real eval): 0.35192306836446124. Time per epoch: 4.557968906561533 minutes
Loss: 0.5233290555576483. Dice score in the validation set (synthetic): 0.9587623516718546. (real eval): 0.32357990741729736. Time per epoch: 4.4837173899014795 minutes
Loss: 0.522161461909612. Dice score in the validation set (synthetic): 0.9632543404897054. (real eval): 0.2934688329696655. Time per epoch: 4.571594409147898 minutes
Loss: 0.5217056391139825. Dice score in the validation set (synthetic): 0.9571487883726756. (real eval): 0.30391934514045715. Time per epoch: 4.48624583085378 minutes
Loss: 0.5186286754906178. Dice score in the validation set (synthetic): 0.961881277958552. (real eval): 0.3086169461409251. Time per epoch: 4.5497652053833 minutes
Loss: 0.5214147838453452. Dice score in the validation set (synthetic): 0.9605244815349578. (real eval): 0.32610437273979187. Time per epoch: 4.571686903635661 minutes
Loss: 0.5214116098980109. Dice score in the validation set (synthetic): 0.9588260114192962. (real eval): 0.3228303591410319. Time per epoch: 4.475101562341054 minutes
Loss: 0.5203458093106746. Dice score in the validation set (synthetic): 0.9677024106184642. (real eval): 0.28774699568748474. Time per epoch: 4.483861207962036 minutes
Loss: 0.5208642872671286. Dice score in the validation set (synthetic): 0.9642932077248891. (real eval): 0.3056611816088359. Time per epoch: 4.501868871847789 minutes
Loss: 0.5205176986753941. Dice score in the validation set (synthetic): 0.9618556539217631. (real eval): 0.32898345589637756. Time per epoch: 4.542801030476888 minutes
Loss: 0.5189392802615961. Dice score in the validation set (synthetic): 0.961043240626653. (real eval): 0.3096868892510732. Time per epoch: 4.548719505469005 minutes
Loss: 0.5196211551626523. Dice score in the validation set (synthetic): 0.9670322000980377. (real eval): 0.2941681345303853. Time per epoch: 4.4962475021680195 minutes
Loss: 0.5179171688854695. Dice score in the validation set (synthetic): 0.9614525874455769. (real eval): 0.33366771539052326. Time per epoch: 4.49870408376058 minutes
Loss: 0.5193251731495062. Dice score in the validation set (synthetic): 0.9656055132548015. (real eval): 0.32020216186841327. Time per epoch: 4.556911925474803 minutes
Loss: 0.5251355600853761. Dice score in the validation set (synthetic): 0.9549420098463695. (real eval): 0.2747188409169515. Time per epoch: 4.5596677978833515 minutes
Loss: 0.5351073257625103. Dice score in the validation set (synthetic): 0.9471088349819183. (real eval): 0.4137211740016937. Time per epoch: 4.4944742520650225 minutes
Loss: 0.5238354777296385. Dice score in the validation set (synthetic): 0.9596443017323811. (real eval): 0.35781949758529663. Time per epoch: 4.511678365866343 minutes
Loss: 0.5261906636257966. Dice score in the validation set (synthetic): 0.9363833049933116. (real eval): 0.45885584751764935. Time per epoch: 4.492614821592967 minutes
Loss: 0.5293282503883044. Dice score in the validation set (synthetic): 0.9589515348275502. (real eval): 0.37924933433532715. Time per epoch: 4.526865152517955 minutes
Loss: 0.5204645670950413. Dice score in the validation set (synthetic): 0.9602139890193939. (real eval): 0.47950393954912823. Time per epoch: 4.484533536434173 minutes
Loss: 0.5203940495848656. Dice score in the validation set (synthetic): 0.9595863282680511. (real eval): 0.4425170918305715. Time per epoch: 4.51151130994161 minutes
Loss: 0.5181924643615882. Dice score in the validation set (synthetic): 0.9651973923047383. (real eval): 0.374137947956721. Time per epoch: 4.5130988240242 minutes
Loss: 0.5184401060144107. Dice score in the validation set (synthetic): 0.9650523066520691. (real eval): 0.35828134417533875. Time per epoch: 4.493740308284759 minutes
Loss: 0.5172854257126649. Dice score in the validation set (synthetic): 0.9703705151875813. (real eval): 0.3384598195552826. Time per epoch: 4.485066938400268 minutes
Loss: 0.5170802476505438. Dice score in the validation set (synthetic): 0.9695796688397725. (real eval): 0.36646982034047443. Time per epoch: 4.541358681519826 minutes
Loss: 0.518451598038276. Dice score in the validation set (synthetic): 0.9656967322031657. (real eval): 0.36736658215522766. Time per epoch: 4.525197203954061 minutes
Loss: 0.5191745065152645. Dice score in the validation set (synthetic): 0.972498607635498. (real eval): 0.3655314842859904. Time per epoch: 4.538261183102926 minutes
Loss: 0.519760500639677. Dice score in the validation set (synthetic): 0.9646015028158824. (real eval): 0.4069945216178894. Time per epoch: 4.490064942836762 minutes
Loss: 0.5175537412365278. Dice score in the validation set (synthetic): 0.9728072226047516. (real eval): 0.3255685369173686. Time per epoch: 4.512531125545502 minutes
Loss: 0.5176649548113346. Dice score in the validation set (synthetic): 0.9705424348513285. (real eval): 0.33704543113708496. Time per epoch: 4.553167418638865 minutes
Loss: 0.5169648816188176. Dice score in the validation set (synthetic): 0.965489904085795. (real eval): 0.35969265302022296. Time per epoch: 4.4825574119885765 minutes
Loss: 0.5165729152659575. Dice score in the validation set (synthetic): 0.9737150212128957. (real eval): 0.35102027654647827. Time per epoch: 4.480435538291931 minutes
Loss: 0.5178726817170779. Dice score in the validation set (synthetic): 0.9668297668298086. (real eval): 0.3051239848136902. Time per epoch: 4.471067527929942 minutes
Loss: 0.518752996623516. Dice score in the validation set (synthetic): 0.9695432384808859. (real eval): 0.32041306296984357. Time per epoch: 4.563157653808593 minutes
Loss: 0.5190477579832077. Dice score in the validation set (synthetic): 0.9705518007278442. (real eval): 0.33377885818481445. Time per epoch: 4.543134446938833 minutes
Loss: 0.5170326632757981. Dice score in the validation set (synthetic): 0.9688756704330445. (real eval): 0.34341519077618915. Time per epoch: 4.483289976914723 minutes
Loss: 0.5182291698952516. Dice score in the validation set (synthetic): 0.9679092963536581. (real eval): 0.333212008078893. Time per epoch: 4.539340349038442 minutes
Loss: 0.5168521662553152. Dice score in the validation set (synthetic): 0.968890635172526. (real eval): 0.34958065549532574. Time per epoch: 4.488142240047455 minutes
Loss: 0.5161466484268507. Dice score in the validation set (synthetic): 0.9718972524007161. (real eval): 0.3064642349878947. Time per epoch: 4.503342501322428 minutes
Loss: 0.5174576277534167. Dice score in the validation set (synthetic): 0.9692896525065104. (real eval): 0.34124572078386944. Time per epoch: 4.526274812221527 minutes
Loss: 0.5165671897431214. Dice score in the validation set (synthetic): 0.9724297126134237. (real eval): 0.36171863476435345. Time per epoch: 4.474806237220764 minutes
Loss: 0.51667435541749. Dice score in the validation set (synthetic): 0.970848027865092. (real eval): 0.32629751165707904. Time per epoch: 4.518963650862376 minutes
Loss: 0.5162657109399637. Dice score in the validation set (synthetic): 0.9676764110724131. (real eval): 0.257662167151769. Time per epoch: 4.520157571633657 minutes
Loss: 0.51691956097881. Dice score in the validation set (synthetic): 0.9717293779055277. (real eval): 0.3076198399066925. Time per epoch: 4.581938127676646 minutes
Loss: 0.5160913676023483. Dice score in the validation set (synthetic): 0.96873011191686. (real eval): 0.3497860034306844. Time per epoch: 4.524874560038248 minutes
Loss: 0.5182652619977792. Dice score in the validation set (synthetic): 0.9691292524337769. (real eval): 0.34182295203208923. Time per epoch: 4.569511576493581 minutes
Loss: 0.5304477112988631. Dice score in the validation set (synthetic): 0.9629720568656921. (real eval): 0.3654836217562358. Time per epoch: 4.5991480350494385 minutes
Loss: 0.5194754369556904. Dice score in the validation set (synthetic): 0.9725496709346771. (real eval): 0.32031429807345074. Time per epoch: 4.588215494155884 minutes
Loss: 0.5167675256729126. Dice score in the validation set (synthetic): 0.9694319287935893. (real eval): 0.3439449568589528. Time per epoch: 4.546971789995829 minutes
Loss: 0.5193302519619465. Dice score in the validation set (synthetic): 0.9699834624926249. (real eval): 0.33650150895118713. Time per epoch: 4.5153692404429115 minutes
Loss: 0.5222432861725489. Dice score in the validation set (synthetic): 0.9663795252641042. (real eval): 0.2908526360988617. Time per epoch: 4.540043822924296 minutes
Loss: 0.5184592788418134. Dice score in the validation set (synthetic): 0.9712123274803162. (real eval): 0.28938428064187366. Time per epoch: 4.581253910064698 minutes
Loss: 0.520611084252596. Dice score in the validation set (synthetic): 0.9392441590627034. (real eval): 0.36305951078732807. Time per epoch: 4.531782662868499 minutes
Loss: 0.5230424121022225. Dice score in the validation set (synthetic): 0.9625031153361002. (real eval): 0.2786303162574768. Time per epoch: 4.56338549455007 minutes
Loss: 0.5176014341413975. Dice score in the validation set (synthetic): 0.9651673237482706. (real eval): 0.2698534329732259. Time per epoch: 4.517066597938538 minutes
Loss: 0.5178482120235761. Dice score in the validation set (synthetic): 0.9714851260185242. (real eval): 0.26043185591697693. Time per epoch: 4.55215886036555 minutes
Loss: 0.5139645879467328. Dice score in the validation set (synthetic): 0.969004358847936. (real eval): 0.2736595422029495. Time per epoch: 4.524693508942922 minutes
Loss: 0.5170150086283684. Dice score in the validation set (synthetic): 0.9704237639904022. (real eval): 0.2951045682032903. Time per epoch: 4.572318994998932 minutes
Loss: 0.5175748482346535. Dice score in the validation set (synthetic): 0.9710824350516002. (real eval): 0.27919000883897144. Time per epoch: 4.5525729338328045 minutes
Loss: 0.5178515257934729. Dice score in the validation set (synthetic): 0.9737926284472148. (real eval): 0.2918546398480733. Time per epoch: 4.516341245174408 minutes
Loss: 0.5181076449652513. Dice score in the validation set (synthetic): 0.969809752702713. (real eval): 0.34074242909749347. Time per epoch: 4.560045246283213 minutes
Loss: 0.5185709573328495. Dice score in the validation set (synthetic): 0.9753150324026744. (real eval): 0.37248621384302777. Time per epoch: 4.540492200851441 minutes
Loss: 0.5159323915839196. Dice score in the validation set (synthetic): 0.9747822503248851. (real eval): 0.3393090565999349. Time per epoch: 4.536686237653097 minutes
Loss: 0.5158036388456821. Dice score in the validation set (synthetic): 0.9750437398751577. (real eval): 0.3243509928385417. Time per epoch: 4.5205104430516565 minutes
Loss: 0.5145765927930673. Dice score in the validation set (synthetic): 0.9722478449344635. (real eval): 0.34672553340593976. Time per epoch: 4.5340492010116575 minutes
Loss: 0.5185314677655697. Dice score in the validation set (synthetic): 0.9711960077285766. (real eval): 0.41181570291519165. Time per epoch: 4.506760378678639 minutes
Loss: 0.5146918209890524. Dice score in the validation set (synthetic): 0.9752143085002899. (real eval): 0.3119146128495534. Time per epoch: 4.511476906140645 minutes
Loss: 0.5150458951791127. Dice score in the validation set (synthetic): 0.9758176306883494. (real eval): 0.3029069205125173. Time per epoch: 4.5204898873964945 minutes
Loss: 0.5157022669911384. Dice score in the validation set (synthetic): 0.9740184803803762. (real eval): 0.3157968421777089. Time per epoch: 4.551108992099762 minutes
Loss: 0.5154647476971149. Dice score in the validation set (synthetic): 0.9699794014294942. (real eval): 0.31485361854235333. Time per epoch: 4.525382546583812 minutes
Loss: 0.518101574977239. Dice score in the validation set (synthetic): 0.965359491109848. (real eval): 0.47729361057281494. Time per epoch: 4.543858524163564 minutes
Loss: 0.5184764842192332. Dice score in the validation set (synthetic): 0.9722288568814595. (real eval): 0.39745335777600604. Time per epoch: 4.498450688521067 minutes
Loss: 0.517438084880511. Dice score in the validation set (synthetic): 0.9714584847291311. (real eval): 0.43930186827977497. Time per epoch: 4.482356258233389 minutes
Loss: 0.5149742476642132. Dice score in the validation set (synthetic): 0.9763551175594329. (real eval): 0.3294222255547841. Time per epoch: 4.572167758146922 minutes
Loss: 0.5153188404937585. Dice score in the validation set (synthetic): 0.9700677653153738. (real eval): 0.32902876536051434. Time per epoch: 4.504044779141744 minutes
Loss: 0.5187768856684367. Dice score in the validation set (synthetic): 0.9684635043144226. (real eval): 0.26506582895914715. Time per epoch: 4.497964843114217 minutes
Loss: 0.5185208345452944. Dice score in the validation set (synthetic): 0.9726964275042216. (real eval): 0.31835900247097015. Time per epoch: 4.5318239013353985 minutes
Loss: 0.5201834857463836. Dice score in the validation set (synthetic): 0.9692831933498383. (real eval): 0.3809596300125122. Time per epoch: 4.538784146308899 minutes
Loss: 0.5168812205394109. Dice score in the validation set (synthetic): 0.9721591095129649. (real eval): 0.3418111900488536. Time per epoch: 4.562414542833964 minutes
Loss: 0.5156069951752822. Dice score in the validation set (synthetic): 0.9739813307921091. (real eval): 0.3456852336724599. Time per epoch: 4.493350533644358 minutes
Loss: 0.5183855707446734. Dice score in the validation set (synthetic): 0.973273382584254. (real eval): 0.33506045738856. Time per epoch: 4.501105805238088 minutes
Loss: 0.5141899121304353. Dice score in the validation set (synthetic): 0.9742346048355103. (real eval): 0.3475670615832011. Time per epoch: 4.49500539302826 minutes
Loss: 0.5151355477670828. Dice score in the validation set (synthetic): 0.9727086842060089. (real eval): 0.48023854692776996. Time per epoch: 4.506985763708751 minutes
Loss: 0.5139014050364494. Dice score in the validation set (synthetic): 0.9764258166154226. (real eval): 0.3674490749835968. Time per epoch: 4.5613193154335026 minutes
Loss: 0.5158686339855194. Dice score in the validation set (synthetic): 0.9758043905099233. (real eval): 0.3638271192709605. Time per epoch: 4.549764120578766 minutes
Loss: 0.5135585693021615. Dice score in the validation set (synthetic): 0.9720157027244568. (real eval): 0.3690902193387349. Time per epoch: 4.513059830665588 minutes
Loss: 0.5173997394740582. Dice score in the validation set (synthetic): 0.9719089130560558. (real eval): 0.41915858785311383. Time per epoch: 4.535576677322387 minutes
Loss: 0.5163494050502777. Dice score in the validation set (synthetic): 0.9741174757480622. (real eval): 0.3540564278761546. Time per epoch: 4.576178240776062 minutes
Loss: 0.5138538308441639. Dice score in the validation set (synthetic): 0.9769824425379435. (real eval): 0.34868109226226807. Time per epoch: 4.501193499565124 minutes
Loss: 0.5135017039875189. Dice score in the validation set (synthetic): 0.974928609530131. (real eval): 0.3646716872851054. Time per epoch: 4.512769357363383 minutes
Loss: 0.5154837754865488. Dice score in the validation set (synthetic): 0.9770318786303203. (real eval): 0.3290410339832306. Time per epoch: 4.520590619246165 minutes
Loss: 0.5152482613921165. Dice score in the validation set (synthetic): 0.9775545477867127. (real eval): 0.3307803273200989. Time per epoch: 4.494181307156881 minutes
Loss: 0.5171478467682997. Dice score in the validation set (synthetic): 0.9750425477822622. (real eval): 0.37269922097524005. Time per epoch: 4.541425438721975 minutes
Loss: 0.5136704064905644. Dice score in the validation set (synthetic): 0.9724270363648733. (real eval): 0.39177308479944867. Time per epoch: 4.54933089017868 minutes
Loss: 0.5142745445171992. Dice score in the validation set (synthetic): 0.9732586205005646. (real eval): 0.4259858727455139. Time per epoch: 4.509127096335093 minutes
Loss: 0.5143885647257169. Dice score in the validation set (synthetic): 0.9785114049911499. (real eval): 0.4254654347896576. Time per epoch: 4.561495316028595 minutes
Loss: 0.5150724557538827. Dice score in the validation set (synthetic): 0.9749072194099426. (real eval): 0.36745046575864154. Time per epoch: 4.528554574648539 minutes
Loss: 0.5161868204673131. Dice score in the validation set (synthetic): 0.9749335984388987. (real eval): 0.40109079082806903. Time per epoch: 4.524536661307017 minutes
Loss: 0.5145819606880347. Dice score in the validation set (synthetic): 0.9752156873544057. (real eval): 0.3625829915205638. Time per epoch: 4.52373058795929 minutes
Loss: 0.5153737582266331. Dice score in the validation set (synthetic): 0.9765923043092092. (real eval): 0.3317681550979614. Time per epoch: 4.527037135759989 minutes
Loss: 0.5136504590511322. Dice score in the validation set (synthetic): 0.9778784453868866. (real eval): 0.33846919735272724. Time per epoch: 4.505050333340963 minutes
Loss: 0.5152464963495731. Dice score in the validation set (synthetic): 0.9771589477856953. (real eval): 0.3449835379918416. Time per epoch: 4.486802351474762 minutes
Loss: 0.5130963370203971. Dice score in the validation set (synthetic): 0.9775050421555836. (real eval): 0.32904402414957684. Time per epoch: 4.54534086783727 minutes
Loss: 0.5147059706350168. Dice score in the validation set (synthetic): 0.9765235960483551. (real eval): 0.35422801971435547. Time per epoch: 4.51359984477361 minutes
Loss: 0.5135548248887062. Dice score in the validation set (synthetic): 0.9765103995800019. (real eval): 0.3389027416706085. Time per epoch: 4.502297814687093 minutes
Loss: 0.5215088625748953. Dice score in the validation set (synthetic): 0.9657284418741862. (real eval): 0.29468482236067456. Time per epoch: 4.498172624905904 minutes
Loss: 0.5192236284414927. Dice score in the validation set (synthetic): 0.9736484328905741. (real eval): 0.3652314345041911. Time per epoch: 4.508212784926097 minutes
Loss: 0.5154215949277083. Dice score in the validation set (synthetic): 0.975952668984731. (real eval): 0.33480197191238403. Time per epoch: 4.509894613424937 minutes
Loss: 0.5153438682357471. Dice score in the validation set (synthetic): 0.9761233667532603. (real eval): 0.33540751536687213. Time per epoch: 4.507193164030711 minutes
Loss: 0.5151082475980123. Dice score in the validation set (synthetic): 0.9769951979319255. (real eval): 0.33767733971277875. Time per epoch: 4.574250368277232 minutes
Loss: 0.5146795732279619. Dice score in the validation set (synthetic): 0.9751318991184235. (real eval): 0.35109100739161175. Time per epoch: 4.5310533563296 minutes
Loss: 0.513517976552248. Dice score in the validation set (synthetic): 0.9771730383237203. (real eval): 0.3533795674641927. Time per epoch: 4.486060317357381 minutes
Loss: 0.5171998970210552. Dice score in the validation set (synthetic): 0.9782631913820903. (real eval): 0.3383721212546031. Time per epoch: 4.5035072286923725 minutes
Loss: 0.5145071504016717. Dice score in the validation set (synthetic): 0.976566739877065. (real eval): 0.300747017065684. Time per epoch: 4.547329036394755 minutes
Loss: 0.5136533190806707. Dice score in the validation set (synthetic): 0.9793295502662659. (real eval): 0.3342663645744324. Time per epoch: 4.499832141399383 minutes
Loss: 0.5137309168775877. Dice score in the validation set (synthetic): 0.9762704034646352. (real eval): 0.3219003578027089. Time per epoch: 4.533296497662862 minutes
Loss: 0.5139228952427705. Dice score in the validation set (synthetic): 0.9780395130316416. (real eval): 0.32123679916063946. Time per epoch: 4.499420221646627 minutes
Loss: 0.5121668256819248. Dice score in the validation set (synthetic): 0.9780434966087341. (real eval): 0.3210716148217519. Time per epoch: 4.553838769594829 minutes
Loss: 0.5150513830284278. Dice score in the validation set (synthetic): 0.9776346822579701. (real eval): 0.317913959423701. Time per epoch: 4.536203106244405 minutes
Loss: 0.5125850493709246. Dice score in the validation set (synthetic): 0.9779898722966512. (real eval): 0.32292671004931134. Time per epoch: 4.532566924889882 minutes
Loss: 0.5141312398016453. Dice score in the validation set (synthetic): 0.978029978275299. (real eval): 0.30843545993169147. Time per epoch: 4.567757133642832 minutes
Loss: 0.5132898069918156. Dice score in the validation set (synthetic): 0.9753645956516266. (real eval): 0.30916943152745563. Time per epoch: 4.508854369322459 minutes
Loss: 0.5159005117913087. Dice score in the validation set (synthetic): 0.9763874053955078. (real eval): 0.3231789569060008. Time per epoch: 4.560180985927582 minutes
Loss: 0.513751013080279. Dice score in the validation set (synthetic): 0.9795113305250803. (real eval): 0.33406804005304974. Time per epoch: 4.503957084814707 minutes
Loss: 0.5116812263925871. Dice score in the validation set (synthetic): 0.9764332314332326. (real eval): 0.34538815418879193. Time per epoch: 4.570412957668305 minutes
Loss: 0.5128931194543839. Dice score in the validation set (synthetic): 0.9775587658087412. (real eval): 0.3113940358161926. Time per epoch: 4.52157815694809 minutes
Loss: 0.5148357344170411. Dice score in the validation set (synthetic): 0.9752440989017487. (real eval): 0.35321876406669617. Time per epoch: 4.503345545132955 minutes
Loss: 0.5146980494260788. Dice score in the validation set (synthetic): 0.9776759405930837. (real eval): 0.32033802072207135. Time per epoch: 4.525140110651652 minutes
Loss: 0.5134257805844148. Dice score in the validation set (synthetic): 0.9782557845115661. (real eval): 0.34632662932078045. Time per epoch: 4.5188316822052 minutes
Loss: 0.5140513290961584. Dice score in the validation set (synthetic): 0.981068883339564. (real eval): 0.3074621856212616. Time per epoch: 4.559188803037007 minutes
Loss: 0.513764816770951. Dice score in the validation set (synthetic): 0.9796339730421703. (real eval): 0.319501668214798. Time per epoch: 4.570176458358764 minutes
Loss: 0.5137308431168397. Dice score in the validation set (synthetic): 0.9798497796058655. (real eval): 0.3624727725982666. Time per epoch: 4.55077741543452 minutes
Loss: 0.5132479555904865. Dice score in the validation set (synthetic): 0.9772364497184753. (real eval): 0.3385421733061473. Time per epoch: 4.566779633363088 minutes
Loss: 0.5141779820124308. Dice score in the validation set (synthetic): 0.9796077509721121. (real eval): 0.32088760534922284. Time per epoch: 4.489776388804118 minutes
Loss: 0.5125780336558818. Dice score in the validation set (synthetic): 0.9776902874310811. (real eval): 0.32116225361824036. Time per epoch: 4.53832772175471 minutes
Loss: 0.5130085185170173. Dice score in the validation set (synthetic): 0.9784376323223114. (real eval): 0.331622451543808. Time per epoch: 4.509857408205668 minutes
Loss: 0.5146508333583673. Dice score in the validation set (synthetic): 0.9744322379430135. (real eval): 0.30494529008865356. Time per epoch: 4.573944616317749 minutes
Loss: 0.5126840139428774. Dice score in the validation set (synthetic): 0.9784285763899485. (real eval): 0.3269284963607788. Time per epoch: 4.552945737044016 minutes
Loss: 0.5112138527135054. Dice score in the validation set (synthetic): 0.9802938401699066. (real eval): 0.30376504361629486. Time per epoch: 4.558519407113393 minutes
Loss: 0.5125061921775341. Dice score in the validation set (synthetic): 0.9790929973125457. (real eval): 0.3307047386964162. Time per epoch: 4.488926339149475 minutes
Loss: 0.5226646713912487. Dice score in the validation set (synthetic): 0.9703685939311981. (real eval): 0.3517243067423503. Time per epoch: 4.53729399840037 minutes
Loss: 0.5182723018030325. Dice score in the validation set (synthetic): 0.9738505025704701. (real eval): 0.4445713559786479. Time per epoch: 4.53671357234319 minutes
Loss: 0.5145420074462891. Dice score in the validation set (synthetic): 0.9796448767185211. (real eval): 0.31721311807632446. Time per epoch: 4.569624074300131 minutes
Loss: 0.5137258641421795. Dice score in the validation set (synthetic): 0.9731761833031972. (real eval): 0.3786427676677704. Time per epoch: 4.589327987035116 minutes
Loss: 0.5158603702982266. Dice score in the validation set (synthetic): 0.9779554843902588. (real eval): 0.42328911026318866. Time per epoch: 4.499055620034536 minutes
Loss: 0.5152898567418257. Dice score in the validation set (synthetic): 0.9771489838759104. (real eval): 0.337965985139211. Time per epoch: 4.566768125693003 minutes
Loss: 0.5155780923863252. Dice score in the validation set (synthetic): 0.979003099600474. (real eval): 0.4419695238272349. Time per epoch: 4.488186792532603 minutes
Loss: 0.5154846710463364. Dice score in the validation set (synthetic): 0.978750757376353. (real eval): 0.4320412278175354. Time per epoch: 4.523326885700226 minutes
Loss: 0.513631672412157. Dice score in the validation set (synthetic): 0.9767379562060038. (real eval): 0.3573603530724843. Time per epoch: 4.507904318968455 minutes
Loss: 0.5199406117200851. Dice score in the validation set (synthetic): 0.9739668468634287. (real eval): 0.37693320711453754. Time per epoch: 4.530303235848745 minutes
Loss: 0.5159027136862278. Dice score in the validation set (synthetic): 0.9770184179147084. (real eval): 0.3484192391236623. Time per epoch: 4.538909888267517 minutes
Loss: 0.5143651286760966. Dice score in the validation set (synthetic): 0.977926621834437. (real eval): 0.3403991162776947. Time per epoch: 4.560846793651581 minutes
Loss: 0.5144500121474266. Dice score in the validation set (synthetic): 0.9788899521032969. (real eval): 0.3124956140915553. Time per epoch: 4.512956551710764 minutes
Loss: 0.5146750085055828. Dice score in the validation set (synthetic): 0.9793830156326294. (real eval): 0.3090916822353999. Time per epoch: 4.512446808815002 minutes
Loss: 0.5133995786309242. Dice score in the validation set (synthetic): 0.9778860628604888. (real eval): 0.32746633390585583. Time per epoch: 4.545480179786682 minutes
Loss: 0.5140685098866622. Dice score in the validation set (synthetic): 0.9799374361832937. (real eval): 0.3335454761981964. Time per epoch: 4.503896979490916 minutes
Loss: 0.5119039682050546. Dice score in the validation set (synthetic): 0.9789169609546662. (real eval): 0.3278624614079793. Time per epoch: 4.502482116222382 minutes
Loss: 0.5133599328498045. Dice score in the validation set (synthetic): 0.9782002826531728. (real eval): 0.3163774212201436. Time per epoch: 4.493811285495758 minutes
Loss: 0.5140090167522431. Dice score in the validation set (synthetic): 0.979073170820872. (real eval): 0.3202344874540965. Time per epoch: 4.517121068636576 minutes
Loss: 0.5141224215428034. Dice score in the validation set (synthetic): 0.9808821459611257. (real eval): 0.30860015749931335. Time per epoch: 4.50379068851471 minutes
Loss: 0.5115770374735197. Dice score in the validation set (synthetic): 0.9799340248107911. (real eval): 0.3002176185448964. Time per epoch: 4.510421657562256 minutes
Loss: 0.5144394405186177. Dice score in the validation set (synthetic): 0.9799171547094981. (real eval): 0.3142109711964925. Time per epoch: 4.527098508675893 minutes
Loss: 0.5132212713360786. Dice score in the validation set (synthetic): 0.9788772503534953. (real eval): 0.29751453797022503. Time per epoch: 4.497903859615326 minutes
Loss: 0.5121904777983824. Dice score in the validation set (synthetic): 0.9778434614340464. (real eval): 0.3146316707134247. Time per epoch: 4.491908939679464 minutes
Loss: 0.514718683809042. Dice score in the validation set (synthetic): 0.9786462545394897. (real eval): 0.29669780532519024. Time per epoch: 4.493632777531942 minutes
Loss: 0.514973167081674. Dice score in the validation set (synthetic): 0.9792648871739705. (real eval): 0.36433987816174823. Time per epoch: 4.504929061730703 minutes
Loss: 0.5129069032768409. Dice score in the validation set (synthetic): 0.9808974126974742. (real eval): 0.3176683485507965. Time per epoch: 4.492624310652415 minutes
Loss: 0.5103903899590174. Dice score in the validation set (synthetic): 0.9785927494366964. (real eval): 0.3404012769460678. Time per epoch: 4.497957674662272 minutes
Loss: 0.5133376327653726. Dice score in the validation set (synthetic): 0.9799701650937398. (real eval): 0.33391037583351135. Time per epoch: 4.543344962596893 minutes
Loss: 0.5172486657897631. Dice score in the validation set (synthetic): 0.9644920448462169. (real eval): 0.3451618750890096. Time per epoch: 4.582447250684102 minutes
Loss: 0.5178819728394349. Dice score in the validation set (synthetic): 0.9740846872329711. (real eval): 0.36977289120356244. Time per epoch: 4.544820356369018 minutes
Loss: 0.5145066181818644. Dice score in the validation set (synthetic): 0.9772944370905559. (real eval): 0.3367046018441518. Time per epoch: 4.555265875657399 minutes
Loss: 0.5134649028380712. Dice score in the validation set (synthetic): 0.9801745136578878. (real eval): 0.3473633329073588. Time per epoch: 4.516820228099823 minutes
Loss: 0.5124277653793494. Dice score in the validation set (synthetic): 0.9780386567115784. (real eval): 0.3111530840396881. Time per epoch: 4.487631928920746 minutes
Loss: 0.5114743324617544. Dice score in the validation set (synthetic): 0.9802897910277049. (real eval): 0.29927345116933185. Time per epoch: 4.569190875689189 minutes
Loss: 0.5121466184655825. Dice score in the validation set (synthetic): 0.9806677997112274. (real eval): 0.27830276886622113. Time per epoch: 4.503937685489655 minutes
Loss: 0.5114622727036476. Dice score in the validation set (synthetic): 0.9761519153912862. (real eval): 0.28215030829111737. Time per epoch: 4.5390787045160925 minutes
Loss: 0.513744608561198. Dice score in the validation set (synthetic): 0.9780485371748606. (real eval): 0.30683568120002747. Time per epoch: 4.488390330473582 minutes
Loss: 0.5120972101887067. Dice score in the validation set (synthetic): 0.9799307386080424. (real eval): 0.3171427647272746. Time per epoch: 4.528099517027537 minutes
Loss: 0.5146989623705546. Dice score in the validation set (synthetic): 0.9790311257044474. (real eval): 0.2643810361623764. Time per epoch: 4.511338233947754 minutes
Loss: 0.5124191688994567. Dice score in the validation set (synthetic): 0.9799893915653228. (real eval): 0.2883143226305644. Time per epoch: 4.4883857329686485 minutes
Loss: 0.5117688812315464. Dice score in the validation set (synthetic): 0.9780403514703114. (real eval): 0.27362164855003357. Time per epoch: 4.531836740175883 minutes
Loss: 0.5113229264815649. Dice score in the validation set (synthetic): 0.9783353269100189. (real eval): 0.2793373167514801. Time per epoch: 4.511374731858571 minutes
Loss: 0.511982032408317. Dice score in the validation set (synthetic): 0.9789122362931569. (real eval): 0.2710358301798503. Time per epoch: 4.5626957535743715 minutes
Loss: 0.5133622912069161. Dice score in the validation set (synthetic): 0.9787239909172059. (real eval): 0.2785108685493469. Time per epoch: 4.49406039317449 minutes
Loss: 0.5146139174699783. Dice score in the validation set (synthetic): 0.9799457927544911. (real eval): 0.26927509903907776. Time per epoch: 4.495739797751109 minutes
Loss: 0.5135705510775248. Dice score in the validation set (synthetic): 0.9806990365187327. (real eval): 0.2695975949366887. Time per epoch: 4.514822133382162 minutes
Loss: 0.5126457380751769. Dice score in the validation set (synthetic): 0.9804896175861358. (real eval): 0.26962146659692127. Time per epoch: 4.5392738024393715 minutes
Loss: 0.5159611478447914. Dice score in the validation set (synthetic): 0.9789743006229401. (real eval): 0.26749855279922485. Time per epoch: 4.603069436550141 minutes
Loss: 0.5142971098423004. Dice score in the validation set (synthetic): 0.975656259059906. (real eval): 0.2845063308874766. Time per epoch: 4.548876635233561 minutes
Loss: 0.512558097889026. Dice score in the validation set (synthetic): 0.9796008924643199. (real eval): 0.27303822338581085. Time per epoch: 4.491843708356222 minutes
Loss: 0.5134024858474732. Dice score in the validation set (synthetic): 0.9797841370105743. (real eval): 0.2883221010367076. Time per epoch: 4.484889356295268 minutes
Loss: 0.5122156098484993. Dice score in the validation set (synthetic): 0.9812220931053162. (real eval): 0.2910720507303874. Time per epoch: 4.54636379480362 minutes
Loss: 0.5113267503678799. Dice score in the validation set (synthetic): 0.978387846549352. (real eval): 0.30258514483769733. Time per epoch: 4.48162145614624 minutes
Loss: 0.5121807952721914. Dice score in the validation set (synthetic): 0.979015835126241. (real eval): 0.3224997619787852. Time per epoch: 4.520287581284841 minutes
Loss: 0.5139374144375324. Dice score in the validation set (synthetic): 0.9815540293852488. (real eval): 0.2737067639827728. Time per epoch: 4.53620506922404 minutes
Loss: 0.5133027501404286. Dice score in the validation set (synthetic): 0.9783257802327474. (real eval): 0.3199257751305898. Time per epoch: 4.47641042470932 minutes
Loss: 0.5132361888885498. Dice score in the validation set (synthetic): 0.9802647391955058. (real eval): 0.3036246399084727. Time per epoch: 4.503256162007649 minutes
Loss: 0.5116581919292609. Dice score in the validation set (synthetic): 0.9817379713058472. (real eval): 0.28780603408813477. Time per epoch: 4.480508943398793 minutes
Loss: 0.5127057219545047. Dice score in the validation set (synthetic): 0.9799740195274353. (real eval): 0.33396371205647785. Time per epoch: 4.540227440992991 minutes
Loss: 0.5125481476386388. Dice score in the validation set (synthetic): 0.9757868945598602. (real eval): 0.3538302779197693. Time per epoch: 4.497733318805695 minutes
Loss: 0.5115198490520318. Dice score in the validation set (synthetic): 0.9811799069245656. (real eval): 0.34408584237098694. Time per epoch: 4.512275950113932 minutes
Loss: 0.5123827941715717. Dice score in the validation set (synthetic): 0.9810433586438497. (real eval): 0.28525592883427936. Time per epoch: 4.501538789272308 minutes
Loss: 0.5116436665256818. Dice score in the validation set (synthetic): 0.9799324731032054. (real eval): 0.3369278113047282. Time per epoch: 4.5004107594490055 minutes
Loss: 0.5109921942154566. Dice score in the validation set (synthetic): 0.9809725066026052. (real eval): 0.31027523676554364. Time per epoch: 4.508255910873413 minutes
Loss: 0.5141175645093123. Dice score in the validation set (synthetic): 0.9813104569911957. (real eval): 0.31109829743703205. Time per epoch: 4.500484832127889 minutes
Loss: 0.5125193456808727. Dice score in the validation set (synthetic): 0.9810333987077077. (real eval): 0.31525323788324994. Time per epoch: 4.565570592880249 minutes
Loss: 0.5126674517989158. Dice score in the validation set (synthetic): 0.9802749832471211. (real eval): 0.31849997242291767. Time per epoch: 4.475804762045542 minutes
Loss: 0.512140208731095. Dice score in the validation set (synthetic): 0.9805140693982443. (real eval): 0.3207469681898753. Time per epoch: 4.553769393761953 minutes
Loss: 0.512124735613664. Dice score in the validation set (synthetic): 0.9813912848631541. (real eval): 0.325864315032959. Time per epoch: 4.569384837150574 minutes
Loss: 0.5115605297187964. Dice score in the validation set (synthetic): 0.9825351615746816. (real eval): 0.2934624254703522. Time per epoch: 4.581467473506928 minutes
Loss: 0.513544816772143. Dice score in the validation set (synthetic): 0.9788523217042288. (real eval): 0.42154818773269653. Time per epoch: 4.5424725612004595 minutes
Loss: 0.514213810612758. Dice score in the validation set (synthetic): 0.9800036629041036. (real eval): 0.36160875360171. Time per epoch: 4.490226372083028 minutes
Loss: 0.5111531540751457. Dice score in the validation set (synthetic): 0.9808233658472697. (real eval): 0.37124834458033246. Time per epoch: 4.48096866607666 minutes
Loss: 0.5122815032800039. Dice score in the validation set (synthetic): 0.9816597064336141. (real eval): 0.36728453636169434. Time per epoch: 4.572207641601563 minutes
Loss: 0.5128905192017555. Dice score in the validation set (synthetic): 0.9810681780179341. (real eval): 0.354280024766922. Time per epoch: 4.535757712523142 minutes
Loss: 0.5128638299802939. Dice score in the validation set (synthetic): 0.9800928135712942. (real eval): 0.36683688561121625. Time per epoch: 4.508681110541025 minutes
Loss: 0.512321142355601. Dice score in the validation set (synthetic): 0.9780388553937276. (real eval): 0.4214026431242625. Time per epoch: 4.523733401298523 minutes
Loss: 0.5120114117860795. Dice score in the validation set (synthetic): 0.9801095863183339. (real eval): 0.3753104905287425. Time per epoch: 4.540799927711487 minutes
Loss: 0.5116136538485686. Dice score in the validation set (synthetic): 0.9818917195002238. (real eval): 0.38698333501815796. Time per epoch: 4.498257688681284 minutes
Loss: 0.5106837719678878. Dice score in the validation set (synthetic): 0.9805209537347158. (real eval): 0.38550107677777606. Time per epoch: 4.511073275407155 minutes
Loss: 0.5115784967939059. Dice score in the validation set (synthetic): 0.9814192275206248. (real eval): 0.36353803674379986. Time per epoch: 4.531294818719228 minutes
Loss: 0.5117716036736966. Dice score in the validation set (synthetic): 0.9810203572114309. (real eval): 0.3779435058434804. Time per epoch: 4.5025099833806355 minutes
Loss: 0.5116610946754615. Dice score in the validation set (synthetic): 0.9820987522602082. (real eval): 0.3746241231759389. Time per epoch: 4.509073332945506 minutes
Loss: 0.512094338486592. Dice score in the validation set (synthetic): 0.9815396368503571. (real eval): 0.4014141460259755. Time per epoch: 4.5135849157969155 minutes
slurmstepd: error: *** JOB 620846 ON gpunode-1-10 CANCELLED AT 2024-02-27T10:26:15 ***
