All file names are correct
Val split on training active
Number of samples is 320
Loss: 1.2038198929280042. Dice score in the validation set (synthetic): 0.6133757945150137. (real eval): 0.38072508573532104. Time per epoch: 11.99720317920049 minutes
Loss: 0.7457469023764134. Dice score in the validation set (synthetic): 0.8562679551541805. (real eval): 0.3312716782093048. Time per epoch: 11.812168808778127 minutes
Loss: 0.6027040470391511. Dice score in the validation set (synthetic): 0.9060137927532196. (real eval): 0.47489070892333984. Time per epoch: 11.732550736268362 minutes
Loss: 0.5609623732045292. Dice score in the validation set (synthetic): 0.9374293878674507. (real eval): 0.6041032671928406. Time per epoch: 11.749052317937215 minutes
Loss: 0.5500293809920549. Dice score in the validation set (synthetic): 0.9308255024254322. (real eval): 0.5886157155036926. Time per epoch: 11.764666132132213 minutes
Loss: 0.539956037607044. Dice score in the validation set (synthetic): 0.9476806372404099. (real eval): 0.548423707485199. Time per epoch: 11.766416351000467 minutes
Loss: 0.5435831579379737. Dice score in the validation set (synthetic): 0.9461192771792412. (real eval): 0.8213750123977661. Time per epoch: 11.737122813860575 minutes
Loss: 0.5287939376197756. Dice score in the validation set (synthetic): 0.9518834248185157. (real eval): 0.8463436365127563. Time per epoch: 11.794646954536438 minutes
Loss: 0.5276396122761071. Dice score in the validation set (synthetic): 0.9508955605328083. (real eval): 0.830399751663208. Time per epoch: 11.790740466117859 minutes
Loss: 0.5245484609156847. Dice score in the validation set (synthetic): 0.9489914365112782. (real eval): 0.8406178951263428. Time per epoch: 11.791805390516917 minutes
Loss: 0.5284304243512452. Dice score in the validation set (synthetic): 0.9595306865870953. (real eval): 0.8635239601135254. Time per epoch: 11.805169872442882 minutes
Loss: 0.5210511110723018. Dice score in the validation set (synthetic): 0.9595999598503113. (real eval): 0.8765373229980469. Time per epoch: 11.81525326569875 minutes
Loss: 0.521702787745744. Dice score in the validation set (synthetic): 0.9549320682883262. (real eval): 0.8539853096008301. Time per epoch: 11.897437592347464 minutes
Loss: 0.5202392004430294. Dice score in the validation set (synthetic): 0.9455216623842716. (real eval): 0.7981600761413574. Time per epoch: 11.848506673177083 minutes
Loss: 0.5194604043848813. Dice score in the validation set (synthetic): 0.9556701213121415. (real eval): 0.8502899408340454. Time per epoch: 11.837761807441712 minutes
Loss: 0.527844421286136. Dice score in the validation set (synthetic): 0.950714249163866. (real eval): 0.7863650918006897. Time per epoch: 11.807162169615427 minutes
Loss: 0.520399179123342. Dice score in the validation set (synthetic): 0.9619898922741413. (real eval): 0.8497127294540405. Time per epoch: 11.802063536643981 minutes
Loss: 0.5183990312740206. Dice score in the validation set (synthetic): 0.959410858899355. (real eval): 0.8347240090370178. Time per epoch: 11.778148563702901 minutes
Loss: 0.5179633324965834. Dice score in the validation set (synthetic): 0.9634935848414898. (real eval): 0.851338267326355. Time per epoch: 11.817357575893402 minutes
Loss: 0.517058361042291. Dice score in the validation set (synthetic): 0.9563924938440322. (real eval): 0.8696271181106567. Time per epoch: 11.824185268084209 minutes
Loss: 0.5167444999329746. Dice score in the validation set (synthetic): 0.9630321964621544. (real eval): 0.884995698928833. Time per epoch: 11.822962566216786 minutes
Loss: 0.5190547263249755. Dice score in the validation set (synthetic): 0.9565905719995499. (real eval): 0.8120055794715881. Time per epoch: 11.780187785625458 minutes
Loss: 0.5178035436198115. Dice score in the validation set (synthetic): 0.9686583705246449. (real eval): 0.8701860904693604. Time per epoch: 11.777225275834402 minutes
Loss: 0.5220137564465404. Dice score in the validation set (synthetic): 0.9624751813709735. (real eval): 0.8059259653091431. Time per epoch: 11.784316953023275 minutes
Loss: 0.51543969232589. Dice score in the validation set (synthetic): 0.9647978156805038. (real eval): 0.863365113735199. Time per epoch: 11.77065554857254 minutes
Loss: 0.51736078299582. Dice score in the validation set (synthetic): 0.9637330219149589. (real eval): 0.8680440783500671. Time per epoch: 11.922670936584472 minutes
Loss: 0.5238762398250401. Dice score in the validation set (synthetic): 0.9566301099956036. (real eval): 0.9174491167068481. Time per epoch: 11.884647941589355 minutes
Loss: 0.5172187197953463. Dice score in the validation set (synthetic): 0.9648856289684773. (real eval): 0.9059799313545227. Time per epoch: 11.808157591025035 minutes
Loss: 0.5158824853599071. Dice score in the validation set (synthetic): 0.9676588952541352. (real eval): 0.8899012804031372. Time per epoch: 11.806290888786316 minutes
Loss: 0.5163238337263465. Dice score in the validation set (synthetic): 0.9636613160371781. (real eval): 0.8841717839241028. Time per epoch: 11.899966045220692 minutes
Loss: 0.5166026845574379. Dice score in the validation set (synthetic): 0.9692731544375419. (real eval): 0.8491779565811157. Time per epoch: 11.7964137951533 minutes
Loss: 0.515010760165751. Dice score in the validation set (synthetic): 0.9642329007387161. (real eval): 0.8595840334892273. Time per epoch: 11.779424285888672 minutes
Loss: 0.5149523520842194. Dice score in the validation set (synthetic): 0.9701208412647248. (real eval): 0.861430823802948. Time per epoch: 11.779228421052297 minutes
Loss: 0.5145220338366926. Dice score in the validation set (synthetic): 0.9699081532657147. (real eval): 0.8666281700134277. Time per epoch: 11.803745313485463 minutes
Loss: 0.5150297528132797. Dice score in the validation set (synthetic): 0.9693867206573487. (real eval): 0.8666875958442688. Time per epoch: 11.789093891779581 minutes
Loss: 0.5136542808264494. Dice score in the validation set (synthetic): 0.9708662018179893. (real eval): 0.8665774464607239. Time per epoch: 11.794695993264517 minutes
Loss: 0.5143088837154209. Dice score in the validation set (synthetic): 0.9659303784370422. (real eval): 0.8381281495094299. Time per epoch: 11.81031728585561 minutes
Loss: 0.514532299246639. Dice score in the validation set (synthetic): 0.9689651727676392. (real eval): 0.8387763500213623. Time per epoch: 11.947025958697001 minutes
Loss: 0.5139164759777486. Dice score in the validation set (synthetic): 0.9711637251079083. (real eval): 0.8120328187942505. Time per epoch: 11.805460755030314 minutes
Loss: 0.515102986805141. Dice score in the validation set (synthetic): 0.9729196317493916. (real eval): 0.8050230741500854. Time per epoch: 11.805130418141683 minutes
Loss: 0.5138907683081925. Dice score in the validation set (synthetic): 0.971514118462801. (real eval): 0.897883951663971. Time per epoch: 11.754277567068735 minutes
Loss: 0.5130293095484376. Dice score in the validation set (synthetic): 0.9763320095837116. (real eval): 0.8786957263946533. Time per epoch: 11.790341957410176 minutes
Loss: 0.5130569185130298. Dice score in the validation set (synthetic): 0.9752930402755737. (real eval): 0.8763377070426941. Time per epoch: 11.935514970620472 minutes
Loss: 0.5143088984303177. Dice score in the validation set (synthetic): 0.9657842963933945. (real eval): 0.9031895399093628. Time per epoch: 11.79875300725301 minutes
Loss: 0.515804841183126. Dice score in the validation set (synthetic): 0.9727880120277405. (real eval): 0.8887509107589722. Time per epoch: 11.737419879436493 minutes
Loss: 0.5122152457013727. Dice score in the validation set (synthetic): 0.9747138909995556. (real eval): 0.8700945377349854. Time per epoch: 11.72911732196808 minutes
Loss: 0.5206786160357296. Dice score in the validation set (synthetic): 0.9604009039700031. (real eval): 0.8576401472091675. Time per epoch: 11.708037984371185 minutes
Loss: 0.5159660671837628. Dice score in the validation set (synthetic): 0.9704461991786957. (real eval): 0.896288275718689. Time per epoch: 11.770324504375457 minutes
Loss: 0.5144296395592391. Dice score in the validation set (synthetic): 0.9758810207247735. (real eval): 0.8815977573394775. Time per epoch: 11.944062046209972 minutes
Loss: 0.5129310217685997. Dice score in the validation set (synthetic): 0.9746580973267556. (real eval): 0.8922983407974243. Time per epoch: 11.82294557094574 minutes
Loss: 0.5128913032822311. Dice score in the validation set (synthetic): 0.9750947713851928. (real eval): 0.8962162733078003. Time per epoch: 11.793603734175365 minutes
Loss: 0.5122598788700998. Dice score in the validation set (synthetic): 0.9728097766637802. (real eval): 0.8845388889312744. Time per epoch: 11.803307660420735 minutes
Loss: 0.5146361893042922. Dice score in the validation set (synthetic): 0.9757366843521595. (real eval): 0.8696650862693787. Time per epoch: 11.807334053516389 minutes
Loss: 0.5109732482582331. Dice score in the validation set (synthetic): 0.976268970221281. (real eval): 0.8603829145431519. Time per epoch: 11.79292290210724 minutes
Loss: 0.5113023242913186. Dice score in the validation set (synthetic): 0.972710745036602. (real eval): 0.8684365749359131. Time per epoch: 11.749925061066945 minutes
Loss: 0.5109472631476819. Dice score in the validation set (synthetic): 0.9766738206148148. (real eval): 0.8534881472587585. Time per epoch: 11.74038885831833 minutes
Loss: 0.5113130216486752. Dice score in the validation set (synthetic): 0.9756875865161418. (real eval): 0.8467892408370972. Time per epoch: 11.748628441492716 minutes
Loss: 0.5111067621037364. Dice score in the validation set (synthetic): 0.9763067945837974. (real eval): 0.8590822219848633. Time per epoch: 11.818324697017669 minutes
Loss: 0.5125054564327002. Dice score in the validation set (synthetic): 0.975904717296362. (real eval): 0.8717674016952515. Time per epoch: 11.74617758989334 minutes
Loss: 0.5125116895884275. Dice score in the validation set (synthetic): 0.9774942241609097. (real eval): 0.8885250687599182. Time per epoch: 11.820937061309815 minutes
Loss: 0.5120046212337911. Dice score in the validation set (synthetic): 0.9777338966727257. (real eval): 0.8658049702644348. Time per epoch: 11.774584980805715 minutes
Loss: 0.5107635471969842. Dice score in the validation set (synthetic): 0.977571439743042. (real eval): 0.8767428398132324. Time per epoch: 11.772779067357382 minutes
Loss: 0.5107949594967067. Dice score in the validation set (synthetic): 0.9789143174886703. (real eval): 0.8670010566711426. Time per epoch: 11.803985381126404 minutes
Loss: 0.5150809192098678. Dice score in the validation set (synthetic): 0.9701606668531895. (real eval): 0.8810058832168579. Time per epoch: 11.807920849323272 minutes
Loss: 0.5140691158361733. Dice score in the validation set (synthetic): 0.9767945058643818. (real eval): 0.8880807161331177. Time per epoch: 11.759311592578888 minutes
Loss: 0.5113927251659334. Dice score in the validation set (synthetic): 0.9792535841464997. (real eval): 0.9031931161880493. Time per epoch: 11.741465997695922 minutes
Loss: 0.511841903720051. Dice score in the validation set (synthetic): 0.9779317572712898. (real eval): 0.8977888226509094. Time per epoch: 11.782479139169057 minutes
Loss: 0.5110359653830528. Dice score in the validation set (synthetic): 0.977004811912775. (real eval): 0.8823875188827515. Time per epoch: 11.846350224812825 minutes
Loss: 0.5112264619208873. Dice score in the validation set (synthetic): 0.9769568875432014. (real eval): 0.8775831460952759. Time per epoch: 11.776957102616628 minutes
Loss: 0.5101441753096878. Dice score in the validation set (synthetic): 0.977347182482481. (real eval): 0.898330807685852. Time per epoch: 11.770326133569082 minutes
Loss: 0.511332800425589. Dice score in the validation set (synthetic): 0.9762929461896419. (real eval): 0.8502438068389893. Time per epoch: 11.762371921539307 minutes
Loss: 0.5109979123808444. Dice score in the validation set (synthetic): 0.9765576533973217. (real eval): 0.8837130069732666. Time per epoch: 11.788146964708965 minutes
Loss: 0.5090946019627154. Dice score in the validation set (synthetic): 0.9753430776298047. (real eval): 0.8835735321044922. Time per epoch: 11.81362338066101 minutes
Loss: 0.5098877619020641. Dice score in the validation set (synthetic): 0.976745554804802. (real eval): 0.890895664691925. Time per epoch: 11.794115964571635 minutes
Loss: 0.5107614003121853. Dice score in the validation set (synthetic): 0.978007634729147. (real eval): 0.8785071969032288. Time per epoch: 11.773354736963908 minutes
Loss: 0.5122864425182343. Dice score in the validation set (synthetic): 0.9627798311412334. (real eval): 0.8377275466918945. Time per epoch: 11.772204311688741 minutes
Loss: 0.5168153939768672. Dice score in the validation set (synthetic): 0.9755053743720055. (real eval): 0.894498348236084. Time per epoch: 11.75063392718633 minutes
Loss: 0.512451886292547. Dice score in the validation set (synthetic): 0.9753406494855881. (real eval): 0.8985210657119751. Time per epoch: 11.813569978872936 minutes
Loss: 0.510321881249547. Dice score in the validation set (synthetic): 0.976178576797247. (real eval): 0.8865396976470947. Time per epoch: 11.789949389298757 minutes
Loss: 0.5108706089667976. Dice score in the validation set (synthetic): 0.9782072223722935. (real eval): 0.8838068842887878. Time per epoch: 11.772403355439504 minutes
Loss: 0.5098452384583652. Dice score in the validation set (synthetic): 0.9794023729860782. (real eval): 0.8803095817565918. Time per epoch: 11.820336278279623 minutes
Loss: 0.511278448626399. Dice score in the validation set (synthetic): 0.9804999515414238. (real eval): 0.8908960819244385. Time per epoch: 11.751103440920511 minutes
Loss: 0.5096334112808109. Dice score in the validation set (synthetic): 0.9792199842631817. (real eval): 0.8948990702629089. Time per epoch: 11.875590988000233 minutes
Loss: 0.5109870505519212. Dice score in the validation set (synthetic): 0.9777966514229774. (real eval): 0.8979459404945374. Time per epoch: 11.759018743038178 minutes
Loss: 0.5103732570074498. Dice score in the validation set (synthetic): 0.9769085571169853. (real eval): 0.9038580656051636. Time per epoch: 11.760651803016662 minutes
Loss: 0.5119528848677873. Dice score in the validation set (synthetic): 0.9781613677740097. (real eval): 0.9065790176391602. Time per epoch: 11.732291622956593 minutes
Loss: 0.5102606392465532. Dice score in the validation set (synthetic): 0.9779027208685875. (real eval): 0.8846789598464966. Time per epoch: 11.709411597251892 minutes
Loss: 0.5104089869186282. Dice score in the validation set (synthetic): 0.9791303336620331. (real eval): 0.8979916572570801. Time per epoch: 11.801913026968638 minutes
Loss: 0.5090314532630146. Dice score in the validation set (synthetic): 0.9770468652248383. (real eval): 0.8978572487831116. Time per epoch: 11.741708548863729 minutes
Loss: 0.5098679920658469. Dice score in the validation set (synthetic): 0.9784951329231262. (real eval): 0.874647319316864. Time per epoch: 11.720694136619567 minutes
Loss: 0.51024613333866. Dice score in the validation set (synthetic): 0.9787646524608136. (real eval): 0.8931832313537598. Time per epoch: 11.73716118335724 minutes
slurmstepd: error: *** JOB 619985 ON gpunode-1-13 CANCELLED AT 2024-02-26T08:29:55 ***
